Site:	 GONA01
Lat:	 -23.59999
Lon:	 15.119215
Alt:	 510.0

Year:	2024	2024	2024	2024	2024	2024	2024	2024	2024	2024	2024	2024	2024
DOY(U):	299	299	299	299	299	299	299	299	299	299	299	299	299
UTC:	08:00	08:30	09:00	09:30	10:00	10:30	11:00	11:30	12:00	12:30	13:00	13:30	14:00
DOY(L):	299	299	299	299	299	299	299	299	299	299	299	299	299
Local:	09:00	09:30	10:00	10:30	11:00	11:30	12:00	12:30	13:00	13:30	14:00	14:30	15:00
P:	955.87	955.49	955.11	954.73	954.38	954.03	953.68	953.33	952.99	952.71	952.44	952.17	951.90
T:	296.7	298.7	300.7	302.2	303.4	304.4	305.4	307.0	307.8	307.4	308.0	308.8	309.0
WV:	1.26	1.22	1.21	1.20	1.17	1.19	1.19	1.22	1.20	1.20	1.19	1.21	1.22
O3:	293.87	293.74	293.60	293.47	293.34	293.21	293.08	292.94	292.81	292.92	293.03	293.14	293.24
AOD:	0.101	0.092	0.092	0.089	0.087	0.090	0.092	0.093	0.086	0.081	0.080	0.079	0.075
Ang:	0.500	0.526	0.552	0.578	0.604	0.630	0.618	0.638	0.665	0.692	0.719	0.745	0.772
Type:	R	R	R	R	R	R	R	R	R	R	R	R	R
Zen:	40.3450	33.6019	27.0196	20.7694	15.2822	11.7010	11.9006	15.7372	21.3267	27.6182	34.2184	40.9689	47.7950
Azi:	81.0930	76.3064	69.8903	60.3625	44.4460	16.5475	-19.850	-46.458	-61.565	-70.705	-76.927	-81.608	-85.418
esd:	0.99345	0.99344	0.99344	0.99343	0.99343	0.99342	0.99342	0.99341	0.99341	0.99340	0.99339	0.99339	0.99338



400	0.2060	0.2029	0.2017	0.2013	0.2015	0.2023	0.2023	0.2018	0.2012	0.2014	0.2028	0.2056	0.2104
410	0.2004	0.1976	0.1966	0.1964	0.1967	0.1976	0.1976	0.1969	0.1963	0.1963	0.1974	0.1999	0.2044
420	0.1968	0.1943	0.1935	0.1935	0.1940	0.1950	0.1950	0.1941	0.1934	0.1932	0.1941	0.1963	0.2003
430	0.1951	0.1930	0.1925	0.1926	0.1933	0.1944	0.1944	0.1934	0.1925	0.1921	0.1927	0.1946	0.1982
440	0.1947	0.1929	0.1926	0.1930	0.1938	0.1951	0.1951	0.1940	0.1929	0.1923	0.1927	0.1942	0.1974
450	0.1950	0.1935	0.1935	0.1940	0.1950	0.1964	0.1964	0.1951	0.1939	0.1932	0.1933	0.1946	0.1974
460	0.1953	0.1941	0.1941	0.1949	0.1960	0.1975	0.1975	0.1961	0.1947	0.1939	0.1938	0.1948	0.1973
470	0.1947	0.1938	0.1941	0.1949	0.1963	0.1978	0.1978	0.1962	0.1947	0.1938	0.1936	0.1943	0.1964
480	0.1943	0.1937	0.1941	0.1951	0.1965	0.1982	0.1982	0.1965	0.1949	0.1938	0.1934	0.1939	0.1957
490	0.1974	0.1970	0.1975	0.1987	0.2002	0.2020	0.2019	0.2002	0.1985	0.1972	0.1967	0.1971	0.1987
500	0.1991	0.1989	0.1997	0.2010	0.2027	0.2046	0.2045	0.2026	0.2008	0.1995	0.1987	0.1988	0.2001
510	0.2016	0.2017	0.2027	0.2041	0.2061	0.2081	0.2079	0.2060	0.2040	0.2024	0.2015	0.2013	0.2023
520	0.2061	0.2064	0.2076	0.2093	0.2113	0.2134	0.2133	0.2112	0.2091	0.2073	0.2063	0.2059	0.2065
530	0.2091	0.2098	0.2112	0.2131	0.2154	0.2175	0.2175	0.2151	0.2128	0.2109	0.2096	0.2089	0.2091
540	0.2151	0.2160	0.2177	0.2198	0.2222	0.2245	0.2244	0.2220	0.2195	0.2174	0.2159	0.2149	0.2148
550	0.2233	0.2246	0.2265	0.2287	0.2313	0.2338	0.2336	0.2311	0.2284	0.2262	0.2244	0.2232	0.2227
560	0.2323	0.2339	0.2360	0.2386	0.2414	0.2439	0.2438	0.2411	0.2383	0.2359	0.2338	0.2323	0.2314
570	0.2378	0.2400	0.2425	0.2453	0.2483	0.2509	0.2507	0.2479	0.2450	0.2423	0.2399	0.2379	0.2364
580	0.2492	0.2517	0.2543	0.2573	0.2604	0.2632	0.2629	0.2600	0.2570	0.2542	0.2517	0.2494	0.2477
590	0.2568	0.2598	0.2626	0.2658	0.2692	0.2719	0.2717	0.2685	0.2655	0.2626	0.2599	0.2573	0.2552
600	0.2693	0.2723	0.2752	0.2784	0.2819	0.2848	0.2846	0.2814	0.2782	0.2752	0.2724	0.2697	0.2675
610	0.2830	0.2858	0.2887	0.2920	0.2955	0.2985	0.2983	0.2950	0.2917	0.2887	0.2858	0.2833	0.2813
620	0.2909	0.2937	0.2967	0.3001	0.3037	0.3068	0.3065	0.3031	0.2997	0.2967	0.2938	0.2913	0.2893
630	0.2922	0.2953	0.2985	0.3020	0.3057	0.3089	0.3087	0.3052	0.3017	0.2985	0.2955	0.2927	0.2904
640	0.3069	0.3097	0.3128	0.3163	0.3200	0.3234	0.3231	0.3195	0.3160	0.3128	0.3099	0.3074	0.3056
650	0.3099	0.3131	0.3163	0.3199	0.3239	0.3273	0.3269	0.3231	0.3196	0.3163	0.3134	0.3108	0.3088
660	0.3227	0.3256	0.3286	0.3322	0.3362	0.3397	0.3394	0.3356	0.3319	0.3287	0.3259	0.3234	0.3219
670	0.3332	0.3359	0.3389	0.3424	0.3464	0.3501	0.3497	0.3459	0.3422	0.3389	0.3361	0.3339	0.3326
680	0.3340	0.3368	0.3398	0.3435	0.3475	0.3512	0.3509	0.3470	0.3432	0.3399	0.3370	0.3348	0.3334
690	0.3026	0.3064	0.3100	0.3139	0.3181	0.3215	0.3212	0.3173	0.3136	0.3101	0.3068	0.3036	0.3010
700	0.3292	0.3332	0.3368	0.3408	0.3454	0.3489	0.3486	0.3442	0.3405	0.3369	0.3338	0.3307	0.3283
710	0.3407	0.3445	0.3479	0.3519	0.3565	0.3601	0.3598	0.3554	0.3516	0.3481	0.3450	0.3421	0.3401
720	0.2964	0.3020	0.3062	0.3106	0.3158	0.3187	0.3184	0.3137	0.3104	0.3067	0.3032	0.2990	0.2953
730	0.3077	0.3133	0.3175	0.3221	0.3274	0.3304	0.3300	0.3252	0.3218	0.3181	0.3146	0.3103	0.3067
740	0.3546	0.3584	0.3619	0.3660	0.3708	0.3746	0.3742	0.3697	0.3658	0.3622	0.3590	0.3561	0.3542
750	0.3694	0.3725	0.3757	0.3795	0.3840	0.3880	0.3876	0.3834	0.3794	0.3759	0.3729	0.3706	0.3694
760	0.2510	0.2548	0.2583	0.2619	0.2655	0.2685	0.2682	0.2650	0.2617	0.2585	0.2552	0.2519	0.2490
770	0.3242	0.3278	0.3312	0.3351	0.3393	0.3428	0.3425	0.3387	0.3349	0.3314	0.3282	0.3254	0.3232
780	0.3756	0.3787	0.3818	0.3856	0.3900	0.3939	0.3936	0.3894	0.3854	0.3820	0.3792	0.3770	0.3760
790	0.3675	0.3710	0.3744	0.3784	0.3830	0.3867	0.3864	0.3820	0.3782	0.3747	0.3718	0.3692	0.3677
800	0.3644	0.3682	0.3716	0.3756	0.3803	0.3840	0.3837	0.3792	0.3755	0.3720	0.3691	0.3664	0.3647
810	0.3434	0.3480	0.3517	0.3560	0.3609	0.3642	0.3639	0.3593	0.3558	0.3523	0.3492	0.3460	0.3435
820	0.3006	0.3065	0.3108	0.3152	0.3204	0.3232	0.3229	0.3181	0.3151	0.3115	0.3082	0.3040	0.3004
830	0.3236	0.3286	0.3325	0.3368	0.3418	0.3450	0.3447	0.3399	0.3367	0.3333	0.3301	0.3266	0.3237
840	0.3595	0.3632	0.3664	0.3704	0.3751	0.3787	0.3784	0.3739	0.3702	0.3670	0.3642	0.3617	0.3604
850	0.3709	0.3739	0.3768	0.3806	0.3849	0.3888	0.3884	0.3841	0.3804	0.3773	0.3747	0.3728	0.3722
860	0.3725	0.3752	0.3780	0.3817	0.3859	0.3898	0.3894	0.3853	0.3815	0.3784	0.3759	0.3743	0.3739
870	0.3726	0.3750	0.3778	0.3814	0.3856	0.3895	0.3891	0.3850	0.3813	0.3783	0.3759	0.3743	0.3741
880	0.3695	0.3721	0.3749	0.3785	0.3828	0.3866	0.3863	0.3821	0.3784	0.3754	0.3729	0.3714	0.3711
890	0.3498	0.3533	0.3564	0.3603	0.3648	0.3684	0.3680	0.3637	0.3601	0.3570	0.3544	0.3522	0.3511
900	0.2807	0.2865	0.2906	0.2949	0.3001	0.3027	0.3023	0.2977	0.2949	0.2915	0.2885	0.2844	0.2810
910	0.2650	0.2715	0.2758	0.2804	0.2857	0.2881	0.2878	0.2829	0.2803	0.2769	0.2737	0.2690	0.2650
920	0.2769	0.2832	0.2876	0.2921	0.2976	0.3001	0.2998	0.2948	0.2921	0.2886	0.2854	0.2809	0.2770
930	0.1793	0.1863	0.1907	0.1949	0.2000	0.2014	0.2011	0.1966	0.1949	0.1917	0.1886	0.1834	0.1784
940	0.1159	0.1233	0.1277	0.1317	0.1367	0.1373	0.1370	0.1329	0.1317	0.1287	0.1257	0.1200	0.1142
950	0.1326	0.1401	0.1447	0.1489	0.1540	0.1548	0.1545	0.1502	0.1489	0.1458	0.1426	0.1369	0.1311
960	0.1768	0.1845	0.1892	0.1937	0.1992	0.2004	0.2001	0.1955	0.1938	0.1904	0.1871	0.1814	0.1759
970	0.2634	0.2699	0.2743	0.2789	0.2843	0.2867	0.2863	0.2814	0.2789	0.2755	0.2722	0.2676	0.2635
980	0.3009	0.3065	0.3105	0.3149	0.3201	0.3230	0.3226	0.3178	0.3149	0.3116	0.3085	0.3047	0.3017
990	0.3520	0.3556	0.3587	0.3626	0.3672	0.3709	0.3704	0.3660	0.3626	0.3595	0.3569	0.3547	0.3537
1000	0.3637	0.3666	0.3695	0.3732	0.3776	0.3814	0.3810	0.3768	0.3732	0.3702	0.3678	0.3660	0.3656
1010	0.3656	0.3686	0.3714	0.3751	0.3795	0.3833	0.3829	0.3787	0.3751	0.3721	0.3697	0.3680	0.3677
1020	0.3684	0.3713	0.3741	0.3777	0.3821	0.3859	0.3855	0.3813	0.3777	0.3748	0.3724	0.3708	0.3705
1030	0.3708	0.3736	0.3763	0.3800	0.3843	0.3882	0.3877	0.3836	0.3800	0.3771	0.3747	0.3732	0.3730
1040	0.3730	0.3757	0.3784	0.3821	0.3863	0.3902	0.3898	0.3857	0.3821	0.3791	0.3768	0.3753	0.3751
1050	0.3723	0.3751	0.3779	0.3817	0.3859	0.3898	0.3894	0.3853	0.3816	0.3787	0.3763	0.3747	0.3744
1060	0.3671	0.3702	0.3732	0.3770	0.3814	0.3852	0.3848	0.3807	0.3770	0.3740	0.3714	0.3695	0.3686
1070	0.3667	0.3700	0.3731	0.3769	0.3814	0.3851	0.3847	0.3805	0.3770	0.3739	0.3712	0.3692	0.3682
1080	0.3666	0.3702	0.3733	0.3772	0.3818	0.3854	0.3850	0.3807	0.3772	0.3742	0.3716	0.3695	0.3685
1090	0.3536	0.3580	0.3615	0.3656	0.3705	0.3739	0.3735	0.3690	0.3657	0.3626	0.3598	0.3571	0.3553
1100	0.3075	0.3140	0.3185	0.3232	0.3288	0.3315	0.3311	0.3261	0.3233	0.3198	0.3166	0.3121	0.3083
1110	0.2278	0.2355	0.2403	0.2451	0.2507	0.2524	0.2521	0.2472	0.2452	0.2418	0.2384	0.2329	0.2277
1120	0.0910	0.0978	0.1018	0.1054	0.1098	0.1101	0.1099	0.1062	0.1054	0.1028	0.1001	0.0948	0.0893
1130	0.0764	0.0831	0.0871	0.0907	0.0950	0.0951	0.0949	0.0913	0.0906	0.0880	0.0853	0.0800	0.0745
1140	0.1191	0.1272	0.1321	0.1364	0.1417	0.1421	0.1419	0.1374	0.1364	0.1332	0.1300	0.1236	0.1171
1150	0.1240	0.1322	0.1370	0.1413	0.1466	0.1471	0.1468	0.1424	0.1414	0.1382	0.1350	0.1287	0.1222
1160	0.2255	0.2340	0.2393	0.2442	0.2501	0.2517	0.2513	0.2463	0.2444	0.2408	0.2373	0.2311	0.2251
1170	0.3071	0.3144	0.3191	0.3240	0.3298	0.3323	0.3318	0.3268	0.3243	0.3207	0.3173	0.3124	0.3080
1180	0.3196	0.3264	0.3309	0.3357	0.3413	0.3439	0.3434	0.3385	0.3359	0.3324	0.3292	0.3246	0.3206
1190	0.3350	0.3416	0.3461	0.3508	0.3564	0.3592	0.3587	0.3538	0.3511	0.3476	0.3444	0.3400	0.3363
1200	0.3423	0.3487	0.3531	0.3578	0.3632	0.3661	0.3656	0.3608	0.3580	0.3546	0.3514	0.3472	0.3436
1210	0.3557	0.3616	0.3658	0.3704	0.3757	0.3787	0.3783	0.3736	0.3707	0.3673	0.3642	0.3603	0.3572
1220	0.3787	0.3840	0.3880	0.3924	0.3975	0.4008	0.4003	0.3958	0.3926	0.3894	0.3863	0.3830	0.3805
1230	0.4008	0.4051	0.4086	0.4127	0.4175	0.4210	0.4205	0.4163	0.4129	0.4098	0.4071	0.4045	0.4030
1240	0.4129	0.4166	0.4198	0.4238	0.4282	0.4320	0.4315	0.4275	0.4240	0.4210	0.4184	0.4163	0.4154
1250	0.4061	0.4100	0.4135	0.4175	0.4220	0.4258	0.4254	0.4213	0.4178	0.4146	0.4118	0.4094	0.4079
1260	0.3645	0.3697	0.3740	0.3784	0.3830	0.3866	0.3863	0.3823	0.3787	0.3751	0.3714	0.3677	0.3642
1270	0.3334	0.3393	0.3440	0.3486	0.3532	0.3567	0.3563	0.3525	0.3489	0.3451	0.3410	0.3365	0.3320
1280	0.3954	0.4001	0.4038	0.4082	0.4128	0.4165	0.4160	0.4119	0.4084	0.4051	0.4020	0.3990	0.3967
1290	0.4054	0.4101	0.4138	0.4180	0.4229	0.4264	0.4259	0.4216	0.4183	0.4152	0.4124	0.4096	0.4078
1300	0.3768	0.3827	0.3869	0.3914	0.3967	0.3998	0.3993	0.3947	0.3918	0.3885	0.3855	0.3819	0.3791
1310	0.3318	0.3392	0.3441	0.3490	0.3548	0.3573	0.3568	0.3518	0.3494	0.3459	0.3425	0.3377	0.3333
1320	0.2883	0.2969	0.3022	0.3074	0.3136	0.3155	0.3150	0.3099	0.3078	0.3042	0.3005	0.2947	0.2890
1330	0.2096	0.2192	0.2249	0.2302	0.2365	0.2376	0.2372	0.2320	0.2305	0.2268	0.2231	0.2161	0.2090
1340	0.1562	0.1654	0.1708	0.1756	0.1815	0.1820	0.1817	0.1769	0.1759	0.1725	0.1689	0.1620	0.1550
1350	0.0319	0.0350	0.0369	0.0385	0.0405	0.0404	0.0404	0.0387	0.0385	0.0373	0.0361	0.0336	0.0311
1360	0.0011	0.0011	0.0011	0.0011	0.0012	0.0011	0.0012	0.0011	0.0011	0.0011	0.0011	0.0011	0.0011
1370	0.0011	0.0010	0.0010	0.0010	0.0010	0.0010	0.0010	0.0010	0.0010	0.0010	0.0010	0.0010	0.0010
1380	0.0011	0.0011	0.0011	0.0011	0.0011	0.0011	0.0011	0.0011	0.0011	0.0011	0.0010	0.0010	0.0011
1390	0.0013	0.0013	0.0013	0.0014	0.0014	0.0014	0.0014	0.0013	0.0013	0.0013	0.0012	0.0012	0.0012
1400	0.0016	0.0018	0.0019	0.0020	0.0021	0.0021	0.0021	0.0019	0.0019	0.0018	0.0017	0.0016	0.0015
1410	0.0047	0.0055	0.0059	0.0064	0.0069	0.0068	0.0068	0.0063	0.0063	0.0059	0.0056	0.0049	0.0043
1420	0.0138	0.0161	0.0175	0.0187	0.0202	0.0200	0.0200	0.0187	0.0186	0.0177	0.0167	0.0148	0.0130
1430	0.0305	0.0344	0.0367	0.0387	0.0412	0.0411	0.0410	0.0389	0.0387	0.0372	0.0356	0.0324	0.0292
1440	0.0334	0.0380	0.0408	0.0431	0.0461	0.0459	0.0458	0.0434	0.0431	0.0413	0.0394	0.0356	0.0318
1450	0.0671	0.0739	0.0779	0.0814	0.0857	0.0856	0.0854	0.0819	0.0814	0.0789	0.0763	0.0708	0.0652
1460	0.1112	0.1203	0.1256	0.1302	0.1359	0.1360	0.1357	0.1311	0.1303	0.1270	0.1236	0.1165	0.1091
1470	0.0796	0.0870	0.0913	0.0950	0.0997	0.0996	0.0994	0.0956	0.0951	0.0924	0.0895	0.0837	0.0776
1480	0.1149	0.1237	0.1288	0.1333	0.1387	0.1389	0.1387	0.1342	0.1334	0.1302	0.1268	0.1201	0.1130
1490	0.1993	0.2091	0.2149	0.2202	0.2265	0.2274	0.2270	0.2218	0.2205	0.2168	0.2130	0.2058	0.1985
1500	0.3005	0.3093	0.3147	0.3200	0.3262	0.3281	0.3276	0.3225	0.3205	0.3169	0.3133	0.3074	0.3018
1510	0.3528	0.3602	0.3651	0.3701	0.3759	0.3784	0.3779	0.3730	0.3706	0.3672	0.3639	0.3592	0.3549
1520	0.3942	0.4006	0.4050	0.4098	0.4153	0.4183	0.4178	0.4130	0.4103	0.4071	0.4039	0.4000	0.3969
1530	0.4237	0.4290	0.4329	0.4374	0.4424	0.4458	0.4453	0.4408	0.4378	0.4347	0.4319	0.4288	0.4267
1540	0.4388	0.4432	0.4468	0.4510	0.4557	0.4593	0.4588	0.4546	0.4514	0.4484	0.4458	0.4434	0.4420
1550	0.4510	0.4549	0.4582	0.4622	0.4668	0.4704	0.4699	0.4658	0.4627	0.4598	0.4574	0.4555	0.4548
1560	0.4550	0.4587	0.4618	0.4658	0.4703	0.4740	0.4735	0.4695	0.4663	0.4635	0.4611	0.4594	0.4589
1570	0.4209	0.4256	0.4294	0.4337	0.4383	0.4420	0.4415	0.4376	0.4341	0.4310	0.4278	0.4250	0.4228
1580	0.4213	0.4259	0.4298	0.4341	0.4386	0.4423	0.4418	0.4379	0.4345	0.4313	0.4282	0.4253	0.4232
1590	0.4547	0.4584	0.4616	0.4656	0.4701	0.4738	0.4733	0.4693	0.4660	0.4631	0.4607	0.4588	0.4582
1600	0.4258	0.4303	0.4341	0.4383	0.4429	0.4466	0.4461	0.4422	0.4388	0.4356	0.4325	0.4297	0.4277
1610	0.4213	0.4260	0.4298	0.4341	0.4387	0.4423	0.4419	0.4380	0.4345	0.4313	0.4281	0.4252	0.4229
1620	0.4553	0.4590	0.4622	0.4662	0.4707	0.4744	0.4739	0.4700	0.4666	0.4637	0.4612	0.4594	0.4586
1630	0.4581	0.4617	0.4649	0.4688	0.4732	0.4769	0.4765	0.4726	0.4691	0.4663	0.4638	0.4620	0.4614
1640	0.4476	0.4516	0.4550	0.4591	0.4636	0.4673	0.4668	0.4629	0.4594	0.4564	0.4537	0.4515	0.4503
1650	0.4441	0.4483	0.4517	0.4559	0.4604	0.4641	0.4636	0.4596	0.4562	0.4532	0.4504	0.4480	0.4465
1660	0.4484	0.4525	0.4559	0.4600	0.4645	0.4682	0.4677	0.4637	0.4603	0.4573	0.4546	0.4523	0.4511
1670	0.4471	0.4512	0.4547	0.4588	0.4633	0.4670	0.4665	0.4625	0.4591	0.4560	0.4533	0.4510	0.4497
1680	0.4541	0.4580	0.4613	0.4653	0.4698	0.4735	0.4730	0.4690	0.4656	0.4627	0.4601	0.4580	0.4571
1690	0.4459	0.4502	0.4537	0.4578	0.4625	0.4661	0.4657	0.4615	0.4582	0.4552	0.4525	0.4501	0.4487
1700	0.4381	0.4427	0.4463	0.4506	0.4554	0.4589	0.4584	0.4542	0.4510	0.4478	0.4450	0.4423	0.4404
1710	0.4283	0.4333	0.4371	0.4415	0.4464	0.4498	0.4493	0.4450	0.4418	0.4386	0.4357	0.4327	0.4306
1720	0.4181	0.4233	0.4272	0.4316	0.4366	0.4398	0.4393	0.4350	0.4320	0.4288	0.4258	0.4227	0.4204
1730	0.4047	0.4104	0.4146	0.4191	0.4243	0.4275	0.4269	0.4225	0.4195	0.4162	0.4131	0.4095	0.4065
1740	0.3859	0.3923	0.3967	0.4014	0.4067	0.4096	0.4091	0.4045	0.4017	0.3984	0.3952	0.3911	0.3876
1750	0.3774	0.3840	0.3885	0.3932	0.3987	0.4015	0.4010	0.3963	0.3935	0.3902	0.3870	0.3826	0.3789
1760	0.3590	0.3663	0.3711	0.3760	0.3817	0.3842	0.3837	0.3789	0.3763	0.3728	0.3695	0.3647	0.3603
1770	0.3073	0.3163	0.3219	0.3272	0.3335	0.3354	0.3350	0.3297	0.3276	0.3237	0.3200	0.3137	0.3076
1780	0.2361	0.2457	0.2515	0.2568	0.2631	0.2643	0.2640	0.2587	0.2571	0.2533	0.2495	0.2425	0.2354
1790	0.1742	0.1838	0.1895	0.1946	0.2007	0.2013	0.2010	0.1959	0.1948	0.1911	0.1875	0.1802	0.1727
1800	0.0731	0.0796	0.0834	0.0867	0.0908	0.0908	0.0906	0.0872	0.0867	0.0843	0.0818	0.0767	0.0713
1810	0.0235	0.0270	0.0291	0.0309	0.0332	0.0329	0.0329	0.0310	0.0308	0.0294	0.0280	0.0251	0.0221
1820	9998	9998	9998	9998	9998	9998	9998	9998	9998	9998	9998	9998	9998
1830	9998	9998	9998	9998	9998	9998	9998	9998	9998	9998	9998	9998	9998
1840	9998	9998	9998	9998	9998	9998	9998	9998	9998	9998	9998	9998	9998
1850	9998	9998	9998	9998	9998	9998	9998	9998	9998	9998	9998	9998	9998
1860	9998	9998	9998	9998	9998	9998	9998	9998	9998	9998	9998	9998	9998
1870	9998	9998	9998	9998	9998	9998	9998	9998	9998	9998	9998	9998	9998
1880	9998	9998	9998	9998	9998	9998	9998	9998	9998	9998	9998	9998	9998
1890	9998	9998	9998	9998	9998	9998	9998	9998	9998	9998	9998	9998	9998
1900	9998	9998	9998	9998	9998	9998	9998	9998	9998	9998	9998	9998	9998
1910	9998	9998	9998	9998	9998	9998	9998	9998	9998	9998	9998	9998	9998
1920	0.0018	0.0020	0.0021	0.0023	0.0025	0.0024	0.0024	0.0022	0.0022	0.0020	0.0019	0.0016	0.0014
1930	0.0039	0.0045	0.0049	0.0053	0.0058	0.0057	0.0057	0.0052	0.0052	0.0048	0.0045	0.0039	0.0033
1940	0.0136	0.0156	0.0169	0.0179	0.0194	0.0192	0.0192	0.0180	0.0178	0.0169	0.0160	0.0143	0.0125
1950	0.0262	0.0297	0.0319	0.0337	0.0360	0.0360	0.0359	0.0341	0.0337	0.0322	0.0305	0.0276	0.0244
1960	0.0402	0.0444	0.0471	0.0494	0.0520	0.0522	0.0521	0.0501	0.0494	0.0476	0.0454	0.0419	0.0380
1970	0.1298	0.1370	0.1417	0.1459	0.1503	0.1514	0.1511	0.1477	0.1460	0.1427	0.1391	0.1333	0.1269
1980	0.2231	0.2313	0.2366	0.2414	0.2470	0.2486	0.2483	0.2436	0.2415	0.2379	0.2342	0.2280	0.2217
1990	0.2582	0.2662	0.2714	0.2764	0.2821	0.2840	0.2836	0.2788	0.2765	0.2728	0.2691	0.2632	0.2573
2000	0.1038	0.1090	0.1126	0.1157	0.1187	0.1199	0.1197	0.1175	0.1158	0.1132	0.1102	0.1059	0.1010
2010	0.0506	0.0549	0.0581	0.0607	0.0628	0.0638	0.0637	0.0623	0.0607	0.0584	0.0553	0.0514	0.0467
2020	0.1181	0.1241	0.1285	0.1322	0.1355	0.1371	0.1368	0.1345	0.1323	0.1291	0.1253	0.1201	0.1140
2030	0.2898	0.2968	0.3019	0.3068	0.3117	0.3146	0.3142	0.3102	0.3070	0.3030	0.2987	0.2932	0.2873
2040	0.3360	0.3425	0.3474	0.3522	0.3573	0.3605	0.3600	0.3559	0.3523	0.3484	0.3443	0.3392	0.3341
2050	0.2433	0.2501	0.2553	0.2599	0.2643	0.2671	0.2667	0.2634	0.2601	0.2562	0.2516	0.2460	0.2395
2060	0.2169	0.2241	0.2294	0.2341	0.2384	0.2409	0.2406	0.2374	0.2342	0.2303	0.2256	0.2197	0.2128
2070	0.2404	0.2475	0.2527	0.2575	0.2619	0.2647	0.2643	0.2610	0.2577	0.2537	0.2491	0.2433	0.2366
2080	0.3331	0.3393	0.3441	0.3488	0.3535	0.3569	0.3565	0.3526	0.3490	0.3451	0.3409	0.3360	0.3310
2090	0.3723	0.3776	0.3820	0.3865	0.3912	0.3947	0.3943	0.3902	0.3866	0.3830	0.3793	0.3754	0.3716
2100	0.3931	0.3978	0.4017	0.4060	0.4108	0.4142	0.4138	0.4095	0.4062	0.4028	0.3997	0.3965	0.3939
2110	0.4102	0.4143	0.4179	0.4220	0.4266	0.4301	0.4298	0.4256	0.4221	0.4189	0.4161	0.4135	0.4116
2120	0.4078	0.4122	0.4159	0.4199	0.4248	0.4282	0.4278	0.4235	0.4202	0.4169	0.4142	0.4114	0.4094
2130	0.4232	0.4267	0.4300	0.4339	0.4384	0.4420	0.4416	0.4375	0.4341	0.4311	0.4285	0.4264	0.4254
2140	0.4316	0.4348	0.4378	0.4416	0.4459	0.4497	0.4493	0.4453	0.4418	0.4388	0.4365	0.4347	0.4341
2150	0.4086	0.4129	0.4165	0.4206	0.4253	0.4289	0.4284	0.4242	0.4208	0.4176	0.4149	0.4122	0.4104
2160	0.3964	0.4008	0.4045	0.4086	0.4134	0.4169	0.4165	0.4122	0.4089	0.4056	0.4028	0.4000	0.3980
2170	0.3912	0.3955	0.3991	0.4031	0.4078	0.4113	0.4109	0.4067	0.4033	0.4002	0.3975	0.3947	0.3930
2180	0.3759	0.3803	0.3840	0.3881	0.3929	0.3963	0.3958	0.3915	0.3883	0.3852	0.3824	0.3795	0.3775
2190	0.3664	0.3709	0.3746	0.3786	0.3835	0.3868	0.3864	0.3821	0.3789	0.3757	0.3730	0.3702	0.3681
2200	0.3414	0.3465	0.3505	0.3548	0.3597	0.3629	0.3626	0.3584	0.3550	0.3516	0.3484	0.3449	0.3417
2210	0.3688	0.3727	0.3761	0.3800	0.3846	0.3881	0.3877	0.3837	0.3802	0.3771	0.3745	0.3721	0.3705
2220	0.3740	0.3777	0.3810	0.3849	0.3894	0.3929	0.3926	0.3886	0.3851	0.3820	0.3794	0.3772	0.3757
2230	0.3733	0.3769	0.3803	0.3842	0.3886	0.3923	0.3918	0.3879	0.3844	0.3812	0.3785	0.3762	0.3747
2240	0.3659	0.3698	0.3732	0.3772	0.3816	0.3853	0.3849	0.3810	0.3774	0.3742	0.3713	0.3687	0.3668
2250	0.3562	0.3603	0.3640	0.3680	0.3725	0.3761	0.3758	0.3719	0.3682	0.3649	0.3619	0.3590	0.3566
2260	0.3426	0.3471	0.3510	0.3552	0.3597	0.3632	0.3629	0.3591	0.3554	0.3520	0.3487	0.3454	0.3424
2270	0.3376	0.3418	0.3461	0.3502	0.3547	0.3583	0.3579	0.3541	0.3505	0.3470	0.3437	0.3404	0.3374
2280	0.3364	0.3405	0.3446	0.3487	0.3531	0.3567	0.3563	0.3526	0.3489	0.3455	0.3423	0.3392	0.3364
2290	0.3174	0.3223	0.3265	0.3308	0.3354	0.3388	0.3385	0.3346	0.3311	0.3275	0.3240	0.3203	0.3167
2300	0.3038	0.3091	0.3134	0.3179	0.3225	0.3259	0.3255	0.3217	0.3181	0.3144	0.3106	0.3065	0.3023
2310	9998	9998	9998	9998	9998	9998	9998	9998	9998	9998	9998	9998	9998
2320	9998	9998	9998	9998	9998	9998	9998	9998	9998	9998	9998	9998	9998
2330	9998	9998	9998	9998	9998	9998	9998	9998	9998	9998	9998	9998	9998
2340	9998	9998	9998	9998	9998	9998	9998	9998	9998	9998	9998	9998	9998
2350	9998	9998	9998	9998	9998	9998	9998	9998	9998	9998	9998	9998	9998
2360	9998	9998	9998	9998	9998	9998	9998	9998	9998	9998	9998	9998	9998
2370	9998	9998	9998	9998	9998	9998	9998	9998	9998	9998	9998	9998	9998
2380	9998	9998	9998	9998	9998	9998	9998	9998	9998	9998	9998	9998	9998
2390	9998	9998	9998	9998	9998	9998	9998	9998	9998	9998	9998	9998	9998
2400	9998	9998	9998	9998	9998	9998	9998	9998	9998	9998	9998	9998	9998
2410	9998	9998	9998	9998	9998	9998	9998	9998	9998	9998	9998	9998	9998
2420	9998	9998	9998	9998	9998	9998	9998	9998	9998	9998	9998	9998	9998
2430	9998	9998	9998	9998	9998	9998	9998	9998	9998	9998	9998	9998	9998
2440	9998	9998	9998	9998	9998	9998	9998	9998	9998	9998	9998	9998	9998
2450	9998	9998	9998	9998	9998	9998	9998	9998	9998	9998	9998	9998	9998
2460	9998	9998	9998	9998	9998	9998	9998	9998	9998	9998	9998	9998	9998
2470	9998	9998	9998	9998	9998	9998	9998	9998	9998	9998	9998	9998	9998
2480	9998	9998	9998	9998	9998	9998	9998	9998	9998	9998	9998	9998	9998
2490	9998	9998	9998	9998	9998	9998	9998	9998	9998	9998	9998	9998	9998
2500	9998	9998	9998	9998	9998	9998	9998	9998	9998	9998	9998	9998	9998

P:	2.5	2.5	2.5	2.5	2.5	2.5	2.5	2.5	2.5	2.5	2.5	2.5	2.5
T:	0.5	0.5	0.5	0.5	0.5	0.5	0.5	0.5	0.5	0.5	0.5	0.5	0.5
WV:	0.25	0.24	0.24	0.24	0.23	0.24	0.24	0.24	0.24	0.24	0.24	0.24	0.24
O3:	5.9	5.9	5.9	5.9	5.9	5.9	5.9	5.9	5.9	5.9	5.9	5.9	5.9
AOD:	0.002	0.001	0.001	0.001	0.001	0.001	0.001	0.001	0.001	0.001	0.001	0.001	0.001
Ang:	0.008	0.008	0.008	0.009	0.009	0.009	0.009	0.010	0.010	0.010	0.011	0.011	0.012
400	0.0032	0.0036	0.0037	0.0037	0.0039	0.0038	0.0039	0.0033	0.0037	0.0036	0.0038	0.0033	0.0039
410	0.0033	0.0037	0.0038	0.0038	0.0041	0.0040	0.0041	0.0035	0.0038	0.0037	0.0039	0.0035	0.0040
420	0.0036	0.0040	0.0040	0.0041	0.0043	0.0042	0.0043	0.0036	0.0041	0.0039	0.0041	0.0039	0.0042
430	0.0038	0.0041	0.0040	0.0044	0.0045	0.0044	0.0046	0.0038	0.0044	0.0040	0.0042	0.0041	0.0043
440	0.0042	0.0044	0.0042	0.0047	0.0049	0.0046	0.0048	0.0040	0.0047	0.0043	0.0044	0.0046	0.0047
450	0.0045	0.0047	0.0044	0.0051	0.0052	0.0050	0.0052	0.0042	0.0051	0.0045	0.0046	0.0050	0.0049
460	0.0049	0.0050	0.0046	0.0054	0.0056	0.0052	0.0054	0.0045	0.0054	0.0047	0.0048	0.0054	0.0053
470	0.0050	0.0051	0.0047	0.0056	0.0057	0.0053	0.0056	0.0047	0.0056	0.0048	0.0048	0.0056	0.0054
480	0.0053	0.0054	0.0050	0.0058	0.0059	0.0055	0.0060	0.0050	0.0058	0.0051	0.0051	0.0059	0.0056
490	0.0056	0.0058	0.0054	0.0061	0.0062	0.0058	0.0064	0.0055	0.0061	0.0054	0.0054	0.0062	0.0060
500	0.0060	0.0061	0.0058	0.0064	0.0065	0.0060	0.0068	0.0059	0.0064	0.0056	0.0056	0.0067	0.0062
510	0.0064	0.0064	0.0062	0.0067	0.0067	0.0062	0.0073	0.0064	0.0067	0.0059	0.0058	0.0070	0.0065
520	0.0069	0.0068	0.0068	0.0071	0.0070	0.0065	0.0078	0.0070	0.0071	0.0063	0.0061	0.0075	0.0069
530	0.0072	0.0071	0.0072	0.0073	0.0072	0.0067	0.0081	0.0075	0.0073	0.0066	0.0063	0.0078	0.0072
540	0.0076	0.0075	0.0076	0.0077	0.0075	0.0074	0.0082	0.0078	0.0077	0.0071	0.0068	0.0081	0.0075
550	0.0080	0.0079	0.0078	0.0080	0.0078	0.0083	0.0082	0.0083	0.0080	0.0076	0.0077	0.0084	0.0080
560	0.0083	0.0083	0.0081	0.0085	0.0081	0.0093	0.0083	0.0088	0.0085	0.0083	0.0087	0.0085	0.0084
570	0.0084	0.0087	0.0083	0.0088	0.0085	0.0099	0.0089	0.0091	0.0088	0.0089	0.0096	0.0085	0.0087
580	0.0089	0.0096	0.0090	0.0094	0.0094	0.0106	0.0101	0.0095	0.0094	0.0094	0.0105	0.0095	0.0092
590	0.0092	0.0103	0.0095	0.0098	0.0101	0.0110	0.0111	0.0098	0.0098	0.0099	0.0111	0.0102	0.0096
600	0.0097	0.0112	0.0101	0.0105	0.0109	0.0114	0.0120	0.0101	0.0105	0.0106	0.0120	0.0112	0.0101
610	0.0103	0.0118	0.0108	0.0111	0.0117	0.0117	0.0124	0.0108	0.0111	0.0112	0.0126	0.0120	0.0107
620	0.0079	0.0088	0.0083	0.0085	0.0091	0.0086	0.0092	0.0083	0.0085	0.0085	0.0093	0.0090	0.0083
630	0.0080	0.0086	0.0084	0.0086	0.0093	0.0085	0.0091	0.0085	0.0086	0.0086	0.0092	0.0089	0.0084
640	0.0085	0.0089	0.0089	0.0091	0.0100	0.0087	0.0094	0.0090	0.0091	0.0090	0.0095	0.0093	0.0089
650	0.0087	0.0088	0.0091	0.0093	0.0102	0.0086	0.0093	0.0092	0.0093	0.0091	0.0095	0.0094	0.0091
660	0.0092	0.0091	0.0096	0.0096	0.0108	0.0087	0.0096	0.0095	0.0096	0.0095	0.0097	0.0097	0.0096
670	0.0096	0.0092	0.0099	0.0100	0.0111	0.0091	0.0098	0.0100	0.0100	0.0098	0.0099	0.0099	0.0100
680	0.0097	0.0090	0.0100	0.0101	0.0111	0.0094	0.0100	0.0102	0.0101	0.0098	0.0097	0.0099	0.0101
690	0.0089	0.0083	0.0091	0.0093	0.0101	0.0087	0.0093	0.0095	0.0093	0.0090	0.0088	0.0089	0.0092
700	0.0097	0.0092	0.0100	0.0101	0.0109	0.0097	0.0102	0.0106	0.0101	0.0099	0.0098	0.0098	0.0100
710	0.0100	0.0096	0.0103	0.0105	0.0112	0.0102	0.0106	0.0111	0.0105	0.0102	0.0103	0.0101	0.0103
720	0.0087	0.0085	0.0090	0.0092	0.0098	0.0092	0.0094	0.0098	0.0092	0.0090	0.0091	0.0088	0.0089
730	0.0091	0.0090	0.0094	0.0097	0.0103	0.0097	0.0100	0.0104	0.0097	0.0095	0.0096	0.0093	0.0093
740	0.0106	0.0105	0.0108	0.0110	0.0116	0.0112	0.0114	0.0121	0.0110	0.0108	0.0112	0.0107	0.0108
750	0.0111	0.0111	0.0112	0.0115	0.0120	0.0118	0.0120	0.0127	0.0115	0.0113	0.0118	0.0112	0.0112
760	0.0075	0.0075	0.0077	0.0080	0.0082	0.0082	0.0083	0.0087	0.0080	0.0078	0.0080	0.0076	0.0076
770	0.0097	0.0097	0.0098	0.0101	0.0104	0.0105	0.0105	0.0112	0.0101	0.0099	0.0103	0.0098	0.0097
780	0.0113	0.0114	0.0114	0.0117	0.0119	0.0121	0.0122	0.0131	0.0117	0.0115	0.0121	0.0113	0.0113
790	0.0110	0.0112	0.0112	0.0114	0.0116	0.0119	0.0120	0.0128	0.0114	0.0113	0.0119	0.0112	0.0111
800	0.0109	0.0111	0.0111	0.0114	0.0116	0.0119	0.0119	0.0127	0.0114	0.0112	0.0118	0.0111	0.0110
810	0.0103	0.0105	0.0105	0.0107	0.0109	0.0113	0.0113	0.0120	0.0108	0.0106	0.0111	0.0104	0.0103
820	0.0091	0.0092	0.0093	0.0095	0.0097	0.0100	0.0100	0.0106	0.0095	0.0094	0.0098	0.0092	0.0090
830	0.0098	0.0099	0.0100	0.0102	0.0105	0.0107	0.0107	0.0114	0.0102	0.0101	0.0105	0.0099	0.0098
840	0.0109	0.0110	0.0110	0.0113	0.0115	0.0117	0.0118	0.0126	0.0112	0.0112	0.0117	0.0110	0.0109
850	0.0112	0.0113	0.0113	0.0116	0.0118	0.0120	0.0121	0.0128	0.0116	0.0114	0.0120	0.0113	0.0113
860	0.0113	0.0113	0.0114	0.0117	0.0120	0.0120	0.0121	0.0129	0.0117	0.0115	0.0120	0.0114	0.0114
870	0.0113	0.0113	0.0114	0.0116	0.0120	0.0120	0.0121	0.0128	0.0116	0.0115	0.0120	0.0114	0.0115
880	0.0112	0.0111	0.0114	0.0116	0.0120	0.0118	0.0120	0.0127	0.0116	0.0114	0.0118	0.0113	0.0113
890	0.0107	0.0106	0.0107	0.0109	0.0115	0.0112	0.0114	0.0119	0.0110	0.0108	0.0112	0.0108	0.0108
900	0.0085	0.0086	0.0088	0.0090	0.0094	0.0091	0.0093	0.0097	0.0090	0.0089	0.0090	0.0087	0.0086
910	0.0081	0.0080	0.0084	0.0086	0.0090	0.0087	0.0088	0.0092	0.0086	0.0085	0.0085	0.0082	0.0082
920	0.0085	0.0084	0.0087	0.0090	0.0094	0.0090	0.0092	0.0096	0.0089	0.0088	0.0089	0.0086	0.0085
930	0.0055	0.0055	0.0057	0.0059	0.0063	0.0060	0.0061	0.0063	0.0060	0.0058	0.0058	0.0056	0.0055
940	0.0035	0.0036	0.0038	0.0040	0.0043	0.0041	0.0041	0.0042	0.0040	0.0039	0.0039	0.0036	0.0035
950	0.0041	0.0041	0.0043	0.0046	0.0048	0.0046	0.0047	0.0048	0.0046	0.0044	0.0044	0.0042	0.0041
960	0.0055	0.0055	0.0057	0.0059	0.0063	0.0060	0.0061	0.0063	0.0060	0.0058	0.0058	0.0056	0.0055
970	0.0081	0.0080	0.0083	0.0086	0.0090	0.0086	0.0088	0.0092	0.0086	0.0084	0.0085	0.0082	0.0082
980	0.0093	0.0091	0.0094	0.0097	0.0101	0.0098	0.0099	0.0104	0.0097	0.0095	0.0097	0.0093	0.0093
990	0.0108	0.0107	0.0109	0.0111	0.0115	0.0113	0.0115	0.0121	0.0111	0.0110	0.0113	0.0108	0.0109
1000	0.0111	0.0110	0.0112	0.0114	0.0119	0.0116	0.0119	0.0124	0.0114	0.0113	0.0117	0.0112	0.0113
1010	0.0133	0.0131	0.0133	0.0135	0.0139	0.0138	0.0141	0.0148	0.0135	0.0134	0.0138	0.0133	0.0133
1020	0.0133	0.0133	0.0134	0.0136	0.0141	0.0140	0.0142	0.0150	0.0136	0.0135	0.0139	0.0134	0.0134
1030	0.0135	0.0134	0.0135	0.0137	0.0140	0.0141	0.0144	0.0151	0.0137	0.0136	0.0141	0.0135	0.0135
1040	0.0135	0.0136	0.0136	0.0137	0.0141	0.0142	0.0144	0.0153	0.0137	0.0136	0.0143	0.0135	0.0135
1050	0.0136	0.0136	0.0136	0.0138	0.0141	0.0143	0.0145	0.0153	0.0138	0.0137	0.0143	0.0136	0.0135
1060	0.0134	0.0135	0.0134	0.0136	0.0138	0.0143	0.0144	0.0153	0.0137	0.0135	0.0142	0.0134	0.0133
1070	0.0134	0.0136	0.0134	0.0137	0.0138	0.0143	0.0144	0.0154	0.0137	0.0136	0.0143	0.0133	0.0132
1080	0.0134	0.0137	0.0135	0.0137	0.0137	0.0142	0.0144	0.0155	0.0136	0.0135	0.0144	0.0133	0.0132
1090	0.0130	0.0134	0.0131	0.0133	0.0132	0.0137	0.0139	0.0150	0.0133	0.0131	0.0141	0.0129	0.0127
1100	0.0115	0.0118	0.0115	0.0117	0.0117	0.0121	0.0122	0.0132	0.0117	0.0117	0.0125	0.0113	0.0111
1110	0.0086	0.0089	0.0087	0.0089	0.0089	0.0092	0.0093	0.0100	0.0089	0.0089	0.0095	0.0085	0.0082
1120	9.0035	9.0037	9.0037	9.0038	9.0039	9.0040	9.0040	9.0043	9.0039	9.0037	9.0040	9.0035	9.0032
1130	9.0029	9.0031	9.0031	9.0033	9.0033	9.0034	9.0034	9.0037	9.0033	9.0031	9.0034	9.0029	9.0026
1140	9.0045	9.0048	9.0048	9.0050	9.0049	9.0050	9.0051	9.0055	9.0050	9.0047	9.0051	9.0045	9.0041
1150	9.0047	9.0049	9.0050	9.0051	9.0051	9.0052	9.0053	9.0057	9.0051	9.0049	9.0053	9.0047	9.0043
1160	0.0086	0.0087	0.0089	0.0088	0.0086	0.0087	0.0090	0.0098	0.0088	0.0084	0.0093	0.0085	0.0078
1170	0.0116	0.0117	0.0118	0.0116	0.0113	0.0113	0.0118	0.0130	0.0116	0.0110	0.0123	0.0115	0.0105
1180	0.0121	0.0121	0.0123	0.0119	0.0117	0.0115	0.0121	0.0134	0.0120	0.0113	0.0126	0.0119	0.0108
1190	0.0126	0.0126	0.0128	0.0124	0.0121	0.0119	0.0126	0.0140	0.0125	0.0117	0.0132	0.0125	0.0113
1200	0.0129	0.0128	0.0131	0.0127	0.0123	0.0121	0.0128	0.0142	0.0127	0.0118	0.0134	0.0127	0.0114
1210	0.0134	0.0132	0.0136	0.0131	0.0126	0.0124	0.0132	0.0147	0.0131	0.0122	0.0138	0.0132	0.0118
1220	0.0143	0.0140	0.0145	0.0138	0.0134	0.0130	0.0139	0.0155	0.0139	0.0128	0.0146	0.0141	0.0125
1230	0.0150	0.0147	0.0152	0.0145	0.0140	0.0135	0.0144	0.0163	0.0145	0.0133	0.0153	0.0148	0.0131
1240	0.0155	0.0150	0.0157	0.0148	0.0144	0.0138	0.0148	0.0167	0.0149	0.0136	0.0156	0.0152	0.0134
1250	0.0153	0.0148	0.0155	0.0147	0.0140	0.0135	0.0145	0.0164	0.0147	0.0133	0.0154	0.0151	0.0131
1260	0.0128	0.0123	0.0131	0.0124	0.0118	0.0115	0.0123	0.0139	0.0125	0.0112	0.0129	0.0126	0.0109
1270	0.0117	0.0113	0.0121	0.0115	0.0109	0.0108	0.0114	0.0129	0.0115	0.0102	0.0119	0.0116	0.0100
1280	0.0139	0.0133	0.0141	0.0133	0.0127	0.0125	0.0132	0.0148	0.0133	0.0118	0.0138	0.0136	0.0117
1290	0.0142	0.0136	0.0145	0.0136	0.0131	0.0128	0.0135	0.0152	0.0135	0.0120	0.0142	0.0139	0.0120
1300	0.0133	0.0126	0.0136	0.0127	0.0123	0.0121	0.0127	0.0142	0.0127	0.0112	0.0132	0.0130	0.0111
1310	0.0117	0.0112	0.0121	0.0114	0.0110	0.0109	0.0114	0.0128	0.0114	0.0100	0.0118	0.0115	0.0097
1320	0.0103	0.0098	0.0108	0.0102	0.0098	0.0097	0.0101	0.0112	0.0102	0.0088	0.0103	0.0101	0.0084
1330	9.0075	9.0072	9.0080	9.0077	9.0074	9.0074	9.0077	9.0085	9.0077	9.0066	9.0077	9.0074	9.0061
1340	9.0056	9.0054	9.0062	9.0060	9.0057	9.0057	9.0059	9.0065	9.0060	9.0051	9.0059	9.0057	9.0046
1350	9.0011	9.0011	9.0013	9.0013	9.0013	9.0013	9.0013	9.0014	9.0013	9.0011	9.0012	9.0012	9.0009
1360	9.0002	9.0001	9.0001	9.0001	9.0001	9.0001	9.0001	9.0001	9.0001	9.0001	9.0001	9.0001	9.0001
1370	9.0002	9.0001	9.0001	9.0001	9.0001	9.0001	9.0001	9.0001	9.0001	9.0001	9.0001	9.0001	9.0001
1380	9.0002	9.0001	9.0001	9.0001	9.0001	9.0001	9.0001	9.0001	9.0001	9.0001	9.0001	9.0001	9.0001
1390	9.0002	9.0001	9.0001	9.0001	9.0001	9.0001	9.0001	9.0001	9.0001	9.0001	9.0001	9.0001	9.0001
1400	9.0002	9.0001	9.0002	9.0002	9.0001	9.0001	9.0001	9.0001	9.0001	9.0001	9.0001	9.0002	9.0001
1410	9.0003	9.0002	9.0002	9.0003	9.0002	9.0003	9.0002	9.0003	9.0002	9.0002	9.0002	9.0003	9.0002
1420	9.0005	9.0005	9.0006	9.0007	9.0007	9.0007	9.0006	9.0007	9.0007	9.0006	9.0006	9.0005	9.0004
1430	9.0011	9.0011	9.0013	9.0013	9.0013	9.0014	9.0014	9.0015	9.0013	9.0011	9.0013	9.0011	9.0009
1440	9.0012	9.0013	9.0015	9.0015	9.0015	9.0015	9.0016	9.0017	9.0015	9.0013	9.0014	9.0013	9.0010
1450	9.0024	9.0024	9.0028	9.0028	9.0027	9.0028	9.0028	9.0031	9.0028	9.0024	9.0027	9.0025	9.0020
1460	9.0040	9.0040	9.0046	9.0045	9.0044	9.0044	9.0045	9.0049	9.0045	9.0039	9.0043	9.0041	9.0033
1470	9.0029	9.0029	9.0033	9.0033	9.0032	9.0032	9.0033	9.0036	9.0033	9.0028	9.0031	9.0029	9.0024
1480	9.0042	9.0041	9.0047	9.0047	9.0046	9.0045	9.0046	9.0050	9.0046	9.0040	9.0044	9.0042	9.0035
1490	9.0074	9.0069	9.0078	9.0076	9.0074	9.0074	9.0075	9.0082	9.0076	9.0067	9.0074	9.0072	9.0061
1500	0.0112	0.0102	0.0113	0.0110	0.0106	0.0106	0.0107	0.0117	0.0110	0.0097	0.0108	0.0106	0.0093
1510	0.0132	0.0118	0.0131	0.0127	0.0123	0.0121	0.0122	0.0134	0.0127	0.0113	0.0125	0.0124	0.0110
1520	0.0146	0.0131	0.0144	0.0140	0.0137	0.0135	0.0135	0.0146	0.0140	0.0125	0.0138	0.0137	0.0123
1530	0.0157	0.0140	0.0154	0.0150	0.0146	0.0143	0.0143	0.0156	0.0150	0.0134	0.0147	0.0147	0.0133
1540	0.0163	0.0144	0.0159	0.0154	0.0150	0.0149	0.0147	0.0159	0.0154	0.0139	0.0151	0.0152	0.0138
1550	0.0167	0.0148	0.0163	0.0159	0.0155	0.0152	0.0150	0.0164	0.0158	0.0142	0.0156	0.0155	0.0142
1560	0.0170	0.0149	0.0164	0.0160	0.0156	0.0153	0.0151	0.0164	0.0160	0.0144	0.0157	0.0157	0.0144
1570	0.0157	0.0138	0.0153	0.0149	0.0146	0.0145	0.0142	0.0154	0.0150	0.0135	0.0146	0.0146	0.0133
1580	0.0157	0.0139	0.0152	0.0149	0.0147	0.0145	0.0142	0.0155	0.0150	0.0135	0.0146	0.0146	0.0134
1590	0.0169	0.0149	0.0164	0.0161	0.0157	0.0155	0.0151	0.0164	0.0160	0.0145	0.0157	0.0156	0.0144
1600	0.0160	0.0140	0.0154	0.0152	0.0148	0.0146	0.0142	0.0155	0.0152	0.0138	0.0147	0.0148	0.0136
1610	0.0158	0.0138	0.0153	0.0150	0.0147	0.0146	0.0141	0.0153	0.0150	0.0136	0.0146	0.0146	0.0135
1620	0.0170	0.0149	0.0164	0.0161	0.0157	0.0156	0.0152	0.0163	0.0161	0.0146	0.0156	0.0157	0.0146
1630	0.0171	0.0150	0.0164	0.0161	0.0159	0.0157	0.0152	0.0164	0.0161	0.0147	0.0158	0.0157	0.0147
1640	0.0167	0.0147	0.0161	0.0158	0.0156	0.0154	0.0149	0.0161	0.0158	0.0144	0.0154	0.0154	0.0143
1650	0.0166	0.0145	0.0160	0.0158	0.0155	0.0153	0.0148	0.0160	0.0158	0.0144	0.0153	0.0152	0.0143
1660	0.0168	0.0147	0.0161	0.0159	0.0156	0.0154	0.0149	0.0160	0.0159	0.0145	0.0154	0.0154	0.0145
1670	0.0168	0.0146	0.0161	0.0159	0.0156	0.0154	0.0148	0.0160	0.0159	0.0145	0.0154	0.0154	0.0144
1680	0.0170	0.0148	0.0163	0.0161	0.0158	0.0157	0.0150	0.0162	0.0161	0.0147	0.0156	0.0156	0.0147
1690	0.0167	0.0146	0.0160	0.0158	0.0156	0.0154	0.0149	0.0159	0.0159	0.0145	0.0153	0.0153	0.0144
1700	0.0164	0.0143	0.0158	0.0156	0.0153	0.0152	0.0146	0.0157	0.0156	0.0143	0.0151	0.0151	0.0141
1710	0.0161	0.0140	0.0155	0.0153	0.0150	0.0149	0.0143	0.0154	0.0153	0.0140	0.0147	0.0148	0.0138
1720	0.0157	0.0137	0.0151	0.0150	0.0147	0.0146	0.0140	0.0151	0.0150	0.0136	0.0144	0.0145	0.0135
1730	0.0152	0.0133	0.0147	0.0145	0.0143	0.0141	0.0136	0.0147	0.0145	0.0132	0.0140	0.0140	0.0131
1740	0.0145	0.0128	0.0140	0.0138	0.0137	0.0135	0.0131	0.0142	0.0138	0.0126	0.0135	0.0133	0.0124
1750	0.0141	0.0124	0.0137	0.0135	0.0133	0.0132	0.0128	0.0138	0.0136	0.0123	0.0131	0.0131	0.0121
1760	0.0135	0.0119	0.0132	0.0130	0.0128	0.0126	0.0122	0.0133	0.0130	0.0118	0.0126	0.0125	0.0115
1770	0.0115	0.0104	0.0114	0.0113	0.0112	0.0110	0.0108	0.0118	0.0113	0.0102	0.0110	0.0108	0.0098
1780	0.0089	0.0080	0.0090	0.0089	0.0089	0.0088	0.0086	0.0093	0.0089	0.0081	0.0085	0.0084	0.0075
1790	9.0066	9.0061	9.0069	9.0069	9.0068	9.0068	9.0066	9.0073	9.0069	9.0062	9.0065	9.0063	9.0056
1800	9.0027	9.0027	9.0030	9.0031	9.0032	9.0031	9.0030	9.0033	9.0031	9.0028	9.0029	9.0027	9.0023
1810	9.0009	9.0009	9.0011	9.0012	9.0012	9.0012	9.0011	9.0012	9.0011	9.0010	9.0010	9.0009	9.0008
1820	9998	9998	9998	9998	9998	9998	9998	9998	9998	9998	9998	9998	9998
1830	9998	9998	9998	9998	9998	9998	9998	9998	9998	9998	9998	9998	9998
1840	9998	9998	9998	9998	9998	9998	9998	9998	9998	9998	9998	9998	9998
1850	9998	9998	9998	9998	9998	9998	9998	9998	9998	9998	9998	9998	9998
1860	9998	9998	9998	9998	9998	9998	9998	9998	9998	9998	9998	9998	9998
1870	9998	9998	9998	9998	9998	9998	9998	9998	9998	9998	9998	9998	9998
1880	9998	9998	9998	9998	9998	9998	9998	9998	9998	9998	9998	9998	9998
1890	9998	9998	9998	9998	9998	9998	9998	9998	9998	9998	9998	9998	9998
1900	9998	9998	9998	9998	9998	9998	9998	9998	9998	9998	9998	9998	9998
1910	9998	9998	9998	9998	9998	9998	9998	9998	9998	9998	9998	9998	9998
1920	9.0004	9.0002	9.0003	9.0003	9.0002	9.0002	9.0002	9.0002	9.0002	9.0002	9.0002	9.0003	9.0002
1930	9.0005	9.0003	9.0003	9.0003	9.0003	9.0003	9.0003	9.0003	9.0003	9.0003	9.0003	9.0004	9.0002
1940	9.0006	9.0006	9.0006	9.0007	9.0007	9.0007	9.0006	9.0007	9.0007	9.0006	9.0007	9.0006	9.0005
1950	9.0010	9.0011	9.0011	9.0013	9.0013	9.0013	9.0013	9.0014	9.0013	9.0011	9.0012	9.0010	9.0009
1960	9.0016	9.0016	9.0017	9.0018	9.0018	9.0019	9.0019	9.0020	9.0018	9.0017	9.0018	9.0016	9.0014
1970	9.0051	9.0048	9.0051	9.0051	9.0049	9.0050	9.0053	9.0057	9.0051	9.0047	9.0051	9.0048	9.0042
1980	0.0080	0.0079	0.0082	0.0080	0.0078	0.0077	0.0082	0.0090	0.0080	0.0074	0.0083	0.0078	0.0069
1990	0.0092	0.0090	0.0095	0.0091	0.0088	0.0086	0.0092	0.0103	0.0092	0.0084	0.0095	0.0090	0.0080
2000	0.0041	0.0039	0.0042	0.0041	0.0039	0.0040	0.0042	0.0046	0.0041	0.0037	0.0041	0.0039	0.0033
2010	0.0023	0.0022	0.0024	0.0025	0.0023	0.0025	0.0025	0.0027	0.0025	0.0022	0.0023	0.0022	0.0018
2020	0.0047	0.0044	0.0049	0.0048	0.0045	0.0046	0.0048	0.0054	0.0048	0.0042	0.0047	0.0046	0.0038
2030	0.0103	0.0099	0.0106	0.0101	0.0097	0.0096	0.0101	0.0113	0.0101	0.0089	0.0103	0.0102	0.0086
2040	0.0118	0.0113	0.0122	0.0114	0.0111	0.0108	0.0114	0.0128	0.0114	0.0101	0.0117	0.0116	0.0099
2050	0.0090	0.0084	0.0093	0.0088	0.0083	0.0084	0.0089	0.0098	0.0088	0.0077	0.0088	0.0087	0.0073
2060	0.0082	0.0076	0.0085	0.0080	0.0076	0.0077	0.0081	0.0090	0.0080	0.0070	0.0080	0.0079	0.0066
2070	0.0090	0.0084	0.0092	0.0088	0.0083	0.0084	0.0088	0.0099	0.0088	0.0076	0.0088	0.0087	0.0072
2080	0.0118	0.0112	0.0121	0.0113	0.0111	0.0109	0.0114	0.0128	0.0113	0.0100	0.0117	0.0116	0.0097
2090	0.0131	0.0125	0.0133	0.0125	0.0122	0.0119	0.0126	0.0140	0.0125	0.0110	0.0129	0.0128	0.0109
2100	0.0138	0.0132	0.0140	0.0130	0.0128	0.0124	0.0131	0.0147	0.0131	0.0116	0.0136	0.0135	0.0115
2110	0.0144	0.0137	0.0146	0.0135	0.0133	0.0129	0.0137	0.0152	0.0135	0.0121	0.0141	0.0141	0.0120
2120	0.0143	0.0136	0.0146	0.0135	0.0133	0.0129	0.0136	0.0151	0.0134	0.0119	0.0140	0.0140	0.0119
2130	0.0149	0.0141	0.0150	0.0140	0.0137	0.0134	0.0140	0.0156	0.0140	0.0123	0.0145	0.0145	0.0124
2140	0.0152	0.0144	0.0153	0.0142	0.0140	0.0135	0.0142	0.0159	0.0142	0.0126	0.0148	0.0148	0.0126
2150	0.0145	0.0137	0.0146	0.0135	0.0132	0.0128	0.0136	0.0152	0.0135	0.0121	0.0141	0.0141	0.0120
2160	0.0141	0.0134	0.0141	0.0132	0.0128	0.0122	0.0132	0.0149	0.0132	0.0120	0.0139	0.0136	0.0118
2170	0.0139	0.0134	0.0138	0.0131	0.0128	0.0123	0.0133	0.0148	0.0131	0.0121	0.0139	0.0134	0.0119
2180	0.0134	0.0131	0.0132	0.0128	0.0125	0.0122	0.0131	0.0145	0.0128	0.0121	0.0136	0.0129	0.0118
2190	0.0131	0.0130	0.0128	0.0126	0.0124	0.0124	0.0131	0.0143	0.0126	0.0122	0.0135	0.0125	0.0117
2200	0.0123	0.0123	0.0119	0.0119	0.0117	0.0119	0.0124	0.0135	0.0119	0.0116	0.0128	0.0117	0.0111
2210	0.0132	0.0132	0.0128	0.0127	0.0126	0.0128	0.0134	0.0145	0.0128	0.0126	0.0138	0.0126	0.0121
2220	0.0134	0.0134	0.0130	0.0129	0.0127	0.0129	0.0135	0.0147	0.0129	0.0127	0.0139	0.0128	0.0122
2230	0.0133	0.0134	0.0129	0.0128	0.0127	0.0128	0.0134	0.0147	0.0128	0.0125	0.0139	0.0127	0.0121
2240	0.0131	0.0131	0.0127	0.0126	0.0124	0.0127	0.0133	0.0144	0.0127	0.0124	0.0136	0.0125	0.0119
2250	0.0128	0.0128	0.0123	0.0123	0.0122	0.0124	0.0130	0.0140	0.0124	0.0121	0.0133	0.0122	0.0116
2260	0.0125	0.0124	0.0119	0.0120	0.0118	0.0120	0.0126	0.0136	0.0120	0.0118	0.0129	0.0118	0.0112
2270	0.0123	0.0122	0.0117	0.0119	0.0117	0.0119	0.0124	0.0135	0.0118	0.0116	0.0127	0.0115	0.0110
2280	0.0122	0.0121	0.0117	0.0118	0.0117	0.0120	0.0125	0.0135	0.0118	0.0116	0.0126	0.0115	0.0111
2290	0.0115	0.0113	0.0111	0.0113	0.0112	0.0116	0.0120	0.0129	0.0112	0.0110	0.0117	0.0108	0.0105
2300	0.0111	0.0107	0.0107	0.0108	0.0109	0.0112	0.0116	0.0122	0.0108	0.0106	0.0111	0.0104	0.0102
2310	9998	9998	9998	9998	9998	9998	9998	9998	9998	9998	9998	9998	9998
2320	9998	9998	9998	9998	9998	9998	9998	9998	9998	9998	9998	9998	9998
2330	9998	9998	9998	9998	9998	9998	9998	9998	9998	9998	9998	9998	9998
2340	9998	9998	9998	9998	9998	9998	9998	9998	9998	9998	9998	9998	9998
2350	9998	9998	9998	9998	9998	9998	9998	9998	9998	9998	9998	9998	9998
2360	9998	9998	9998	9998	9998	9998	9998	9998	9998	9998	9998	9998	9998
2370	9998	9998	9998	9998	9998	9998	9998	9998	9998	9998	9998	9998	9998
2380	9998	9998	9998	9998	9998	9998	9998	9998	9998	9998	9998	9998	9998
2390	9998	9998	9998	9998	9998	9998	9998	9998	9998	9998	9998	9998	9998
2400	9998	9998	9998	9998	9998	9998	9998	9998	9998	9998	9998	9998	9998
2410	9998	9998	9998	9998	9998	9998	9998	9998	9998	9998	9998	9998	9998
2420	9998	9998	9998	9998	9998	9998	9998	9998	9998	9998	9998	9998	9998
2430	9998	9998	9998	9998	9998	9998	9998	9998	9998	9998	9998	9998	9998
2440	9998	9998	9998	9998	9998	9998	9998	9998	9998	9998	9998	9998	9998
2450	9998	9998	9998	9998	9998	9998	9998	9998	9998	9998	9998	9998	9998
2460	9998	9998	9998	9998	9998	9998	9998	9998	9998	9998	9998	9998	9998
2470	9998	9998	9998	9998	9998	9998	9998	9998	9998	9998	9998	9998	9998
2480	9998	9998	9998	9998	9998	9998	9998	9998	9998	9998	9998	9998	9998
2490	9998	9998	9998	9998	9998	9998	9998	9998	9998	9998	9998	9998	9998
2500	9998	9998	9998	9998	9998	9998	9998	9998	9998	9998	9998	9998	9998