Site:	 GONA01
Lat:	 -23.59999
Lon:	 15.119215
Alt:	 510.0

Year:	2024	2024	2024	2024	2024	2024	2024	2024	2024	2024	2024	2024	2024
DOY(U):	275	275	275	275	275	275	275	275	275	275	275	275	275
UTC:	08:00	08:30	09:00	09:30	10:00	10:30	11:00	11:30	12:00	12:30	13:00	13:30	14:00
DOY(L):	275	275	275	275	275	275	275	275	275	275	275	275	275
Local:	09:00	09:30	10:00	10:30	11:00	11:30	12:00	12:30	13:00	13:30	14:00	14:30	15:00
P:	957.17	956.96	956.74	956.53	956.32	955.91	955.48	955.05	954.62	954.20	954.07	953.94	953.82
T:	300.6	301.7	303.0	304.4	305.9	307.2	308.7	308.6	309.7	310.3	310.0	307.3	306.0
WV:	0.37	0.37	0.35	0.34	0.35	0.32	0.33	0.33	0.34	0.34	0.43	0.53	0.62
O3:	303.69	303.82	303.96	304.09	304.23	304.36	304.50	304.63	304.77	304.83	304.90	304.97	305.03
AOD:	0.063	0.066	0.069	0.072	0.073	0.072	0.074	0.074	0.071	0.073	0.113	0.154	0.178
Ang:	1.032	1.076	1.120	1.165	1.209	1.253	1.221	1.181	1.123	1.065	1.008	0.950	0.893
Type:	R	R	R	R	R	R	R	R	R	R	R	R	R
Zen:	45.4983	39.1497	33.1541	27.7501	23.3597	20.6456	20.2946	22.4183	26.4247	31.6024	37.4645	43.7313	50.2453
Azi:	70.2585	64.3456	56.7145	46.4399	32.3002	13.5672	-7.9318	-27.758	-43.145	-54.352	-62.600	-68.915	-73.974
esd:	1.00018	1.00017	1.00016	1.00016	1.00015	1.00015	1.00014	1.00013	1.00013	1.00012	1.00012	1.00011	1.00010



400	0.2114	0.2081	0.2065	0.2059	0.2059	0.2059	0.2060	0.2059	0.2057	0.2064	0.2100	0.2157	0.2231
410	0.2057	0.2027	0.2013	0.2010	0.2010	0.2011	0.2012	0.2010	0.2008	0.2013	0.2046	0.2097	0.2167
420	0.2020	0.1994	0.1983	0.1981	0.1982	0.1984	0.1985	0.1983	0.1980	0.1982	0.2011	0.2058	0.2121
430	0.2003	0.1981	0.1972	0.1972	0.1975	0.1978	0.1979	0.1976	0.1972	0.1972	0.1997	0.2038	0.2096
440	0.2000	0.1981	0.1975	0.1977	0.1982	0.1986	0.1987	0.1983	0.1978	0.1976	0.1996	0.2031	0.2083
450	0.2004	0.1988	0.1984	0.1987	0.1993	0.1997	0.1999	0.1994	0.1988	0.1985	0.2002	0.2032	0.2079
460	0.2006	0.1993	0.1991	0.1996	0.2002	0.2007	0.2009	0.2004	0.1997	0.1993	0.2006	0.2032	0.2074
470	0.2001	0.1991	0.1991	0.1997	0.2005	0.2011	0.2012	0.2007	0.1998	0.1993	0.2003	0.2025	0.2062
480	0.1996	0.1989	0.1991	0.1999	0.2007	0.2014	0.2015	0.2009	0.2000	0.1993	0.2000	0.2018	0.2049
490	0.2030	0.2023	0.2027	0.2035	0.2045	0.2052	0.2053	0.2047	0.2037	0.2029	0.2033	0.2049	0.2077
500	0.2050	0.2045	0.2051	0.2061	0.2072	0.2080	0.2081	0.2074	0.2063	0.2054	0.2055	0.2065	0.2089
510	0.2074	0.2073	0.2081	0.2092	0.2104	0.2113	0.2115	0.2107	0.2095	0.2084	0.2081	0.2088	0.2106
520	0.2114	0.2115	0.2125	0.2138	0.2151	0.2160	0.2162	0.2154	0.2141	0.2127	0.2123	0.2126	0.2140
530	0.2142	0.2146	0.2158	0.2173	0.2188	0.2199	0.2200	0.2191	0.2177	0.2161	0.2152	0.2151	0.2159
540	0.2203	0.2210	0.2224	0.2241	0.2257	0.2269	0.2270	0.2261	0.2245	0.2228	0.2215	0.2209	0.2212
550	0.2283	0.2293	0.2309	0.2328	0.2345	0.2358	0.2360	0.2349	0.2332	0.2314	0.2297	0.2286	0.2284
560	0.2369	0.2383	0.2402	0.2422	0.2442	0.2455	0.2457	0.2445	0.2427	0.2407	0.2386	0.2369	0.2360
570	0.2428	0.2447	0.2470	0.2493	0.2514	0.2529	0.2530	0.2518	0.2498	0.2475	0.2448	0.2423	0.2404
580	0.2542	0.2564	0.2588	0.2613	0.2635	0.2650	0.2652	0.2640	0.2618	0.2594	0.2563	0.2534	0.2509
590	0.2674	0.2696	0.2723	0.2749	0.2772	0.2790	0.2791	0.2778	0.2756	0.2730	0.2691	0.2651	0.2616
600	0.2768	0.2793	0.2821	0.2848	0.2872	0.2889	0.2891	0.2877	0.2854	0.2827	0.2789	0.2749	0.2714
610	0.2877	0.2902	0.2930	0.2957	0.2983	0.2999	0.3001	0.2987	0.2964	0.2936	0.2900	0.2862	0.2830
620	0.2960	0.2985	0.3013	0.3042	0.3067	0.3084	0.3086	0.3072	0.3048	0.3019	0.2982	0.2942	0.2908
630	0.2982	0.3010	0.3039	0.3069	0.3096	0.3114	0.3116	0.3101	0.3076	0.3046	0.3005	0.2961	0.2922
640	0.3141	0.3165	0.3193	0.3223	0.3249	0.3268	0.3270	0.3254	0.3229	0.3200	0.3159	0.3117	0.3081
650	0.3221	0.3245	0.3274	0.3304	0.3330	0.3351	0.3352	0.3337	0.3311	0.3281	0.3235	0.3186	0.3144
660	0.3319	0.3342	0.3369	0.3398	0.3425	0.3445	0.3447	0.3432	0.3406	0.3376	0.3333	0.3289	0.3254
670	0.3405	0.3426	0.3453	0.3482	0.3510	0.3529	0.3532	0.3516	0.3490	0.3460	0.3419	0.3379	0.3347
680	0.3414	0.3436	0.3463	0.3493	0.3520	0.3540	0.3542	0.3526	0.3500	0.3470	0.3428	0.3386	0.3352
690	0.3142	0.3171	0.3203	0.3236	0.3264	0.3286	0.3287	0.3271	0.3244	0.3211	0.3158	0.3099	0.3046
700	0.3501	0.3524	0.3556	0.3587	0.3614	0.3639	0.3640	0.3623	0.3595	0.3564	0.3504	0.3441	0.3386
710	0.3585	0.3607	0.3637	0.3668	0.3695	0.3719	0.3719	0.3703	0.3675	0.3644	0.3589	0.3531	0.3482
720	0.3385	0.3415	0.3459	0.3497	0.3521	0.3559	0.3555	0.3539	0.3505	0.3471	0.3371	0.3264	0.3169
730	0.3482	0.3511	0.3553	0.3591	0.3616	0.3652	0.3649	0.3632	0.3598	0.3565	0.3470	0.3368	0.3276
740	0.3717	0.3738	0.3768	0.3799	0.3828	0.3852	0.3854	0.3836	0.3807	0.3775	0.3719	0.3660	0.3610
750	0.3788	0.3807	0.3834	0.3863	0.3893	0.3914	0.3916	0.3899	0.3872	0.3840	0.3794	0.3747	0.3709
760	0.2560	0.2592	0.2625	0.2655	0.2682	0.2700	0.2702	0.2687	0.2663	0.2632	0.2583	0.2529	0.2478
770	0.3316	0.3342	0.3373	0.3404	0.3433	0.3453	0.3455	0.3439	0.3412	0.3379	0.3329	0.3275	0.3226
780	0.3856	0.3874	0.3899	0.3927	0.3956	0.3977	0.3979	0.3962	0.3936	0.3905	0.3858	0.3810	0.3772
790	0.3840	0.3859	0.3885	0.3916	0.3943	0.3966	0.3968	0.3951	0.3924	0.3893	0.3837	0.3779	0.3731
800	0.3836	0.3854	0.3882	0.3912	0.3940	0.3964	0.3965	0.3949	0.3920	0.3889	0.3831	0.3768	0.3717
810	0.3731	0.3753	0.3787	0.3820	0.3846	0.3877	0.3875	0.3858	0.3828	0.3796	0.3718	0.3635	0.3564
820	0.3490	0.3519	0.3564	0.3603	0.3627	0.3669	0.3663	0.3646	0.3612	0.3578	0.3463	0.3341	0.3234
830	0.3616	0.3641	0.3680	0.3715	0.3740	0.3776	0.3772	0.3756	0.3723	0.3690	0.3596	0.3495	0.3408
840	0.3799	0.3816	0.3845	0.3875	0.3903	0.3927	0.3928	0.3912	0.3883	0.3852	0.3791	0.3725	0.3672
850	0.3835	0.3850	0.3875	0.3902	0.3931	0.3952	0.3954	0.3937	0.3910	0.3880	0.3830	0.3778	0.3739
860	0.3830	0.3845	0.3868	0.3895	0.3924	0.3945	0.3946	0.3930	0.3903	0.3873	0.3826	0.3777	0.3741
870	0.3823	0.3836	0.3859	0.3886	0.3914	0.3936	0.3937	0.3921	0.3894	0.3864	0.3818	0.3771	0.3736
880	0.3802	0.3816	0.3839	0.3866	0.3895	0.3916	0.3917	0.3901	0.3874	0.3844	0.3797	0.3748	0.3712
890	0.3702	0.3719	0.3747	0.3778	0.3805	0.3831	0.3831	0.3814	0.3786	0.3754	0.3691	0.3625	0.3571
900	0.3322	0.3349	0.3395	0.3435	0.3457	0.3502	0.3496	0.3479	0.3443	0.3409	0.3288	0.3160	0.3049
910	0.3256	0.3286	0.3337	0.3380	0.3401	0.3450	0.3442	0.3425	0.3388	0.3353	0.3217	0.3073	0.2945
920	0.3345	0.3374	0.3421	0.3462	0.3485	0.3530	0.3524	0.3507	0.3470	0.3436	0.3310	0.3174	0.3053
930	0.2600	0.2640	0.2708	0.2758	0.2773	0.2840	0.2825	0.2809	0.2766	0.2730	0.2541	0.2350	0.2184
940	0.2127	0.2176	0.2257	0.2314	0.2324	0.2407	0.2387	0.2371	0.2323	0.2285	0.2054	0.1824	0.1627
950	0.2279	0.2326	0.2406	0.2462	0.2473	0.2553	0.2535	0.2518	0.2471	0.2433	0.2207	0.1982	0.1788
960	0.2651	0.2693	0.2766	0.2819	0.2834	0.2905	0.2890	0.2873	0.2827	0.2790	0.2586	0.2378	0.2196
970	0.3247	0.3277	0.3328	0.3370	0.3391	0.3440	0.3432	0.3415	0.3378	0.3343	0.3207	0.3063	0.2935
980	0.3468	0.3491	0.3531	0.3568	0.3591	0.3630	0.3626	0.3609	0.3576	0.3543	0.3438	0.3327	0.3228
990	0.3723	0.3738	0.3764	0.3793	0.3819	0.3844	0.3844	0.3827	0.3800	0.3770	0.3710	0.3647	0.3596
1000	0.3773	0.3786	0.3809	0.3835	0.3862	0.3884	0.3885	0.3869	0.3843	0.3813	0.3763	0.3711	0.3672
1010	0.3789	0.3802	0.3824	0.3851	0.3878	0.3900	0.3901	0.3885	0.3858	0.3829	0.3780	0.3728	0.3689
1020	0.3807	0.3820	0.3841	0.3868	0.3895	0.3916	0.3918	0.3901	0.3875	0.3846	0.3797	0.3748	0.3710
1030	0.3823	0.3835	0.3856	0.3883	0.3910	0.3931	0.3932	0.3915	0.3889	0.3861	0.3813	0.3764	0.3728
1040	0.3835	0.3847	0.3869	0.3895	0.3922	0.3943	0.3945	0.3927	0.3902	0.3873	0.3827	0.3778	0.3743
1050	0.3827	0.3840	0.3863	0.3889	0.3917	0.3937	0.3939	0.3922	0.3897	0.3867	0.3820	0.3771	0.3734
1060	0.3774	0.3791	0.3816	0.3844	0.3872	0.3893	0.3894	0.3877	0.3851	0.3820	0.3771	0.3718	0.3676
1070	0.3793	0.3811	0.3836	0.3864	0.3892	0.3913	0.3915	0.3898	0.3871	0.3841	0.3788	0.3732	0.3686
1080	0.3857	0.3872	0.3898	0.3925	0.3952	0.3976	0.3977	0.3960	0.3933	0.3903	0.3843	0.3780	0.3729
1090	0.3830	0.3846	0.3876	0.3907	0.3932	0.3961	0.3959	0.3943	0.3914	0.3883	0.3809	0.3728	0.3660
1100	0.3640	0.3666	0.3711	0.3749	0.3771	0.3814	0.3808	0.3791	0.3756	0.3723	0.3603	0.3472	0.3353
1110	0.3092	0.3130	0.3194	0.3243	0.3260	0.3324	0.3310	0.3293	0.3251	0.3215	0.3033	0.2844	0.2676
1120	0.1898	0.1949	0.2038	0.2098	0.2104	0.2195	0.2171	0.2156	0.2106	0.2069	0.1817	0.1574	0.1371
1130	0.1793	0.1847	0.1940	0.2001	0.2007	0.2101	0.2076	0.2062	0.2010	0.1973	0.1710	0.1458	0.1246
1140	0.2263	0.2314	0.2400	0.2459	0.2468	0.2555	0.2533	0.2517	0.2468	0.2430	0.2184	0.1936	0.1721
1150	0.2315	0.2368	0.2457	0.2518	0.2527	0.2617	0.2594	0.2578	0.2527	0.2488	0.2234	0.1980	0.1761
1160	0.3152	0.3193	0.3262	0.3313	0.3330	0.3397	0.3383	0.3366	0.3321	0.3283	0.3088	0.2882	0.2696
1170	0.3715	0.3745	0.3795	0.3837	0.3857	0.3906	0.3898	0.3881	0.3844	0.3809	0.3670	0.3519	0.3382
1180	0.3782	0.3809	0.3856	0.3895	0.3917	0.3963	0.3955	0.3939	0.3903	0.3868	0.3740	0.3600	0.3475
1190	0.3897	0.3922	0.3965	0.4003	0.4025	0.4067	0.4062	0.4045	0.4010	0.3977	0.3858	0.3728	0.3610
1200	0.3931	0.3957	0.3999	0.4036	0.4059	0.4099	0.4094	0.4077	0.4044	0.4010	0.3896	0.3771	0.3659
1210	0.3993	0.4017	0.4056	0.4091	0.4115	0.4152	0.4148	0.4131	0.4099	0.4066	0.3963	0.3851	0.3750
1220	0.4122	0.4143	0.4176	0.4208	0.4233	0.4264	0.4262	0.4245	0.4215	0.4183	0.4100	0.4007	0.3924
1230	0.4228	0.4245	0.4272	0.4301	0.4327	0.4352	0.4352	0.4336	0.4308	0.4277	0.4211	0.4139	0.4076
1240	0.4265	0.4280	0.4305	0.4332	0.4359	0.4381	0.4382	0.4365	0.4339	0.4308	0.4253	0.4193	0.4142
1250	0.4175	0.4196	0.4223	0.4252	0.4281	0.4303	0.4303	0.4287	0.4259	0.4227	0.4171	0.4109	0.4053
1260	0.3738	0.3777	0.3814	0.3850	0.3882	0.3905	0.3906	0.3888	0.3858	0.3821	0.3756	0.3680	0.3604
1270	0.3423	0.3470	0.3513	0.3552	0.3585	0.3608	0.3609	0.3591	0.3561	0.3521	0.3451	0.3367	0.3279
1280	0.4100	0.4126	0.4157	0.4189	0.4218	0.4241	0.4241	0.4224	0.4196	0.4162	0.4099	0.4028	0.3962
1290	0.4305	0.4324	0.4352	0.4381	0.4407	0.4433	0.4432	0.4416	0.4388	0.4357	0.4287	0.4209	0.4140
1300	0.4198	0.4220	0.4256	0.4290	0.4314	0.4350	0.4345	0.4329	0.4297	0.4264	0.4164	0.4055	0.3957
1310	0.3963	0.3991	0.4040	0.4081	0.4102	0.4150	0.4142	0.4125	0.4089	0.4053	0.3915	0.3764	0.3627
1320	0.3710	0.3746	0.3807	0.3854	0.3873	0.3933	0.3921	0.3903	0.3862	0.3825	0.3650	0.3462	0.3290
1330	0.3186	0.3235	0.3318	0.3376	0.3390	0.3471	0.3452	0.3434	0.3384	0.3344	0.3105	0.2858	0.2636
1340	0.2710	0.2764	0.2854	0.2916	0.2926	0.3017	0.2994	0.2977	0.2925	0.2884	0.2622	0.2357	0.2125
1350	0.0948	0.0990	0.1065	0.1114	0.1114	0.1196	0.1172	0.1162	0.1120	0.1093	0.0884	0.0707	0.0575
1360	0.0057	0.0064	0.0078	0.0089	0.0087	0.0108	0.0101	0.0100	0.0090	0.0085	0.0048	0.0029	0.0021
1370	0.0046	0.0052	0.0065	0.0074	0.0073	0.0092	0.0086	0.0084	0.0076	0.0071	0.0038	0.0023	0.0017
1380	0.0082	0.0093	0.0115	0.0131	0.0129	0.0159	0.0149	0.0147	0.0133	0.0125	0.0068	0.0037	0.0024
1390	0.0130	0.0147	0.0179	0.0202	0.0199	0.0241	0.0228	0.0224	0.0204	0.0193	0.0108	0.0058	0.0035
1400	0.0182	0.0201	0.0238	0.0263	0.0260	0.0305	0.0291	0.0287	0.0266	0.0253	0.0155	0.0091	0.0056
1410	0.0371	0.0400	0.0455	0.0492	0.0489	0.0553	0.0534	0.0527	0.0496	0.0477	0.0328	0.0218	0.0148
1420	0.0743	0.0787	0.0865	0.0916	0.0914	0.0999	0.0975	0.0965	0.0922	0.0895	0.0677	0.0496	0.0366
1430	0.1050	0.1100	0.1183	0.1239	0.1239	0.1327	0.1303	0.1291	0.1245	0.1214	0.0983	0.0777	0.0618
1440	0.1181	0.1239	0.1332	0.1393	0.1396	0.1490	0.1464	0.1451	0.1401	0.1365	0.1110	0.0878	0.0693
1450	0.1763	0.1823	0.1925	0.1991	0.1994	0.2099	0.2070	0.2055	0.2000	0.1961	0.1672	0.1398	0.1171
1460	0.2390	0.2451	0.2557	0.2626	0.2632	0.2739	0.2711	0.2694	0.2635	0.2593	0.2290	0.1989	0.1729
1470	0.1955	0.2017	0.2122	0.2191	0.2194	0.2303	0.2273	0.2258	0.2200	0.2159	0.1859	0.1571	0.1332
1480	0.2370	0.2430	0.2532	0.2600	0.2606	0.2709	0.2682	0.2666	0.2609	0.2567	0.2274	0.1983	0.1734
1490	0.3149	0.3200	0.3287	0.3348	0.3360	0.3447	0.3425	0.3408	0.3356	0.3316	0.3062	0.2799	0.2565
1500	0.3852	0.3887	0.3949	0.3996	0.4014	0.4076	0.4062	0.4045	0.4004	0.3967	0.3788	0.3596	0.3422
1510	0.4178	0.4205	0.4253	0.4292	0.4313	0.4361	0.4352	0.4335	0.4299	0.4265	0.4127	0.3976	0.3839
1520	0.4428	0.4448	0.4484	0.4517	0.4540	0.4576	0.4571	0.4555	0.4524	0.4493	0.4389	0.4274	0.4169
1530	0.4550	0.4566	0.4594	0.4622	0.4647	0.4674	0.4672	0.4656	0.4629	0.4598	0.4524	0.4440	0.4366
1540	0.4597	0.4610	0.4633	0.4660	0.4686	0.4709	0.4709	0.4693	0.4667	0.4636	0.4577	0.4509	0.4452
1550	0.4688	0.4698	0.4717	0.4742	0.4767	0.4788	0.4789	0.4773	0.4748	0.4720	0.4666	0.4607	0.4559
1560	0.4709	0.4719	0.4737	0.4761	0.4786	0.4806	0.4807	0.4791	0.4767	0.4739	0.4688	0.4632	0.4588
1570	0.4345	0.4369	0.4397	0.4427	0.4455	0.4477	0.4478	0.4461	0.4434	0.4402	0.4344	0.4277	0.4216
1580	0.4345	0.4369	0.4397	0.4427	0.4455	0.4476	0.4477	0.4461	0.4434	0.4402	0.4344	0.4279	0.4218
1590	0.4700	0.4709	0.4730	0.4755	0.4779	0.4800	0.4800	0.4785	0.4760	0.4732	0.4682	0.4628	0.4584
1600	0.4388	0.4411	0.4438	0.4468	0.4495	0.4516	0.4517	0.4501	0.4474	0.4443	0.4387	0.4324	0.4266
1610	0.4333	0.4358	0.4387	0.4417	0.4445	0.4466	0.4467	0.4450	0.4424	0.4391	0.4336	0.4272	0.4212
1620	0.4686	0.4697	0.4718	0.4743	0.4768	0.4788	0.4788	0.4773	0.4749	0.4721	0.4672	0.4621	0.4578
1630	0.4712	0.4723	0.4743	0.4767	0.4793	0.4812	0.4813	0.4797	0.4773	0.4746	0.4698	0.4649	0.4608
1640	0.4611	0.4626	0.4650	0.4676	0.4702	0.4723	0.4723	0.4707	0.4682	0.4653	0.4603	0.4548	0.4501
1650	0.4589	0.4605	0.4629	0.4656	0.4682	0.4703	0.4703	0.4687	0.4662	0.4633	0.4581	0.4525	0.4474
1660	0.4644	0.4659	0.4681	0.4707	0.4733	0.4754	0.4754	0.4738	0.4713	0.4685	0.4633	0.4578	0.4529
1670	0.4628	0.4644	0.4666	0.4692	0.4718	0.4740	0.4740	0.4724	0.4698	0.4670	0.4619	0.4563	0.4514
1680	0.4706	0.4718	0.4738	0.4764	0.4788	0.4809	0.4810	0.4794	0.4769	0.4742	0.4692	0.4639	0.4594
1690	0.4670	0.4684	0.4707	0.4734	0.4759	0.4782	0.4782	0.4766	0.4740	0.4712	0.4655	0.4594	0.4541
1700	0.4626	0.4642	0.4668	0.4697	0.4721	0.4746	0.4745	0.4730	0.4703	0.4674	0.4611	0.4542	0.4482
1710	0.4577	0.4595	0.4624	0.4654	0.4678	0.4706	0.4704	0.4688	0.4660	0.4631	0.4559	0.4482	0.4412
1720	0.4526	0.4544	0.4576	0.4608	0.4630	0.4662	0.4659	0.4643	0.4614	0.4584	0.4503	0.4415	0.4337
1730	0.4448	0.4469	0.4504	0.4538	0.4560	0.4595	0.4591	0.4575	0.4545	0.4513	0.4424	0.4326	0.4238
1740	0.4356	0.4378	0.4418	0.4453	0.4474	0.4514	0.4509	0.4493	0.4460	0.4429	0.4324	0.4209	0.4108
1750	0.4309	0.4332	0.4373	0.4408	0.4429	0.4469	0.4463	0.4447	0.4414	0.4384	0.4275	0.4157	0.4050
1760	0.4204	0.4230	0.4275	0.4312	0.4332	0.4377	0.4370	0.4353	0.4319	0.4287	0.4166	0.4035	0.3914
1770	0.3930	0.3965	0.4026	0.4072	0.4089	0.4148	0.4137	0.4120	0.4079	0.4044	0.3878	0.3699	0.3532
1780	0.3417	0.3463	0.3540	0.3595	0.3608	0.3685	0.3667	0.3651	0.3603	0.3566	0.3348	0.3121	0.2914
1790	0.2926	0.2981	0.3071	0.3133	0.3143	0.3234	0.3211	0.3194	0.3141	0.3102	0.2844	0.2581	0.2345
1800	0.1772	0.1829	0.1928	0.1992	0.1994	0.2097	0.2069	0.2054	0.2000	0.1963	0.1686	0.1428	0.1217
1810	0.1032	0.1084	0.1177	0.1238	0.1235	0.1335	0.1307	0.1295	0.1245	0.1212	0.0955	0.0731	0.0562
1820	9998	9998	9998	9998	9998	9998	9998	9998	9998	9998	9998	9998	9998
1830	9998	9998	9998	9998	9998	9998	9998	9998	9998	9998	9998	9998	9998
1840	9998	9998	9998	9998	9998	9998	9998	9998	9998	9998	9998	9998	9998
1850	9998	9998	9998	9998	9998	9998	9998	9998	9998	9998	9998	9998	9998
1860	9998	9998	9998	9998	9998	9998	9998	9998	9998	9998	9998	9998	9998
1870	9998	9998	9998	9998	9998	9998	9998	9998	9998	9998	9998	9998	9998
1880	9998	9998	9998	9998	9998	9998	9998	9998	9998	9998	9998	9998	9998
1890	9998	9998	9998	9998	9998	9998	9998	9998	9998	9998	9998	9998	9998
1900	9998	9998	9998	9998	9998	9998	9998	9998	9998	9998	9998	9998	9998
1910	9998	9998	9998	9998	9998	9998	9998	9998	9998	9998	9998	9998	9998
1920	0.0246	0.0271	0.0319	0.0350	0.0347	0.0403	0.0387	0.0381	0.0354	0.0339	0.0212	0.0124	0.0074
1930	0.0377	0.0409	0.0470	0.0510	0.0506	0.0576	0.0556	0.0549	0.0515	0.0494	0.0332	0.0214	0.0140
1940	0.0668	0.0711	0.0785	0.0834	0.0833	0.0914	0.0891	0.0881	0.0840	0.0814	0.0615	0.0452	0.0336
1950	0.0787	0.0836	0.0905	0.0951	0.0958	0.1021	0.1005	0.0995	0.0958	0.0928	0.0761	0.0607	0.0482
1960	0.0837	0.0886	0.0946	0.0988	0.1000	0.1047	0.1036	0.1026	0.0994	0.0965	0.0833	0.0703	0.0588
1970	0.1866	0.1923	0.1990	0.2038	0.2057	0.2107	0.2098	0.2083	0.2046	0.2009	0.1865	0.1710	0.1561
1980	0.3022	0.3065	0.3131	0.3180	0.3197	0.3258	0.3245	0.3229	0.3188	0.3152	0.2986	0.2811	0.2649
1990	0.3314	0.3351	0.3410	0.3455	0.3474	0.3528	0.3517	0.3501	0.3462	0.3428	0.3281	0.3123	0.2975
2000	0.1268	0.1311	0.1354	0.1387	0.1405	0.1430	0.1427	0.1416	0.1393	0.1364	0.1290	0.1206	0.1119
2010	0.0550	0.0596	0.0634	0.0664	0.0683	0.0697	0.0697	0.0688	0.0669	0.0643	0.0595	0.0537	0.0473
2020	0.1339	0.1396	0.1446	0.1485	0.1509	0.1533	0.1532	0.1519	0.1492	0.1457	0.1383	0.1294	0.1198
2030	0.3187	0.3236	0.3287	0.3329	0.3357	0.3389	0.3387	0.3370	0.3337	0.3299	0.3212	0.3111	0.3006
2040	0.3630	0.3673	0.3718	0.3757	0.3786	0.3816	0.3815	0.3798	0.3766	0.3729	0.3651	0.3562	0.3470
2050	0.2570	0.2627	0.2678	0.2719	0.2750	0.2774	0.2774	0.2758	0.2727	0.2688	0.2618	0.2532	0.2434
2060	0.2329	0.2389	0.2442	0.2485	0.2515	0.2540	0.2540	0.2524	0.2493	0.2453	0.2379	0.2286	0.2181
2070	0.2557	0.2615	0.2667	0.2709	0.2740	0.2765	0.2765	0.2749	0.2718	0.2678	0.2605	0.2515	0.2413
2080	0.3499	0.3544	0.3588	0.3627	0.3658	0.3683	0.3683	0.3667	0.3635	0.3598	0.3532	0.3454	0.3372
2090	0.3907	0.3940	0.3977	0.4011	0.4039	0.4064	0.4064	0.4048	0.4018	0.3984	0.3925	0.3858	0.3791
2100	0.4198	0.4219	0.4249	0.4280	0.4304	0.4331	0.4330	0.4314	0.4286	0.4257	0.4195	0.4128	0.4068
2110	0.4311	0.4326	0.4351	0.4379	0.4404	0.4427	0.4427	0.4411	0.4385	0.4357	0.4307	0.4255	0.4210
2120	0.4340	0.4354	0.4380	0.4408	0.4432	0.4458	0.4457	0.4441	0.4414	0.4387	0.4331	0.4272	0.4221
2130	0.4430	0.4440	0.4462	0.4487	0.4510	0.4533	0.4533	0.4518	0.4493	0.4466	0.4421	0.4375	0.4338
2140	0.4464	0.4472	0.4491	0.4515	0.4538	0.4558	0.4559	0.4544	0.4520	0.4492	0.4458	0.4421	0.4393
2150	0.4333	0.4346	0.4371	0.4398	0.4422	0.4446	0.4445	0.4430	0.4404	0.4377	0.4325	0.4269	0.4221
2160	0.4231	0.4247	0.4274	0.4302	0.4326	0.4352	0.4351	0.4335	0.4308	0.4280	0.4223	0.4162	0.4109
2170	0.4161	0.4176	0.4202	0.4229	0.4254	0.4279	0.4278	0.4263	0.4236	0.4209	0.4153	0.4096	0.4046
2180	0.4056	0.4071	0.4098	0.4127	0.4150	0.4177	0.4176	0.4161	0.4133	0.4106	0.4044	0.3979	0.3924
2190	0.3973	0.3987	0.4015	0.4043	0.4066	0.4093	0.4093	0.4077	0.4049	0.4022	0.3960	0.3894	0.3839
2200	0.3675	0.3700	0.3734	0.3766	0.3792	0.3819	0.3818	0.3802	0.3773	0.3742	0.3678	0.3610	0.3545
2210	0.3893	0.3907	0.3931	0.3958	0.3983	0.4006	0.4006	0.3990	0.3964	0.3937	0.3889	0.3840	0.3799
2220	0.3914	0.3927	0.3951	0.3977	0.4002	0.4023	0.4024	0.4008	0.3983	0.3956	0.3912	0.3868	0.3831
2230	0.3867	0.3884	0.3908	0.3935	0.3961	0.3981	0.3982	0.3967	0.3941	0.3913	0.3872	0.3830	0.3794
2240	0.3780	0.3801	0.3827	0.3855	0.3882	0.3902	0.3904	0.3888	0.3862	0.3833	0.3790	0.3747	0.3708
2250	0.3672	0.3697	0.3725	0.3755	0.3783	0.3803	0.3805	0.3789	0.3762	0.3731	0.3688	0.3642	0.3599
2260	0.3529	0.3558	0.3590	0.3622	0.3651	0.3672	0.3673	0.3657	0.3629	0.3597	0.3551	0.3501	0.3452
2270	0.3491	0.3520	0.3552	0.3584	0.3613	0.3634	0.3635	0.3619	0.3591	0.3559	0.3512	0.3461	0.3410
2280	0.3468	0.3496	0.3527	0.3558	0.3587	0.3607	0.3609	0.3592	0.3565	0.3534	0.3489	0.3440	0.3393
2290	0.3316	0.3349	0.3384	0.3418	0.3446	0.3469	0.3470	0.3454	0.3426	0.3392	0.3339	0.3280	0.3221
2300	0.3173	0.3211	0.3249	0.3285	0.3315	0.3338	0.3339	0.3322	0.3293	0.3258	0.3203	0.3140	0.3075
2310	9998	9998	9998	9998	9998	9998	9998	9998	9998	9998	9998	9998	9998
2320	9998	9998	9998	9998	9998	9998	9998	9998	9998	9998	9998	9998	9998
2330	9998	9998	9998	9998	9998	9998	9998	9998	9998	9998	9998	9998	9998
2340	9998	9998	9998	9998	9998	9998	9998	9998	9998	9998	9998	9998	9998
2350	9998	9998	9998	9998	9998	9998	9998	9998	9998	9998	9998	9998	9998
2360	9998	9998	9998	9998	9998	9998	9998	9998	9998	9998	9998	9998	9998
2370	9998	9998	9998	9998	9998	9998	9998	9998	9998	9998	9998	9998	9998
2380	9998	9998	9998	9998	9998	9998	9998	9998	9998	9998	9998	9998	9998
2390	9998	9998	9998	9998	9998	9998	9998	9998	9998	9998	9998	9998	9998
2400	9998	9998	9998	9998	9998	9998	9998	9998	9998	9998	9998	9998	9998
2410	9998	9998	9998	9998	9998	9998	9998	9998	9998	9998	9998	9998	9998
2420	9998	9998	9998	9998	9998	9998	9998	9998	9998	9998	9998	9998	9998
2430	9998	9998	9998	9998	9998	9998	9998	9998	9998	9998	9998	9998	9998
2440	9998	9998	9998	9998	9998	9998	9998	9998	9998	9998	9998	9998	9998
2450	9998	9998	9998	9998	9998	9998	9998	9998	9998	9998	9998	9998	9998
2460	9998	9998	9998	9998	9998	9998	9998	9998	9998	9998	9998	9998	9998
2470	9998	9998	9998	9998	9998	9998	9998	9998	9998	9998	9998	9998	9998
2480	9998	9998	9998	9998	9998	9998	9998	9998	9998	9998	9998	9998	9998
2490	9998	9998	9998	9998	9998	9998	9998	9998	9998	9998	9998	9998	9998
2500	9998	9998	9998	9998	9998	9998	9998	9998	9998	9998	9998	9998	9998

P:	2.5	2.5	2.5	2.5	2.5	2.5	2.5	2.5	2.5	2.5	2.5	2.5	2.5
T:	0.5	0.5	0.5	0.5	0.5	0.5	0.5	0.5	0.5	0.5	0.5	0.5	0.5
WV:	0.07	0.07	0.07	0.07	0.07	0.06	0.07	0.07	0.07	0.07	0.09	0.11	0.12
O3:	6.1	6.1	6.1	6.1	6.1	6.1	6.1	6.1	6.1	6.1	6.1	6.1	6.1
AOD:	0.001	0.001	0.001	0.001	0.001	0.001	0.001	0.001	0.001	0.001	0.002	0.002	0.003
Ang:	0.015	0.016	0.017	0.017	0.018	0.019	0.018	0.018	0.017	0.016	0.015	0.014	0.013
400	0.0038	0.0040	0.0045	0.0036	0.0042	0.0039	0.0043	0.0043	0.0036	0.0045	0.0039	0.0039	0.0039
410	0.0040	0.0042	0.0046	0.0038	0.0044	0.0041	0.0044	0.0044	0.0038	0.0046	0.0041	0.0039	0.0039
420	0.0042	0.0044	0.0048	0.0041	0.0046	0.0044	0.0046	0.0046	0.0041	0.0049	0.0043	0.0042	0.0040
430	0.0046	0.0048	0.0050	0.0044	0.0048	0.0047	0.0048	0.0048	0.0044	0.0050	0.0045	0.0044	0.0041
440	0.0050	0.0052	0.0053	0.0048	0.0051	0.0051	0.0051	0.0051	0.0048	0.0053	0.0048	0.0047	0.0043
450	0.0054	0.0056	0.0057	0.0053	0.0054	0.0055	0.0055	0.0054	0.0053	0.0057	0.0051	0.0050	0.0046
460	0.0058	0.0061	0.0060	0.0057	0.0058	0.0059	0.0058	0.0058	0.0057	0.0060	0.0055	0.0054	0.0048
470	0.0059	0.0061	0.0061	0.0060	0.0059	0.0061	0.0060	0.0059	0.0060	0.0062	0.0055	0.0055	0.0049
480	0.0061	0.0064	0.0065	0.0063	0.0062	0.0062	0.0062	0.0062	0.0063	0.0065	0.0057	0.0057	0.0051
490	0.0064	0.0067	0.0069	0.0068	0.0065	0.0066	0.0065	0.0065	0.0068	0.0069	0.0060	0.0059	0.0054
500	0.0066	0.0068	0.0073	0.0072	0.0069	0.0070	0.0069	0.0069	0.0072	0.0073	0.0063	0.0061	0.0058
510	0.0068	0.0071	0.0077	0.0076	0.0072	0.0074	0.0073	0.0072	0.0076	0.0077	0.0065	0.0064	0.0060
520	0.0071	0.0074	0.0082	0.0082	0.0076	0.0077	0.0077	0.0076	0.0082	0.0082	0.0068	0.0066	0.0064
530	0.0073	0.0076	0.0084	0.0084	0.0079	0.0079	0.0080	0.0080	0.0084	0.0084	0.0070	0.0067	0.0066
540	0.0081	0.0085	0.0086	0.0089	0.0084	0.0082	0.0085	0.0085	0.0089	0.0086	0.0077	0.0072	0.0068
550	0.0089	0.0094	0.0087	0.0094	0.0090	0.0086	0.0091	0.0090	0.0094	0.0087	0.0085	0.0076	0.0071
560	0.0099	0.0106	0.0088	0.0099	0.0096	0.0089	0.0097	0.0097	0.0099	0.0088	0.0095	0.0081	0.0074
570	0.0103	0.0110	0.0092	0.0105	0.0102	0.0093	0.0102	0.0102	0.0105	0.0093	0.0099	0.0086	0.0078
580	0.0103	0.0110	0.0102	0.0113	0.0109	0.0100	0.0110	0.0109	0.0113	0.0102	0.0101	0.0093	0.0086
590	0.0103	0.0109	0.0112	0.0121	0.0117	0.0108	0.0119	0.0118	0.0122	0.0113	0.0102	0.0099	0.0093
600	0.0102	0.0110	0.0119	0.0127	0.0124	0.0112	0.0126	0.0124	0.0127	0.0119	0.0105	0.0105	0.0101
610	0.0107	0.0119	0.0121	0.0130	0.0131	0.0116	0.0132	0.0132	0.0130	0.0121	0.0112	0.0112	0.0106
620	0.0083	0.0096	0.0092	0.0098	0.0103	0.0089	0.0104	0.0103	0.0099	0.0092	0.0089	0.0088	0.0082
630	0.0083	0.0101	0.0091	0.0098	0.0104	0.0089	0.0106	0.0105	0.0098	0.0091	0.0092	0.0090	0.0082
640	0.0089	0.0109	0.0094	0.0101	0.0112	0.0092	0.0112	0.0112	0.0101	0.0094	0.0098	0.0097	0.0088
650	0.0091	0.0114	0.0094	0.0102	0.0115	0.0094	0.0115	0.0115	0.0101	0.0095	0.0102	0.0101	0.0090
660	0.0093	0.0121	0.0095	0.0103	0.0119	0.0097	0.0119	0.0119	0.0103	0.0095	0.0107	0.0105	0.0093
670	0.0096	0.0126	0.0097	0.0106	0.0121	0.0101	0.0121	0.0121	0.0106	0.0097	0.0111	0.0109	0.0095
680	0.0099	0.0123	0.0099	0.0107	0.0120	0.0103	0.0120	0.0120	0.0107	0.0099	0.0112	0.0110	0.0097
690	0.0094	0.0112	0.0093	0.0100	0.0110	0.0098	0.0110	0.0110	0.0100	0.0093	0.0102	0.0102	0.0089
700	0.0106	0.0122	0.0103	0.0112	0.0121	0.0110	0.0122	0.0121	0.0112	0.0104	0.0113	0.0114	0.0101
710	0.0112	0.0122	0.0107	0.0116	0.0124	0.0114	0.0124	0.0124	0.0116	0.0107	0.0116	0.0117	0.0105
720	0.0107	0.0113	0.0102	0.0110	0.0116	0.0110	0.0117	0.0117	0.0110	0.0102	0.0109	0.0108	0.0096
730	0.0112	0.0113	0.0105	0.0114	0.0119	0.0114	0.0119	0.0119	0.0114	0.0105	0.0111	0.0111	0.0100
740	0.0122	0.0119	0.0113	0.0121	0.0126	0.0122	0.0126	0.0126	0.0122	0.0113	0.0120	0.0122	0.0112
750	0.0126	0.0119	0.0116	0.0124	0.0127	0.0126	0.0128	0.0127	0.0124	0.0116	0.0123	0.0125	0.0116
760	0.0086	0.0081	0.0080	0.0085	0.0087	0.0088	0.0087	0.0087	0.0086	0.0080	0.0082	0.0084	0.0078
770	0.0115	0.0104	0.0104	0.0111	0.0112	0.0115	0.0113	0.0113	0.0112	0.0105	0.0108	0.0111	0.0105
780	0.0134	0.0120	0.0121	0.0129	0.0130	0.0131	0.0130	0.0130	0.0130	0.0121	0.0126	0.0130	0.0122
790	0.0135	0.0119	0.0121	0.0129	0.0129	0.0132	0.0130	0.0129	0.0130	0.0121	0.0125	0.0129	0.0122
800	0.0135	0.0118	0.0121	0.0130	0.0129	0.0132	0.0129	0.0129	0.0130	0.0121	0.0125	0.0129	0.0122
810	0.0131	0.0115	0.0118	0.0127	0.0125	0.0129	0.0126	0.0126	0.0127	0.0118	0.0121	0.0124	0.0117
820	0.0122	0.0108	0.0111	0.0118	0.0119	0.0123	0.0120	0.0119	0.0119	0.0111	0.0113	0.0114	0.0106
830	0.0126	0.0113	0.0114	0.0122	0.0123	0.0125	0.0124	0.0123	0.0123	0.0114	0.0118	0.0119	0.0111
840	0.0133	0.0119	0.0119	0.0128	0.0129	0.0130	0.0129	0.0129	0.0128	0.0119	0.0124	0.0128	0.0120
850	0.0133	0.0121	0.0120	0.0129	0.0130	0.0131	0.0131	0.0130	0.0129	0.0121	0.0126	0.0129	0.0123
860	0.0132	0.0121	0.0120	0.0129	0.0131	0.0130	0.0130	0.0130	0.0129	0.0120	0.0126	0.0130	0.0122
870	0.0132	0.0123	0.0119	0.0128	0.0130	0.0130	0.0131	0.0130	0.0128	0.0120	0.0126	0.0130	0.0122
880	0.0130	0.0123	0.0118	0.0127	0.0130	0.0128	0.0130	0.0130	0.0127	0.0118	0.0125	0.0129	0.0121
890	0.0126	0.0121	0.0115	0.0124	0.0127	0.0125	0.0128	0.0127	0.0124	0.0116	0.0122	0.0125	0.0116
900	0.0112	0.0109	0.0104	0.0112	0.0116	0.0114	0.0116	0.0116	0.0113	0.0104	0.0109	0.0108	0.0099
910	0.0110	0.0108	0.0102	0.0110	0.0114	0.0112	0.0115	0.0115	0.0111	0.0103	0.0107	0.0105	0.0096
920	0.0113	0.0112	0.0104	0.0113	0.0117	0.0115	0.0118	0.0117	0.0114	0.0105	0.0110	0.0109	0.0099
930	0.0087	0.0088	0.0083	0.0090	0.0093	0.0093	0.0094	0.0094	0.0090	0.0083	0.0084	0.0080	0.0071
940	0.0071	0.0072	0.0069	0.0075	0.0077	0.0078	0.0079	0.0079	0.0075	0.0070	0.0068	0.0062	0.0052
950	0.0076	0.0078	0.0074	0.0080	0.0083	0.0083	0.0085	0.0084	0.0080	0.0074	0.0073	0.0067	0.0058
960	0.0089	0.0090	0.0085	0.0092	0.0095	0.0096	0.0097	0.0096	0.0092	0.0086	0.0086	0.0081	0.0072
970	0.0110	0.0108	0.0102	0.0110	0.0114	0.0112	0.0115	0.0114	0.0111	0.0103	0.0107	0.0106	0.0096
980	0.0118	0.0115	0.0109	0.0117	0.0121	0.0119	0.0121	0.0121	0.0118	0.0109	0.0114	0.0115	0.0106
990	0.0126	0.0123	0.0116	0.0125	0.0129	0.0126	0.0128	0.0129	0.0125	0.0116	0.0124	0.0126	0.0118
1000	0.0128	0.0124	0.0117	0.0126	0.0130	0.0128	0.0131	0.0130	0.0126	0.0117	0.0126	0.0128	0.0121
1010	0.0150	0.0142	0.0136	0.0147	0.0150	0.0148	0.0150	0.0150	0.0147	0.0136	0.0145	0.0149	0.0141
1020	0.0151	0.0141	0.0137	0.0147	0.0150	0.0149	0.0150	0.0150	0.0147	0.0137	0.0146	0.0149	0.0142
1030	0.0153	0.0141	0.0138	0.0149	0.0151	0.0150	0.0150	0.0151	0.0149	0.0138	0.0146	0.0151	0.0144
1040	0.0154	0.0141	0.0139	0.0149	0.0150	0.0152	0.0151	0.0150	0.0149	0.0140	0.0147	0.0151	0.0145
1050	0.0155	0.0139	0.0139	0.0149	0.0150	0.0153	0.0150	0.0150	0.0149	0.0139	0.0146	0.0151	0.0145
1060	0.0155	0.0135	0.0138	0.0148	0.0148	0.0151	0.0147	0.0148	0.0148	0.0138	0.0144	0.0149	0.0143
1070	0.0157	0.0134	0.0139	0.0149	0.0148	0.0152	0.0147	0.0148	0.0149	0.0139	0.0145	0.0150	0.0145
1080	0.0161	0.0135	0.0142	0.0152	0.0148	0.0155	0.0149	0.0149	0.0152	0.0142	0.0147	0.0152	0.0148
1090	0.0161	0.0132	0.0142	0.0151	0.0147	0.0154	0.0147	0.0147	0.0151	0.0142	0.0145	0.0150	0.0146
1100	0.0153	0.0126	0.0135	0.0145	0.0140	0.0149	0.0141	0.0141	0.0145	0.0135	0.0137	0.0140	0.0135
1110	0.0128	0.0109	0.0116	0.0126	0.0120	0.0131	0.0122	0.0121	0.0126	0.0117	0.0116	0.0115	0.0108
1120	9.0077	9.0070	9.0075	9.0081	9.0077	9.0088	9.0079	9.0079	9.0081	9.0076	9.0069	9.0063	9.0055
1130	9.0071	9.0066	9.0071	9.0077	9.0072	9.0083	9.0074	9.0074	9.0078	9.0072	9.0065	9.0059	9.0049
1140	9.0089	9.0084	9.0087	9.0095	9.0089	9.0102	9.0091	9.0090	9.0095	9.0088	9.0083	9.0078	9.0069
1150	9.0089	9.0087	9.0089	9.0097	9.0090	9.0104	9.0092	9.0092	9.0098	9.0090	9.0086	9.0080	9.0071
1160	0.0120	0.0118	0.0119	0.0128	0.0118	0.0135	0.0119	0.0119	0.0129	0.0120	0.0119	0.0118	0.0110
1170	0.0140	0.0138	0.0139	0.0150	0.0136	0.0154	0.0136	0.0136	0.0150	0.0139	0.0141	0.0144	0.0137
1180	0.0140	0.0142	0.0141	0.0153	0.0137	0.0157	0.0137	0.0137	0.0153	0.0141	0.0143	0.0147	0.0140
1190	0.0142	0.0147	0.0145	0.0157	0.0140	0.0161	0.0140	0.0140	0.0157	0.0145	0.0147	0.0152	0.0145
1200	0.0142	0.0149	0.0146	0.0158	0.0140	0.0162	0.0140	0.0141	0.0158	0.0146	0.0149	0.0154	0.0147
1210	0.0142	0.0153	0.0148	0.0161	0.0142	0.0165	0.0141	0.0142	0.0161	0.0148	0.0151	0.0158	0.0151
1220	0.0145	0.0159	0.0153	0.0165	0.0144	0.0170	0.0144	0.0145	0.0166	0.0153	0.0156	0.0164	0.0157
1230	0.0147	0.0164	0.0155	0.0169	0.0147	0.0173	0.0147	0.0146	0.0170	0.0156	0.0161	0.0170	0.0163
1240	0.0146	0.0166	0.0157	0.0171	0.0147	0.0175	0.0147	0.0147	0.0171	0.0157	0.0163	0.0172	0.0166
1250	0.0141	0.0163	0.0154	0.0168	0.0144	0.0171	0.0145	0.0143	0.0168	0.0154	0.0159	0.0169	0.0161
1260	0.0116	0.0138	0.0129	0.0140	0.0120	0.0143	0.0122	0.0121	0.0141	0.0129	0.0134	0.0141	0.0135
1270	0.0105	0.0128	0.0118	0.0129	0.0112	0.0132	0.0114	0.0112	0.0129	0.0119	0.0124	0.0130	0.0124
1280	0.0125	0.0151	0.0140	0.0153	0.0133	0.0154	0.0134	0.0134	0.0154	0.0140	0.0146	0.0154	0.0147
1290	0.0130	0.0159	0.0148	0.0161	0.0139	0.0160	0.0141	0.0140	0.0162	0.0148	0.0151	0.0161	0.0154
1300	0.0127	0.0155	0.0145	0.0158	0.0138	0.0156	0.0139	0.0138	0.0158	0.0145	0.0148	0.0155	0.0149
1310	0.0121	0.0147	0.0139	0.0150	0.0131	0.0148	0.0133	0.0132	0.0151	0.0139	0.0139	0.0145	0.0137
1320	0.0114	0.0138	0.0131	0.0142	0.0124	0.0140	0.0126	0.0125	0.0142	0.0131	0.0130	0.0133	0.0125
1330	9.0099	9.0120	9.0114	9.0124	9.0109	9.0124	9.0112	9.0111	9.0124	9.0115	9.0112	9.0111	9.0101
1340	9.0084	9.0103	9.0098	9.0107	9.0094	9.0107	9.0097	9.0097	9.0108	9.0099	9.0095	9.0092	9.0081
1350	9.0029	9.0037	9.0036	9.0040	9.0036	9.0043	9.0038	9.0038	9.0040	9.0037	9.0032	9.0027	9.0020
1360	9.0006	9.0006	9.0006	9.0007	9.0007	9.0007	9.0008	9.0008	9.0007	9.0007	9.0004	9.0003	9.0002
1370	9.0005	9.0006	9.0006	9.0006	9.0007	9.0007	9.0008	9.0008	9.0007	9.0006	9.0004	9.0003	9.0002
1380	9.0009	9.0010	9.0009	9.0011	9.0010	9.0011	9.0012	9.0012	9.0012	9.0010	9.0006	9.0004	9.0003
1390	9.0014	9.0015	9.0014	9.0015	9.0016	9.0016	9.0018	9.0017	9.0016	9.0016	9.0009	9.0006	9.0005
1400	9.0016	9.0016	9.0015	9.0015	9.0014	9.0015	9.0016	9.0016	9.0015	9.0015	9.0011	9.0009	9.0007
1410	9.0017	9.0016	9.0017	9.0018	9.0016	9.0022	9.0018	9.0018	9.0018	9.0018	9.0014	9.0010	9.0009
1420	9.0026	9.0030	9.0030	9.0033	9.0030	9.0040	9.0032	9.0031	9.0033	9.0031	9.0026	9.0019	9.0013
1430	9.0033	9.0043	9.0041	9.0045	9.0040	9.0050	9.0042	9.0042	9.0045	9.0042	9.0038	9.0031	9.0022
1440	9.0037	9.0049	9.0046	9.0052	9.0046	9.0056	9.0049	9.0048	9.0052	9.0048	9.0043	9.0035	9.0026
1450	9.0055	9.0069	9.0066	9.0073	9.0065	9.0075	9.0068	9.0067	9.0073	9.0068	9.0062	9.0055	9.0045
1460	9.0076	9.0092	9.0089	9.0097	9.0087	9.0097	9.0089	9.0089	9.0098	9.0090	9.0083	9.0078	9.0067
1470	9.0063	9.0076	9.0074	9.0081	9.0072	9.0081	9.0076	9.0075	9.0082	9.0075	9.0068	9.0061	9.0050
1480	9.0078	9.0091	9.0089	9.0097	9.0087	9.0094	9.0090	9.0089	9.0098	9.0090	9.0083	9.0077	9.0067
1490	9.0104	9.0118	9.0117	9.0125	9.0113	9.0118	9.0116	9.0114	9.0126	9.0118	9.0110	9.0109	9.0099
1500	0.0129	0.0143	0.0141	0.0150	0.0135	0.0139	0.0138	0.0136	0.0150	0.0142	0.0135	0.0140	0.0131
1510	0.0141	0.0153	0.0153	0.0162	0.0146	0.0147	0.0148	0.0147	0.0162	0.0154	0.0146	0.0153	0.0146
1520	0.0152	0.0161	0.0163	0.0170	0.0154	0.0154	0.0156	0.0155	0.0171	0.0163	0.0154	0.0164	0.0156
1530	0.0156	0.0165	0.0167	0.0174	0.0159	0.0157	0.0160	0.0159	0.0175	0.0167	0.0160	0.0170	0.0162
1540	0.0159	0.0166	0.0169	0.0176	0.0160	0.0158	0.0162	0.0161	0.0176	0.0170	0.0161	0.0173	0.0164
1550	0.0163	0.0169	0.0173	0.0180	0.0163	0.0160	0.0165	0.0164	0.0180	0.0173	0.0164	0.0176	0.0167
1560	0.0164	0.0170	0.0174	0.0180	0.0165	0.0159	0.0166	0.0165	0.0180	0.0174	0.0165	0.0177	0.0169
1570	0.0153	0.0157	0.0161	0.0167	0.0154	0.0149	0.0155	0.0154	0.0167	0.0162	0.0153	0.0164	0.0156
1580	0.0153	0.0157	0.0162	0.0167	0.0154	0.0148	0.0155	0.0154	0.0168	0.0162	0.0153	0.0164	0.0156
1590	0.0166	0.0168	0.0175	0.0181	0.0165	0.0158	0.0167	0.0166	0.0181	0.0175	0.0164	0.0176	0.0168
1600	0.0155	0.0159	0.0164	0.0169	0.0156	0.0149	0.0157	0.0156	0.0170	0.0164	0.0154	0.0165	0.0157
1610	0.0155	0.0157	0.0162	0.0167	0.0154	0.0146	0.0156	0.0155	0.0168	0.0162	0.0152	0.0164	0.0155
1620	0.0167	0.0168	0.0176	0.0179	0.0165	0.0158	0.0167	0.0166	0.0180	0.0176	0.0164	0.0176	0.0167
1630	0.0169	0.0168	0.0177	0.0180	0.0166	0.0158	0.0168	0.0166	0.0181	0.0177	0.0164	0.0177	0.0168
1640	0.0165	0.0165	0.0173	0.0178	0.0163	0.0155	0.0165	0.0164	0.0178	0.0174	0.0161	0.0173	0.0164
1650	0.0165	0.0164	0.0173	0.0177	0.0163	0.0154	0.0164	0.0164	0.0177	0.0173	0.0161	0.0172	0.0163
1660	0.0166	0.0167	0.0175	0.0179	0.0165	0.0155	0.0166	0.0165	0.0179	0.0175	0.0163	0.0174	0.0165
1670	0.0167	0.0166	0.0174	0.0178	0.0165	0.0154	0.0166	0.0165	0.0178	0.0174	0.0162	0.0174	0.0164
1680	0.0170	0.0168	0.0177	0.0181	0.0167	0.0156	0.0169	0.0167	0.0181	0.0177	0.0164	0.0177	0.0167
1690	0.0169	0.0167	0.0176	0.0180	0.0166	0.0156	0.0168	0.0167	0.0180	0.0177	0.0163	0.0175	0.0165
1700	0.0167	0.0166	0.0174	0.0178	0.0165	0.0155	0.0167	0.0165	0.0178	0.0176	0.0161	0.0173	0.0163
1710	0.0165	0.0164	0.0172	0.0177	0.0163	0.0154	0.0165	0.0164	0.0177	0.0174	0.0160	0.0171	0.0161
1720	0.0163	0.0162	0.0170	0.0175	0.0162	0.0152	0.0164	0.0162	0.0175	0.0171	0.0158	0.0168	0.0158
1730	0.0159	0.0160	0.0168	0.0172	0.0159	0.0150	0.0160	0.0160	0.0172	0.0168	0.0155	0.0164	0.0155
1740	0.0156	0.0157	0.0164	0.0168	0.0155	0.0148	0.0157	0.0156	0.0170	0.0164	0.0151	0.0160	0.0150
1750	0.0153	0.0155	0.0161	0.0167	0.0153	0.0147	0.0156	0.0154	0.0167	0.0163	0.0150	0.0158	0.0148
1760	0.0148	0.0151	0.0158	0.0163	0.0150	0.0144	0.0151	0.0151	0.0164	0.0158	0.0146	0.0153	0.0144
1770	0.0138	0.0143	0.0148	0.0154	0.0141	0.0137	0.0143	0.0142	0.0155	0.0148	0.0136	0.0141	0.0131
1780	0.0120	0.0126	0.0129	0.0136	0.0124	0.0122	0.0127	0.0126	0.0136	0.0130	0.0119	0.0120	0.0110
1790	9.0103	9.0110	9.0111	9.0119	9.0108	9.0108	9.0111	9.0111	9.0119	9.0112	9.0102	9.0099	9.0090
1800	9.0063	9.0070	9.0070	9.0076	9.0070	9.0072	9.0073	9.0072	9.0076	9.0071	9.0062	9.0055	9.0047
1810	9.0041	9.0044	9.0045	9.0049	9.0046	9.0048	9.0049	9.0048	9.0049	9.0046	9.0037	9.0028	9.0022
1820	9998	9998	9998	9998	9998	9998	9998	9998	9998	9998	9998	9998	9998
1830	9998	9998	9998	9998	9998	9998	9998	9998	9998	9998	9998	9998	9998
1840	9998	9998	9998	9998	9998	9998	9998	9998	9998	9998	9998	9998	9998
1850	9998	9998	9998	9998	9998	9998	9998	9998	9998	9998	9998	9998	9998
1860	9998	9998	9998	9998	9998	9998	9998	9998	9998	9998	9998	9998	9998
1870	9998	9998	9998	9998	9998	9998	9998	9998	9998	9998	9998	9998	9998
1880	9998	9998	9998	9998	9998	9998	9998	9998	9998	9998	9998	9998	9998
1890	9998	9998	9998	9998	9998	9998	9998	9998	9998	9998	9998	9998	9998
1900	9998	9998	9998	9998	9998	9998	9998	9998	9998	9998	9998	9998	9998
1910	9998	9998	9998	9998	9998	9998	9998	9998	9998	9998	9998	9998	9998
1920	9.0034	9.0029	9.0026	9.0027	9.0025	9.0027	9.0027	9.0027	9.0027	9.0028	9.0023	9.0018	9.0014
1930	9.0028	9.0024	9.0024	9.0025	9.0023	9.0029	9.0025	9.0025	9.0025	9.0025	9.0021	9.0017	9.0015
1940	9.0028	9.0029	9.0030	9.0032	9.0031	9.0039	9.0033	9.0033	9.0033	9.0031	9.0025	9.0019	9.0014
1950	9.0032	9.0034	9.0035	9.0038	9.0036	9.0044	9.0037	9.0037	9.0038	9.0036	9.0031	9.0026	9.0020
1960	9.0032	9.0035	9.0035	9.0038	9.0035	9.0043	9.0037	9.0036	9.0038	9.0036	9.0033	9.0030	9.0025
1970	9.0065	9.0070	9.0069	9.0075	9.0068	9.0081	9.0069	9.0069	9.0075	9.0070	9.0069	9.0069	9.0063
1980	0.0101	0.0107	0.0105	0.0115	0.0102	0.0121	0.0103	0.0104	0.0115	0.0106	0.0106	0.0108	0.0099
1990	0.0108	0.0119	0.0114	0.0125	0.0110	0.0131	0.0111	0.0111	0.0125	0.0115	0.0117	0.0119	0.0112
2000	0.0042	0.0050	0.0047	0.0051	0.0046	0.0056	0.0046	0.0046	0.0051	0.0047	0.0049	0.0050	0.0046
2010	0.0021	0.0027	0.0025	0.0027	0.0025	0.0031	0.0025	0.0025	0.0027	0.0025	0.0027	0.0026	0.0023
2020	0.0043	0.0056	0.0051	0.0055	0.0049	0.0060	0.0050	0.0050	0.0056	0.0051	0.0055	0.0055	0.0051
2030	0.0096	0.0120	0.0110	0.0121	0.0105	0.0124	0.0107	0.0106	0.0122	0.0110	0.0115	0.0120	0.0113
2040	0.0108	0.0135	0.0124	0.0137	0.0119	0.0139	0.0121	0.0120	0.0137	0.0126	0.0130	0.0136	0.0127
2050	0.0077	0.0099	0.0091	0.0100	0.0087	0.0102	0.0089	0.0088	0.0100	0.0091	0.0096	0.0100	0.0095
2060	0.0070	0.0091	0.0083	0.0091	0.0081	0.0093	0.0082	0.0081	0.0092	0.0084	0.0088	0.0092	0.0088
2070	0.0077	0.0099	0.0091	0.0100	0.0088	0.0101	0.0089	0.0088	0.0100	0.0091	0.0096	0.0100	0.0096
2080	0.0105	0.0131	0.0121	0.0133	0.0116	0.0133	0.0117	0.0117	0.0133	0.0121	0.0126	0.0132	0.0125
2090	0.0117	0.0144	0.0134	0.0147	0.0128	0.0147	0.0130	0.0129	0.0148	0.0134	0.0138	0.0147	0.0139
2100	0.0126	0.0154	0.0144	0.0157	0.0136	0.0157	0.0138	0.0136	0.0158	0.0144	0.0147	0.0157	0.0148
2110	0.0130	0.0158	0.0147	0.0161	0.0139	0.0160	0.0141	0.0140	0.0161	0.0148	0.0151	0.0162	0.0153
2120	0.0132	0.0159	0.0149	0.0162	0.0142	0.0160	0.0143	0.0142	0.0162	0.0149	0.0152	0.0163	0.0154
2130	0.0136	0.0161	0.0153	0.0165	0.0144	0.0163	0.0146	0.0145	0.0166	0.0153	0.0154	0.0167	0.0158
2140	0.0136	0.0163	0.0154	0.0166	0.0145	0.0164	0.0147	0.0145	0.0166	0.0154	0.0156	0.0168	0.0160
2150	0.0131	0.0159	0.0147	0.0162	0.0140	0.0162	0.0142	0.0140	0.0162	0.0148	0.0151	0.0163	0.0154
2160	0.0132	0.0153	0.0143	0.0157	0.0135	0.0161	0.0137	0.0135	0.0157	0.0144	0.0148	0.0159	0.0151
2170	0.0136	0.0147	0.0141	0.0154	0.0135	0.0158	0.0135	0.0135	0.0154	0.0142	0.0146	0.0156	0.0149
2180	0.0139	0.0139	0.0138	0.0150	0.0135	0.0153	0.0135	0.0135	0.0150	0.0138	0.0143	0.0150	0.0145
2190	0.0145	0.0132	0.0135	0.0146	0.0136	0.0149	0.0136	0.0136	0.0146	0.0135	0.0140	0.0147	0.0143
2200	0.0138	0.0120	0.0126	0.0136	0.0128	0.0139	0.0129	0.0129	0.0136	0.0126	0.0130	0.0136	0.0132
2210	0.0148	0.0125	0.0133	0.0143	0.0135	0.0145	0.0136	0.0136	0.0143	0.0133	0.0137	0.0144	0.0142
2220	0.0147	0.0127	0.0134	0.0143	0.0136	0.0147	0.0136	0.0135	0.0144	0.0134	0.0138	0.0146	0.0142
2230	0.0145	0.0127	0.0132	0.0142	0.0134	0.0146	0.0134	0.0134	0.0142	0.0133	0.0137	0.0145	0.0141
2240	0.0142	0.0123	0.0129	0.0139	0.0131	0.0142	0.0131	0.0132	0.0139	0.0129	0.0133	0.0141	0.0138
2250	0.0139	0.0120	0.0126	0.0135	0.0129	0.0138	0.0129	0.0129	0.0135	0.0126	0.0130	0.0137	0.0134
2260	0.0135	0.0115	0.0122	0.0130	0.0124	0.0134	0.0125	0.0124	0.0131	0.0122	0.0125	0.0132	0.0129
2270	0.0135	0.0113	0.0120	0.0129	0.0124	0.0133	0.0124	0.0124	0.0129	0.0121	0.0124	0.0131	0.0128
2280	0.0135	0.0112	0.0120	0.0128	0.0124	0.0131	0.0124	0.0124	0.0128	0.0120	0.0124	0.0130	0.0128
2290	0.0130	0.0108	0.0114	0.0123	0.0120	0.0126	0.0121	0.0120	0.0123	0.0115	0.0119	0.0124	0.0121
2300	0.0122	0.0107	0.0109	0.0117	0.0117	0.0121	0.0118	0.0117	0.0117	0.0110	0.0114	0.0118	0.0114
2310	9998	9998	9998	9998	9998	9998	9998	9998	9998	9998	9998	9998	9998
2320	9998	9998	9998	9998	9998	9998	9998	9998	9998	9998	9998	9998	9998
2330	9998	9998	9998	9998	9998	9998	9998	9998	9998	9998	9998	9998	9998
2340	9998	9998	9998	9998	9998	9998	9998	9998	9998	9998	9998	9998	9998
2350	9998	9998	9998	9998	9998	9998	9998	9998	9998	9998	9998	9998	9998
2360	9998	9998	9998	9998	9998	9998	9998	9998	9998	9998	9998	9998	9998
2370	9998	9998	9998	9998	9998	9998	9998	9998	9998	9998	9998	9998	9998
2380	9998	9998	9998	9998	9998	9998	9998	9998	9998	9998	9998	9998	9998
2390	9998	9998	9998	9998	9998	9998	9998	9998	9998	9998	9998	9998	9998
2400	9998	9998	9998	9998	9998	9998	9998	9998	9998	9998	9998	9998	9998
2410	9998	9998	9998	9998	9998	9998	9998	9998	9998	9998	9998	9998	9998
2420	9998	9998	9998	9998	9998	9998	9998	9998	9998	9998	9998	9998	9998
2430	9998	9998	9998	9998	9998	9998	9998	9998	9998	9998	9998	9998	9998
2440	9998	9998	9998	9998	9998	9998	9998	9998	9998	9998	9998	9998	9998
2450	9998	9998	9998	9998	9998	9998	9998	9998	9998	9998	9998	9998	9998
2460	9998	9998	9998	9998	9998	9998	9998	9998	9998	9998	9998	9998	9998
2470	9998	9998	9998	9998	9998	9998	9998	9998	9998	9998	9998	9998	9998
2480	9998	9998	9998	9998	9998	9998	9998	9998	9998	9998	9998	9998	9998
2490	9998	9998	9998	9998	9998	9998	9998	9998	9998	9998	9998	9998	9998
2500	9998	9998	9998	9998	9998	9998	9998	9998	9998	9998	9998	9998	9998