Site:	 GONA01
Lat:	 -23.59999
Lon:	 15.119215
Alt:	 510.0

Year:	2024	2024	2024	2024	2024	2024	2024	2024	2024	2024	2024	2024	2024
DOY(U):	291	291	291	291	291	291	291	291	291	291	291	291	291
UTC:	08:00	08:30	09:00	09:30	10:00	10:30	11:00	11:30	12:00	12:30	13:00	13:30	14:00
DOY(L):	291	291	291	291	291	291	291	291	291	291	291	291	291
Local:	09:00	09:30	10:00	10:30	11:00	11:30	12:00	12:30	13:00	13:30	14:00	14:30	15:00
P:	960.41	960.08	959.74	959.40	959.02	958.58	958.15	957.71	957.27	956.96	956.73	956.50	956.27
T:	295.6	296.3	297.4	298.7	299.8	300.5	301.3	302.1	302.6	302.6	302.6	302.7	303.1
WV:	0.75	0.77	0.74	0.63	0.60	0.62	0.59	0.61	0.59	0.64	0.63	0.59	0.59
O3:	289.92	289.66	289.40	289.15	288.89	288.63	288.38	288.12	287.86	288.11	288.36	288.61	288.85
AOD:	0.079	0.078	0.073	0.066	0.069	0.073	0.067	0.080	0.076	0.083	0.096	0.095	0.097
Ang:	1.011	1.072	1.132	1.192	1.252	1.312	1.113	1.109	1.106	1.102	1.099	1.095	1.092
Type:	R	R	R	R	R	R	R	R	R	R	R	R	R
Zen:	41.7551	35.1212	28.7170	22.7519	17.6890	14.5163	14.5343	17.7330	22.8080	28.7778	35.1831	41.8161	48.5742
Azi:	77.3229	72.0363	64.9955	54.8429	39.0740	14.6954	-15.113	-39.400	-55.095	-65.207	-72.227	-77.503	-81.750
esd:	0.99562	0.99562	0.99561	0.99561	0.99560	0.99559	0.99559	0.99558	0.99558	0.99557	0.99557	0.99556	0.99555



400	0.2087	0.2060	0.2046	0.2040	0.2044	0.2051	0.2045	0.2048	0.2044	0.2051	0.2071	0.2099	0.2152
410	0.2032	0.2007	0.1995	0.1991	0.1996	0.2004	0.1998	0.2000	0.1995	0.2000	0.2017	0.2042	0.2091
420	0.1996	0.1975	0.1965	0.1963	0.1969	0.1978	0.1973	0.1973	0.1967	0.1970	0.1984	0.2005	0.2049
430	0.1980	0.1962	0.1956	0.1956	0.1963	0.1972	0.1968	0.1967	0.1959	0.1960	0.1971	0.1989	0.2028
440	0.1977	0.1963	0.1959	0.1961	0.1970	0.1980	0.1977	0.1974	0.1964	0.1962	0.1971	0.1985	0.2020
450	0.1981	0.1970	0.1967	0.1971	0.1982	0.1993	0.1990	0.1985	0.1974	0.1971	0.1977	0.1988	0.2020
460	0.1984	0.1975	0.1974	0.1980	0.1992	0.2003	0.2001	0.1994	0.1983	0.1977	0.1981	0.1991	0.2019
470	0.1980	0.1973	0.1974	0.1982	0.1995	0.2007	0.2004	0.1997	0.1984	0.1977	0.1979	0.1986	0.2010
480	0.1976	0.1972	0.1975	0.1984	0.1997	0.2010	0.2008	0.2000	0.1986	0.1977	0.1977	0.1981	0.2002
490	0.2009	0.2005	0.2011	0.2020	0.2035	0.2048	0.2046	0.2037	0.2022	0.2012	0.2010	0.2014	0.2032
500	0.2029	0.2027	0.2034	0.2045	0.2062	0.2075	0.2074	0.2063	0.2047	0.2036	0.2032	0.2033	0.2048
510	0.2054	0.2055	0.2064	0.2077	0.2095	0.2110	0.2108	0.2097	0.2079	0.2066	0.2059	0.2058	0.2071
520	0.2098	0.2100	0.2111	0.2125	0.2144	0.2160	0.2159	0.2145	0.2127	0.2112	0.2103	0.2100	0.2109
530	0.2128	0.2133	0.2146	0.2163	0.2183	0.2200	0.2199	0.2184	0.2164	0.2148	0.2136	0.2130	0.2135
540	0.2189	0.2198	0.2212	0.2232	0.2253	0.2271	0.2270	0.2254	0.2233	0.2214	0.2200	0.2191	0.2194
550	0.2272	0.2283	0.2299	0.2321	0.2343	0.2362	0.2362	0.2344	0.2321	0.2300	0.2284	0.2274	0.2272
560	0.2362	0.2376	0.2396	0.2419	0.2443	0.2462	0.2462	0.2443	0.2419	0.2396	0.2376	0.2362	0.2356
570	0.2422	0.2440	0.2464	0.2491	0.2517	0.2537	0.2538	0.2517	0.2491	0.2465	0.2442	0.2423	0.2409
580	0.2537	0.2558	0.2584	0.2612	0.2639	0.2660	0.2661	0.2639	0.2612	0.2584	0.2558	0.2537	0.2520
590	0.2643	0.2665	0.2695	0.2731	0.2761	0.2781	0.2784	0.2759	0.2733	0.2701	0.2673	0.2653	0.2634
600	0.2753	0.2777	0.2807	0.2841	0.2872	0.2893	0.2895	0.2871	0.2842	0.2810	0.2781	0.2757	0.2736
610	0.2875	0.2900	0.2929	0.2960	0.2990	0.3014	0.3014	0.2990	0.2959	0.2928	0.2898	0.2872	0.2852
620	0.2955	0.2980	0.3010	0.3043	0.3074	0.3098	0.3099	0.3072	0.3041	0.3009	0.2978	0.2952	0.2931
630	0.2973	0.3001	0.3033	0.3067	0.3099	0.3124	0.3125	0.3097	0.3066	0.3032	0.2999	0.2971	0.2947
640	0.3125	0.3150	0.3181	0.3215	0.3248	0.3274	0.3275	0.3247	0.3214	0.3181	0.3148	0.3124	0.3105
650	0.3181	0.3206	0.3239	0.3280	0.3315	0.3340	0.3343	0.3312	0.3280	0.3243	0.3211	0.3189	0.3169
660	0.3292	0.3315	0.3347	0.3384	0.3419	0.3445	0.3447	0.3416	0.3383	0.3347	0.3316	0.3293	0.3275
670	0.3386	0.3409	0.3439	0.3473	0.3508	0.3536	0.3536	0.3505	0.3471	0.3437	0.3405	0.3382	0.3367
680	0.3394	0.3417	0.3448	0.3483	0.3517	0.3545	0.3546	0.3515	0.3480	0.3445	0.3412	0.3389	0.3373
690	0.3102	0.3131	0.3168	0.3211	0.3247	0.3273	0.3275	0.3244	0.3210	0.3171	0.3134	0.3106	0.3079
700	0.3415	0.3438	0.3475	0.3528	0.3568	0.3593	0.3598	0.3564	0.3531	0.3487	0.3454	0.3435	0.3415
710	0.3511	0.3534	0.3570	0.3618	0.3657	0.3683	0.3687	0.3653	0.3619	0.3578	0.3544	0.3525	0.3508
720	0.3183	0.3210	0.3259	0.3344	0.3392	0.3412	0.3425	0.3384	0.3356	0.3296	0.3260	0.3245	0.3215
730	0.3290	0.3316	0.3366	0.3447	0.3496	0.3516	0.3529	0.3487	0.3459	0.3399	0.3363	0.3348	0.3319
740	0.3641	0.3664	0.3700	0.3747	0.3787	0.3815	0.3818	0.3782	0.3748	0.3705	0.3672	0.3651	0.3635
750	0.3748	0.3769	0.3800	0.3837	0.3873	0.3903	0.3904	0.3869	0.3833	0.3797	0.3764	0.3742	0.3730
760	0.2544	0.2577	0.2611	0.2646	0.2677	0.2700	0.2700	0.2673	0.2642	0.2608	0.2570	0.2538	0.2507
770	0.3287	0.3315	0.3349	0.3386	0.3421	0.3448	0.3448	0.3416	0.3382	0.3345	0.3308	0.3280	0.3256
780	0.3812	0.3833	0.3863	0.3899	0.3936	0.3965	0.3965	0.3931	0.3896	0.3859	0.3826	0.3807	0.3796
790	0.3768	0.3789	0.3822	0.3867	0.3906	0.3934	0.3936	0.3900	0.3866	0.3826	0.3792	0.3774	0.3761
800	0.3753	0.3774	0.3809	0.3857	0.3896	0.3924	0.3926	0.3890	0.3857	0.3815	0.3782	0.3765	0.3751
810	0.3596	0.3619	0.3659	0.3723	0.3767	0.3791	0.3798	0.3759	0.3728	0.3679	0.3644	0.3629	0.3609
820	0.3257	0.3282	0.3333	0.3425	0.3476	0.3493	0.3508	0.3465	0.3439	0.3375	0.3339	0.3328	0.3298
830	0.3440	0.3463	0.3508	0.3583	0.3630	0.3651	0.3662	0.3621	0.3592	0.3536	0.3502	0.3489	0.3466
840	0.3716	0.3736	0.3771	0.3820	0.3859	0.3886	0.3889	0.3853	0.3820	0.3778	0.3746	0.3730	0.3718
850	0.3791	0.3809	0.3839	0.3876	0.3913	0.3941	0.3942	0.3908	0.3873	0.3837	0.3806	0.3789	0.3782
860	0.3797	0.3814	0.3842	0.3877	0.3913	0.3942	0.3942	0.3908	0.3873	0.3838	0.3807	0.3791	0.3785
870	0.3794	0.3810	0.3838	0.3872	0.3907	0.3936	0.3935	0.3901	0.3867	0.3833	0.3803	0.3787	0.3781
880	0.3769	0.3786	0.3814	0.3849	0.3884	0.3914	0.3913	0.3879	0.3845	0.3810	0.3780	0.3764	0.3758
890	0.3622	0.3640	0.3674	0.3723	0.3762	0.3788	0.3792	0.3755	0.3724	0.3681	0.3650	0.3636	0.3625
900	0.3078	0.3101	0.3153	0.3248	0.3299	0.3315	0.3332	0.3287	0.3264	0.3198	0.3163	0.3155	0.3126
910	0.2964	0.2989	0.3046	0.3154	0.3210	0.3224	0.3243	0.3197	0.3175	0.3103	0.3067	0.3061	0.3027
920	0.3074	0.3098	0.3154	0.3257	0.3311	0.3326	0.3344	0.3298	0.3276	0.3205	0.3171	0.3163	0.3132
930	0.2176	0.2202	0.2269	0.2409	0.2471	0.2474	0.2504	0.2455	0.2444	0.2355	0.2320	0.2320	0.2274
940	0.1597	0.1624	0.1699	0.1866	0.1934	0.1929	0.1968	0.1915	0.1912	0.1810	0.1775	0.1779	0.1723
950	0.1763	0.1791	0.1866	0.2029	0.2098	0.2094	0.2131	0.2078	0.2073	0.1972	0.1937	0.1940	0.1885
960	0.2189	0.2217	0.2289	0.2441	0.2507	0.2509	0.2542	0.2488	0.2479	0.2383	0.2347	0.2346	0.2296
970	0.2953	0.2978	0.3035	0.3144	0.3200	0.3213	0.3233	0.3186	0.3165	0.3092	0.3057	0.3051	0.3018
980	0.3261	0.3283	0.3331	0.3417	0.3465	0.3484	0.3497	0.3454	0.3428	0.3368	0.3334	0.3325	0.3302
990	0.3647	0.3665	0.3698	0.3745	0.3783	0.3810	0.3813	0.3777	0.3745	0.3705	0.3674	0.3660	0.3651
1000	0.3729	0.3746	0.3774	0.3812	0.3847	0.3876	0.3876	0.3841	0.3808	0.3773	0.3743	0.3729	0.3723
1010	0.3747	0.3764	0.3792	0.3829	0.3865	0.3892	0.3893	0.3858	0.3825	0.3790	0.3760	0.3746	0.3740
1020	0.3770	0.3786	0.3814	0.3849	0.3884	0.3912	0.3913	0.3878	0.3844	0.3810	0.3780	0.3766	0.3761
1030	0.3789	0.3805	0.3832	0.3867	0.3902	0.3930	0.3930	0.3895	0.3862	0.3828	0.3798	0.3784	0.3779
1040	0.3805	0.3822	0.3848	0.3882	0.3917	0.3945	0.3944	0.3910	0.3877	0.3843	0.3814	0.3799	0.3794
1050	0.3799	0.3816	0.3843	0.3878	0.3912	0.3941	0.3939	0.3906	0.3872	0.3838	0.3808	0.3792	0.3786
1060	0.3747	0.3767	0.3797	0.3833	0.3868	0.3897	0.3895	0.3862	0.3827	0.3792	0.3760	0.3741	0.3730
1070	0.3755	0.3776	0.3807	0.3845	0.3881	0.3909	0.3909	0.3874	0.3841	0.3804	0.3772	0.3754	0.3742
1080	0.3788	0.3806	0.3839	0.3884	0.3922	0.3949	0.3951	0.3914	0.3882	0.3843	0.3812	0.3798	0.3789
1090	0.3711	0.3730	0.3768	0.3828	0.3870	0.3894	0.3900	0.3860	0.3831	0.3784	0.3752	0.3741	0.3727
1100	0.3383	0.3407	0.3462	0.3562	0.3615	0.3632	0.3648	0.3601	0.3578	0.3510	0.3475	0.3468	0.3438
1110	0.2683	0.2711	0.2779	0.2918	0.2982	0.2988	0.3015	0.2963	0.2950	0.2862	0.2825	0.2823	0.2778
1120	0.1333	0.1360	0.1434	0.1605	0.1673	0.1664	0.1705	0.1653	0.1654	0.1550	0.1518	0.1524	0.1466
1130	0.1198	0.1225	0.1301	0.1479	0.1550	0.1538	0.1582	0.1530	0.1532	0.1424	0.1393	0.1400	0.1339
1140	0.1680	0.1709	0.1791	0.1972	0.2045	0.2038	0.2079	0.2024	0.2023	0.1913	0.1878	0.1884	0.1822
1150	0.1725	0.1755	0.1838	0.2021	0.2095	0.2087	0.2129	0.2073	0.2072	0.1960	0.1925	0.1930	0.1867
1160	0.2702	0.2733	0.2807	0.2958	0.3026	0.3030	0.3060	0.3006	0.2994	0.2898	0.2860	0.2858	0.2808
1170	0.3416	0.3443	0.3502	0.3614	0.3670	0.3684	0.3703	0.3655	0.3633	0.3559	0.3522	0.3515	0.3481
1180	0.3512	0.3538	0.3594	0.3696	0.3750	0.3766	0.3782	0.3735	0.3713	0.3643	0.3608	0.3600	0.3569
1190	0.3652	0.3676	0.3730	0.3826	0.3878	0.3896	0.3910	0.3864	0.3840	0.3774	0.3739	0.3730	0.3703
1200	0.3705	0.3730	0.3782	0.3874	0.3924	0.3943	0.3956	0.3911	0.3886	0.3822	0.3786	0.3777	0.3749
1210	0.3805	0.3830	0.3877	0.3959	0.4007	0.4027	0.4037	0.3994	0.3968	0.3909	0.3873	0.3862	0.3837
1220	0.3989	0.4012	0.4055	0.4121	0.4164	0.4188	0.4194	0.4153	0.4124	0.4074	0.4039	0.4025	0.4005
1230	0.4151	0.4172	0.4207	0.4257	0.4295	0.4322	0.4323	0.4286	0.4255	0.4213	0.4180	0.4164	0.4151
1240	0.4228	0.4248	0.4279	0.4318	0.4354	0.4382	0.4380	0.4345	0.4311	0.4276	0.4242	0.4224	0.4213
1250	0.4149	0.4174	0.4207	0.4246	0.4282	0.4310	0.4308	0.4273	0.4238	0.4201	0.4166	0.4142	0.4125
1260	0.3726	0.3765	0.3808	0.3851	0.3888	0.3916	0.3914	0.3880	0.3844	0.3802	0.3758	0.3720	0.3681
1270	0.3414	0.3461	0.3508	0.3554	0.3592	0.3620	0.3618	0.3584	0.3548	0.3503	0.3455	0.3410	0.3360
1280	0.4062	0.4091	0.4129	0.4173	0.4210	0.4238	0.4237	0.4201	0.4167	0.4127	0.4088	0.4063	0.4038
1290	0.4215	0.4238	0.4275	0.4329	0.4369	0.4394	0.4397	0.4358	0.4327	0.4283	0.4250	0.4234	0.4219
1300	0.4016	0.4039	0.4086	0.4164	0.4211	0.4232	0.4241	0.4198	0.4171	0.4114	0.4080	0.4070	0.4047
1310	0.3668	0.3694	0.3754	0.3864	0.3919	0.3934	0.3951	0.3903	0.3882	0.3808	0.3772	0.3765	0.3731
1320	0.3314	0.3344	0.3414	0.3553	0.3616	0.3625	0.3650	0.3597	0.3581	0.3492	0.3454	0.3451	0.3405
1330	0.2627	0.2660	0.2746	0.2927	0.3002	0.3001	0.3038	0.2979	0.2972	0.2861	0.2820	0.2823	0.2762
1340	0.2100	0.2132	0.2219	0.2410	0.2488	0.2481	0.2523	0.2464	0.2462	0.2346	0.2307	0.2313	0.2248
1350	0.0543	0.0557	0.0600	0.0711	0.0756	0.0745	0.0775	0.0743	0.0748	0.0679	0.0661	0.0667	0.0629
1360	0.0016	0.0016	0.0017	0.0024	0.0028	0.0026	0.0030	0.0027	0.0028	0.0023	0.0022	0.0023	0.0021
1370	0.0013	0.0012	0.0013	0.0018	0.0021	0.0020	0.0023	0.0021	0.0022	0.0017	0.0017	0.0018	0.0017
1380	0.0017	0.0017	0.0020	0.0031	0.0037	0.0035	0.0040	0.0036	0.0037	0.0029	0.0027	0.0029	0.0025
1390	0.0025	0.0026	0.0031	0.0051	0.0061	0.0057	0.0065	0.0059	0.0061	0.0046	0.0043	0.0046	0.0039
1400	0.0042	0.0044	0.0053	0.0083	0.0096	0.0092	0.0103	0.0093	0.0096	0.0075	0.0071	0.0074	0.0064
1410	0.0125	0.0130	0.0150	0.0210	0.0235	0.0227	0.0246	0.0228	0.0233	0.0193	0.0185	0.0190	0.0169
1420	0.0327	0.0340	0.0382	0.0492	0.0536	0.0524	0.0555	0.0524	0.0530	0.0461	0.0445	0.0452	0.0413
1430	0.0579	0.0598	0.0653	0.0787	0.0840	0.0828	0.0863	0.0825	0.0830	0.0747	0.0725	0.0730	0.0682
1440	0.0652	0.0676	0.0740	0.0894	0.0955	0.0941	0.0981	0.0937	0.0943	0.0848	0.0821	0.0826	0.0768
1450	0.1120	0.1148	0.1228	0.1417	0.1492	0.1477	0.1523	0.1469	0.1475	0.1361	0.1329	0.1337	0.1270
1460	0.1676	0.1710	0.1804	0.2020	0.2105	0.2092	0.2142	0.2079	0.2083	0.1953	0.1915	0.1925	0.1851
1470	0.1276	0.1306	0.1390	0.1590	0.1669	0.1654	0.1702	0.1646	0.1651	0.1530	0.1497	0.1506	0.1437
1480	0.1687	0.1720	0.1811	0.2018	0.2099	0.2087	0.2135	0.2074	0.2077	0.1953	0.1916	0.1924	0.1852
1490	0.2546	0.2580	0.2669	0.2861	0.2940	0.2936	0.2976	0.2915	0.2910	0.2794	0.2754	0.2758	0.2694
1500	0.3445	0.3476	0.3546	0.3687	0.3751	0.3760	0.3783	0.3730	0.3715	0.3626	0.3588	0.3586	0.3542
1510	0.3879	0.3906	0.3965	0.4075	0.4131	0.4145	0.4161	0.4113	0.4092	0.4019	0.3984	0.3978	0.3947
1520	0.4223	0.4246	0.4294	0.4379	0.4428	0.4447	0.4457	0.4414	0.4388	0.4329	0.4295	0.4287	0.4265
1530	0.4435	0.4456	0.4495	0.4555	0.4597	0.4621	0.4624	0.4585	0.4555	0.4509	0.4477	0.4464	0.4450
1540	0.4531	0.4552	0.4585	0.4630	0.4668	0.4695	0.4694	0.4657	0.4626	0.4587	0.4555	0.4540	0.4529
1550	0.4636	0.4653	0.4682	0.4722	0.4757	0.4785	0.4783	0.4747	0.4716	0.4681	0.4651	0.4638	0.4633
1560	0.4665	0.4681	0.4709	0.4747	0.4781	0.4809	0.4807	0.4772	0.4740	0.4706	0.4677	0.4664	0.4660
1570	0.4314	0.4342	0.4379	0.4419	0.4456	0.4484	0.4481	0.4447	0.4413	0.4374	0.4338	0.4313	0.4290
1580	0.4316	0.4344	0.4380	0.4420	0.4457	0.4484	0.4482	0.4448	0.4414	0.4376	0.4339	0.4314	0.4291
1590	0.4658	0.4676	0.4703	0.4741	0.4776	0.4804	0.4801	0.4766	0.4735	0.4700	0.4671	0.4657	0.4652
1600	0.4359	0.4387	0.4421	0.4461	0.4497	0.4525	0.4522	0.4488	0.4454	0.4417	0.4381	0.4357	0.4337
1610	0.4309	0.4338	0.4373	0.4413	0.4449	0.4478	0.4475	0.4440	0.4406	0.4369	0.4332	0.4306	0.4282
1620	0.4653	0.4671	0.4700	0.4735	0.4769	0.4798	0.4795	0.4760	0.4728	0.4695	0.4665	0.4650	0.4643
1630	0.4680	0.4697	0.4725	0.4760	0.4794	0.4823	0.4819	0.4786	0.4753	0.4720	0.4691	0.4676	0.4671
1640	0.4578	0.4599	0.4630	0.4667	0.4702	0.4731	0.4728	0.4694	0.4661	0.4626	0.4594	0.4576	0.4565
1650	0.4550	0.4572	0.4604	0.4643	0.4679	0.4707	0.4705	0.4670	0.4638	0.4602	0.4569	0.4551	0.4538
1660	0.4599	0.4619	0.4650	0.4690	0.4726	0.4754	0.4752	0.4717	0.4685	0.4649	0.4619	0.4602	0.4592
1670	0.4584	0.4605	0.4636	0.4676	0.4712	0.4740	0.4738	0.4703	0.4671	0.4636	0.4604	0.4588	0.4576
1680	0.4657	0.4675	0.4705	0.4744	0.4780	0.4807	0.4806	0.4771	0.4740	0.4705	0.4675	0.4661	0.4654
1690	0.4600	0.4619	0.4651	0.4698	0.4735	0.4761	0.4762	0.4726	0.4695	0.4657	0.4627	0.4613	0.4603
1700	0.4538	0.4559	0.4594	0.4646	0.4686	0.4711	0.4713	0.4677	0.4646	0.4604	0.4573	0.4559	0.4545
1710	0.4464	0.4486	0.4524	0.4583	0.4625	0.4649	0.4652	0.4615	0.4585	0.4540	0.4508	0.4494	0.4479
1720	0.4383	0.4405	0.4445	0.4511	0.4554	0.4577	0.4583	0.4544	0.4516	0.4467	0.4435	0.4423	0.4407
1730	0.4279	0.4303	0.4348	0.4421	0.4468	0.4489	0.4497	0.4457	0.4430	0.4375	0.4343	0.4332	0.4310
1740	0.4138	0.4161	0.4210	0.4297	0.4347	0.4365	0.4377	0.4334	0.4310	0.4249	0.4217	0.4209	0.4185
1750	0.4074	0.4096	0.4147	0.4239	0.4290	0.4308	0.4320	0.4277	0.4253	0.4191	0.4159	0.4152	0.4128
1760	0.3930	0.3955	0.4009	0.4113	0.4166	0.4182	0.4197	0.4152	0.4131	0.4063	0.4030	0.4025	0.3996
1770	0.3527	0.3556	0.3626	0.3767	0.3831	0.3840	0.3865	0.3814	0.3798	0.3710	0.3674	0.3672	0.3628
1780	0.2886	0.2918	0.2999	0.3172	0.3246	0.3246	0.3281	0.3225	0.3217	0.3111	0.3075	0.3077	0.3021
1790	0.2302	0.2335	0.2424	0.2621	0.2701	0.2694	0.2736	0.2677	0.2675	0.2557	0.2520	0.2526	0.2459
1800	0.1158	0.1183	0.1257	0.1435	0.1505	0.1491	0.1536	0.1485	0.1491	0.1383	0.1355	0.1364	0.1303
1810	0.0507	0.0524	0.0579	0.0722	0.0778	0.0763	0.0802	0.0763	0.0771	0.0683	0.0663	0.0672	0.0622
1820	9998	9998	9998	9998	9998	9998	9998	9998	9998	9998	9998	9998	9998
1830	9998	9998	9998	9998	9998	9998	9998	9998	9998	9998	9998	9998	9998
1840	9998	9998	9998	9998	9998	9998	9998	9998	9998	9998	9998	9998	9998
1850	9998	9998	9998	9998	9998	9998	9998	9998	9998	9998	9998	9998	9998
1860	9998	9998	9998	9998	9998	9998	9998	9998	9998	9998	9998	9998	9998
1870	9998	9998	9998	9998	9998	9998	9998	9998	9998	9998	9998	9998	9998
1880	9998	9998	9998	9998	9998	9998	9998	9998	9998	9998	9998	9998	9998
1890	9998	9998	9998	9998	9998	9998	9998	9998	9998	9998	9998	9998	9998
1900	9998	9998	9998	9998	9998	9998	9998	9998	9998	9998	9998	9998	9998
1910	9998	9998	9998	9998	9998	9998	9998	9998	9998	9998	9998	9998	9998
1920	0.0054	0.0058	0.0070	0.0113	0.0132	0.0125	0.0140	0.0127	0.0131	0.0102	0.0096	0.0100	0.0085
1930	0.0112	0.0118	0.0138	0.0200	0.0227	0.0218	0.0239	0.0221	0.0226	0.0184	0.0176	0.0181	0.0159
1940	0.0299	0.0311	0.0348	0.0446	0.0487	0.0476	0.0504	0.0476	0.0482	0.0419	0.0404	0.0409	0.0373
1950	0.0467	0.0489	0.0535	0.0639	0.0682	0.0675	0.0701	0.0671	0.0671	0.0605	0.0581	0.0575	0.0528
1960	0.0596	0.0624	0.0671	0.0763	0.0802	0.0800	0.0820	0.0792	0.0787	0.0728	0.0700	0.0685	0.0634
1970	0.1589	0.1630	0.1694	0.1807	0.1858	0.1864	0.1883	0.1846	0.1832	0.1758	0.1718	0.1695	0.1631
1980	0.2635	0.2666	0.2736	0.2872	0.2935	0.2942	0.2966	0.2919	0.2905	0.2819	0.2784	0.2776	0.2725
1990	0.2966	0.2997	0.3062	0.3187	0.3247	0.3257	0.3279	0.3233	0.3215	0.3135	0.3101	0.3093	0.3048
2000	0.1171	0.1208	0.1250	0.1309	0.1340	0.1349	0.1356	0.1333	0.1316	0.1274	0.1240	0.1211	0.1163
2010	0.0543	0.0584	0.0619	0.0654	0.0676	0.0685	0.0687	0.0672	0.0655	0.0625	0.0591	0.0553	0.0501
2020	0.1283	0.1332	0.1381	0.1438	0.1471	0.1484	0.1488	0.1464	0.1442	0.1397	0.1354	0.1310	0.1246
2030	0.3077	0.3122	0.3177	0.3250	0.3295	0.3317	0.3322	0.3286	0.3256	0.3200	0.3156	0.3119	0.3064
2040	0.3530	0.3571	0.3621	0.3689	0.3734	0.3758	0.3762	0.3726	0.3694	0.3641	0.3600	0.3567	0.3521
2050	0.2538	0.2592	0.2644	0.2699	0.2737	0.2760	0.2760	0.2731	0.2699	0.2651	0.2603	0.2554	0.2490
2060	0.2286	0.2341	0.2396	0.2455	0.2494	0.2515	0.2516	0.2487	0.2456	0.2407	0.2358	0.2308	0.2239
2070	0.2518	0.2573	0.2627	0.2684	0.2724	0.2746	0.2746	0.2717	0.2685	0.2636	0.2587	0.2537	0.2471
2080	0.3451	0.3495	0.3543	0.3598	0.3639	0.3665	0.3665	0.3632	0.3598	0.3550	0.3507	0.3468	0.3420
2090	0.3849	0.3884	0.3925	0.3977	0.4017	0.4044	0.4044	0.4012	0.3977	0.3933	0.3896	0.3867	0.3834
2100	0.4096	0.4119	0.4157	0.4214	0.4255	0.4280	0.4283	0.4248	0.4218	0.4173	0.4143	0.4127	0.4109
2110	0.4239	0.4259	0.4291	0.4338	0.4376	0.4403	0.4403	0.4370	0.4339	0.4300	0.4272	0.4257	0.4246
2120	0.4242	0.4260	0.4295	0.4348	0.4388	0.4413	0.4416	0.4381	0.4351	0.4309	0.4282	0.4271	0.4260
2130	0.4361	0.4376	0.4405	0.4448	0.4485	0.4512	0.4512	0.4479	0.4449	0.4412	0.4387	0.4376	0.4372
2140	0.4420	0.4434	0.4460	0.4496	0.4530	0.4558	0.4557	0.4525	0.4493	0.4461	0.4437	0.4425	0.4424
2150	0.4244	0.4262	0.4295	0.4346	0.4385	0.4411	0.4412	0.4378	0.4347	0.4307	0.4280	0.4269	0.4260
2160	0.4130	0.4149	0.4184	0.4239	0.4279	0.4305	0.4307	0.4272	0.4242	0.4200	0.4172	0.4160	0.4148
2170	0.4068	0.4087	0.4120	0.4172	0.4212	0.4238	0.4239	0.4205	0.4175	0.4134	0.4106	0.4094	0.4084
2180	0.3938	0.3956	0.3992	0.4050	0.4091	0.4115	0.4119	0.4084	0.4055	0.4011	0.3984	0.3974	0.3963
2190	0.3849	0.3867	0.3903	0.3962	0.4004	0.4027	0.4032	0.3996	0.3968	0.3923	0.3897	0.3888	0.3878
2200	0.3577	0.3604	0.3644	0.3702	0.3744	0.3768	0.3771	0.3736	0.3706	0.3660	0.3628	0.3609	0.3585
2210	0.3822	0.3840	0.3871	0.3917	0.3955	0.3981	0.3981	0.3948	0.3917	0.3880	0.3853	0.3840	0.3832
2220	0.3858	0.3876	0.3906	0.3948	0.3984	0.4011	0.4010	0.3978	0.3946	0.3911	0.3884	0.3870	0.3863
2230	0.3831	0.3851	0.3881	0.3920	0.3955	0.3983	0.3981	0.3949	0.3917	0.3882	0.3854	0.3836	0.3825
2240	0.3751	0.3775	0.3806	0.3845	0.3881	0.3909	0.3906	0.3875	0.3841	0.3806	0.3776	0.3755	0.3739
2250	0.3649	0.3677	0.3710	0.3749	0.3785	0.3813	0.3810	0.3779	0.3745	0.3709	0.3677	0.3652	0.3631
2260	0.3511	0.3542	0.3578	0.3618	0.3655	0.3683	0.3680	0.3649	0.3614	0.3577	0.3542	0.3513	0.3486
2270	0.3467	0.3499	0.3535	0.3576	0.3613	0.3640	0.3638	0.3607	0.3573	0.3535	0.3500	0.3472	0.3445
2280	0.3450	0.3480	0.3515	0.3554	0.3590	0.3618	0.3615	0.3584	0.3550	0.3514	0.3480	0.3452	0.3427
2290	0.3280	0.3314	0.3354	0.3400	0.3438	0.3465	0.3465	0.3432	0.3398	0.3358	0.3321	0.3291	0.3258
2300	0.3141	0.3180	0.3222	0.3269	0.3308	0.3335	0.3335	0.3302	0.3267	0.3226	0.3186	0.3152	0.3113
2310	9998	9998	9998	9998	9998	9998	9998	9998	9998	9998	9998	9998	9998
2320	9998	9998	9998	9998	9998	9998	9998	9998	9998	9998	9998	9998	9998
2330	9998	9998	9998	9998	9998	9998	9998	9998	9998	9998	9998	9998	9998
2340	9998	9998	9998	9998	9998	9998	9998	9998	9998	9998	9998	9998	9998
2350	9998	9998	9998	9998	9998	9998	9998	9998	9998	9998	9998	9998	9998
2360	9998	9998	9998	9998	9998	9998	9998	9998	9998	9998	9998	9998	9998
2370	9998	9998	9998	9998	9998	9998	9998	9998	9998	9998	9998	9998	9998
2380	9998	9998	9998	9998	9998	9998	9998	9998	9998	9998	9998	9998	9998
2390	9998	9998	9998	9998	9998	9998	9998	9998	9998	9998	9998	9998	9998
2400	9998	9998	9998	9998	9998	9998	9998	9998	9998	9998	9998	9998	9998
2410	9998	9998	9998	9998	9998	9998	9998	9998	9998	9998	9998	9998	9998
2420	9998	9998	9998	9998	9998	9998	9998	9998	9998	9998	9998	9998	9998
2430	9998	9998	9998	9998	9998	9998	9998	9998	9998	9998	9998	9998	9998
2440	9998	9998	9998	9998	9998	9998	9998	9998	9998	9998	9998	9998	9998
2450	9998	9998	9998	9998	9998	9998	9998	9998	9998	9998	9998	9998	9998
2460	9998	9998	9998	9998	9998	9998	9998	9998	9998	9998	9998	9998	9998
2470	9998	9998	9998	9998	9998	9998	9998	9998	9998	9998	9998	9998	9998
2480	9998	9998	9998	9998	9998	9998	9998	9998	9998	9998	9998	9998	9998
2490	9998	9998	9998	9998	9998	9998	9998	9998	9998	9998	9998	9998	9998
2500	9998	9998	9998	9998	9998	9998	9998	9998	9998	9998	9998	9998	9998

P:	2.5	2.5	2.5	2.5	2.5	2.5	2.5	2.5	2.5	2.5	2.5	2.5	2.5
T:	0.5	0.5	0.5	0.5	0.5	0.5	0.5	0.5	0.5	0.5	0.5	0.5	0.5
WV:	0.15	0.15	0.15	0.13	0.12	0.12	0.12	0.12	0.12	0.13	0.13	0.12	0.12
O3:	5.8	5.8	5.8	5.8	5.8	5.8	5.8	5.8	5.8	5.8	5.8	5.8	5.8
AOD:	0.001	0.001	0.001	0.001	0.001	0.001	0.001	0.001	0.001	0.001	0.001	0.001	0.001
Ang:	0.015	0.016	0.017	0.018	0.019	0.020	0.017	0.017	0.017	0.017	0.016	0.016	0.016
400	0.0038	0.0039	0.0033	0.0039	0.0042	0.0036	0.0035	0.0045	0.0039	0.0033	0.0039	0.0035	0.0036
410	0.0039	0.0040	0.0035	0.0041	0.0043	0.0039	0.0037	0.0046	0.0041	0.0035	0.0040	0.0035	0.0037
420	0.0041	0.0042	0.0038	0.0043	0.0046	0.0043	0.0040	0.0047	0.0043	0.0038	0.0042	0.0037	0.0039
430	0.0044	0.0044	0.0040	0.0046	0.0047	0.0046	0.0043	0.0048	0.0046	0.0040	0.0044	0.0039	0.0039
440	0.0047	0.0047	0.0044	0.0049	0.0050	0.0050	0.0047	0.0050	0.0049	0.0044	0.0046	0.0042	0.0041
450	0.0050	0.0049	0.0047	0.0054	0.0052	0.0056	0.0051	0.0051	0.0054	0.0047	0.0049	0.0044	0.0043
460	0.0054	0.0052	0.0051	0.0058	0.0056	0.0059	0.0055	0.0054	0.0058	0.0051	0.0051	0.0047	0.0045
470	0.0055	0.0054	0.0054	0.0060	0.0059	0.0061	0.0058	0.0055	0.0060	0.0053	0.0053	0.0050	0.0048
480	0.0057	0.0058	0.0056	0.0063	0.0061	0.0064	0.0061	0.0057	0.0063	0.0056	0.0056	0.0053	0.0052
490	0.0060	0.0063	0.0060	0.0067	0.0066	0.0068	0.0065	0.0060	0.0067	0.0060	0.0060	0.0057	0.0057
500	0.0061	0.0068	0.0064	0.0070	0.0071	0.0071	0.0068	0.0064	0.0070	0.0064	0.0062	0.0060	0.0062
510	0.0063	0.0074	0.0067	0.0073	0.0075	0.0075	0.0073	0.0066	0.0073	0.0067	0.0066	0.0063	0.0068
520	0.0065	0.0079	0.0072	0.0077	0.0081	0.0079	0.0078	0.0070	0.0077	0.0072	0.0070	0.0068	0.0075
530	0.0066	0.0084	0.0075	0.0080	0.0083	0.0080	0.0082	0.0073	0.0080	0.0075	0.0073	0.0071	0.0080
540	0.0069	0.0085	0.0078	0.0085	0.0086	0.0082	0.0088	0.0079	0.0085	0.0078	0.0077	0.0075	0.0082
550	0.0073	0.0085	0.0081	0.0092	0.0090	0.0084	0.0096	0.0086	0.0092	0.0081	0.0083	0.0081	0.0084
560	0.0075	0.0085	0.0085	0.0099	0.0092	0.0085	0.0105	0.0095	0.0099	0.0085	0.0089	0.0086	0.0086
570	0.0080	0.0086	0.0087	0.0103	0.0095	0.0092	0.0108	0.0102	0.0103	0.0087	0.0094	0.0090	0.0087
580	0.0090	0.0093	0.0092	0.0107	0.0102	0.0103	0.0113	0.0111	0.0107	0.0092	0.0101	0.0093	0.0094
590	0.0099	0.0100	0.0095	0.0110	0.0107	0.0113	0.0117	0.0120	0.0110	0.0095	0.0108	0.0095	0.0100
600	0.0110	0.0108	0.0099	0.0114	0.0113	0.0119	0.0123	0.0128	0.0114	0.0099	0.0115	0.0099	0.0105
610	0.0117	0.0115	0.0107	0.0122	0.0116	0.0122	0.0129	0.0131	0.0122	0.0107	0.0121	0.0104	0.0112
620	0.0091	0.0090	0.0085	0.0096	0.0089	0.0093	0.0100	0.0100	0.0096	0.0085	0.0094	0.0082	0.0087
630	0.0093	0.0091	0.0087	0.0098	0.0089	0.0093	0.0102	0.0100	0.0098	0.0087	0.0094	0.0084	0.0088
640	0.0098	0.0097	0.0094	0.0104	0.0092	0.0097	0.0107	0.0103	0.0104	0.0094	0.0099	0.0089	0.0093
650	0.0101	0.0099	0.0097	0.0107	0.0093	0.0097	0.0110	0.0104	0.0108	0.0098	0.0101	0.0093	0.0096
660	0.0106	0.0104	0.0102	0.0112	0.0096	0.0101	0.0114	0.0107	0.0112	0.0102	0.0104	0.0097	0.0100
670	0.0109	0.0108	0.0106	0.0117	0.0099	0.0106	0.0117	0.0109	0.0116	0.0106	0.0107	0.0100	0.0103
680	0.0110	0.0108	0.0108	0.0117	0.0100	0.0109	0.0118	0.0109	0.0117	0.0108	0.0105	0.0102	0.0104
690	0.0100	0.0098	0.0099	0.0108	0.0092	0.0102	0.0108	0.0099	0.0108	0.0099	0.0095	0.0093	0.0095
700	0.0112	0.0108	0.0111	0.0119	0.0102	0.0114	0.0119	0.0109	0.0119	0.0111	0.0102	0.0105	0.0106
710	0.0116	0.0112	0.0114	0.0122	0.0105	0.0119	0.0122	0.0111	0.0122	0.0115	0.0102	0.0109	0.0108
720	0.0105	0.0101	0.0105	0.0112	0.0097	0.0112	0.0113	0.0102	0.0113	0.0106	0.0093	0.0101	0.0099
730	0.0110	0.0105	0.0110	0.0118	0.0102	0.0118	0.0118	0.0106	0.0118	0.0112	0.0095	0.0107	0.0104
740	0.0124	0.0117	0.0123	0.0129	0.0112	0.0130	0.0128	0.0116	0.0129	0.0123	0.0103	0.0118	0.0115
750	0.0128	0.0121	0.0127	0.0132	0.0115	0.0135	0.0131	0.0118	0.0132	0.0127	0.0104	0.0122	0.0118
760	0.0087	0.0081	0.0088	0.0091	0.0079	0.0094	0.0090	0.0081	0.0091	0.0088	0.0070	0.0083	0.0080
770	0.0113	0.0106	0.0114	0.0117	0.0102	0.0122	0.0116	0.0104	0.0117	0.0113	0.0089	0.0108	0.0104
780	0.0133	0.0124	0.0132	0.0135	0.0118	0.0142	0.0135	0.0120	0.0135	0.0131	0.0103	0.0127	0.0121
790	0.0131	0.0122	0.0130	0.0134	0.0117	0.0141	0.0133	0.0119	0.0134	0.0130	0.0101	0.0126	0.0120
800	0.0130	0.0122	0.0130	0.0133	0.0117	0.0140	0.0133	0.0118	0.0133	0.0130	0.0101	0.0126	0.0119
810	0.0125	0.0117	0.0125	0.0129	0.0113	0.0136	0.0128	0.0114	0.0129	0.0125	0.0097	0.0121	0.0115
820	0.0113	0.0106	0.0114	0.0119	0.0104	0.0125	0.0118	0.0105	0.0119	0.0115	0.0089	0.0111	0.0105
830	0.0121	0.0113	0.0121	0.0125	0.0110	0.0132	0.0124	0.0111	0.0126	0.0122	0.0095	0.0118	0.0112
840	0.0131	0.0121	0.0130	0.0134	0.0117	0.0140	0.0133	0.0119	0.0134	0.0131	0.0102	0.0126	0.0120
850	0.0134	0.0125	0.0133	0.0137	0.0120	0.0142	0.0136	0.0121	0.0137	0.0133	0.0104	0.0129	0.0123
860	0.0133	0.0125	0.0132	0.0136	0.0119	0.0141	0.0135	0.0121	0.0136	0.0132	0.0105	0.0128	0.0124
870	0.0134	0.0125	0.0132	0.0137	0.0119	0.0141	0.0135	0.0121	0.0137	0.0132	0.0106	0.0128	0.0123
880	0.0132	0.0124	0.0131	0.0135	0.0118	0.0139	0.0134	0.0121	0.0135	0.0131	0.0106	0.0126	0.0123
890	0.0127	0.0119	0.0126	0.0131	0.0114	0.0135	0.0130	0.0117	0.0131	0.0127	0.0103	0.0122	0.0119
900	0.0108	0.0101	0.0108	0.0114	0.0099	0.0117	0.0113	0.0102	0.0115	0.0109	0.0090	0.0106	0.0103
910	0.0103	0.0097	0.0104	0.0111	0.0097	0.0113	0.0111	0.0099	0.0112	0.0106	0.0087	0.0102	0.0100
920	0.0107	0.0101	0.0108	0.0115	0.0100	0.0117	0.0114	0.0103	0.0116	0.0110	0.0091	0.0106	0.0103
930	0.0076	0.0071	0.0078	0.0085	0.0075	0.0087	0.0085	0.0076	0.0087	0.0081	0.0067	0.0077	0.0075
940	0.0056	0.0052	0.0058	0.0066	0.0058	0.0067	0.0066	0.0059	0.0067	0.0062	0.0051	0.0059	0.0057
950	0.0062	0.0057	0.0064	0.0072	0.0063	0.0073	0.0072	0.0064	0.0073	0.0068	0.0056	0.0065	0.0063
960	0.0077	0.0071	0.0079	0.0087	0.0076	0.0088	0.0086	0.0077	0.0088	0.0082	0.0068	0.0079	0.0077
970	0.0104	0.0097	0.0105	0.0112	0.0097	0.0113	0.0110	0.0099	0.0112	0.0107	0.0088	0.0103	0.0100
980	0.0114	0.0107	0.0115	0.0121	0.0105	0.0123	0.0120	0.0107	0.0121	0.0116	0.0096	0.0112	0.0110
990	0.0129	0.0120	0.0128	0.0132	0.0116	0.0136	0.0131	0.0119	0.0132	0.0128	0.0105	0.0124	0.0121
1000	0.0132	0.0123	0.0130	0.0135	0.0117	0.0138	0.0134	0.0120	0.0135	0.0130	0.0107	0.0126	0.0123
1010	0.0153	0.0143	0.0151	0.0156	0.0137	0.0161	0.0155	0.0140	0.0156	0.0151	0.0123	0.0147	0.0143
1020	0.0154	0.0144	0.0153	0.0158	0.0137	0.0162	0.0156	0.0140	0.0158	0.0153	0.0122	0.0149	0.0143
1030	0.0155	0.0145	0.0154	0.0158	0.0138	0.0164	0.0157	0.0141	0.0158	0.0153	0.0122	0.0149	0.0145
1040	0.0157	0.0145	0.0155	0.0159	0.0138	0.0165	0.0157	0.0141	0.0159	0.0155	0.0122	0.0151	0.0145
1050	0.0156	0.0145	0.0156	0.0159	0.0139	0.0166	0.0157	0.0140	0.0159	0.0156	0.0121	0.0151	0.0145
1060	0.0154	0.0143	0.0154	0.0157	0.0137	0.0166	0.0155	0.0139	0.0156	0.0153	0.0118	0.0149	0.0143
1070	0.0155	0.0143	0.0155	0.0157	0.0137	0.0166	0.0155	0.0138	0.0157	0.0155	0.0116	0.0151	0.0143
1080	0.0157	0.0144	0.0157	0.0159	0.0139	0.0168	0.0157	0.0139	0.0159	0.0157	0.0116	0.0154	0.0144
1090	0.0154	0.0141	0.0155	0.0156	0.0139	0.0165	0.0154	0.0138	0.0156	0.0155	0.0112	0.0152	0.0142
1100	0.0141	0.0129	0.0143	0.0145	0.0129	0.0154	0.0144	0.0129	0.0146	0.0145	0.0103	0.0143	0.0132
1110	0.0112	0.0103	0.0116	0.0120	0.0107	0.0126	0.0118	0.0106	0.0121	0.0120	0.0085	0.0117	0.0109
1120	9.0056	9.0051	9.0061	9.0067	9.0060	9.0069	9.0065	9.0059	9.0069	9.0066	9.0047	9.0063	9.0058
1130	9.0049	9.0047	9.0055	9.0061	9.0055	9.0064	9.0061	9.0055	9.0063	9.0060	9.0044	9.0057	9.0053
1140	9.0069	9.0065	9.0076	9.0081	9.0074	9.0085	9.0080	9.0073	9.0083	9.0081	9.0060	9.0077	9.0072
1150	9.0071	9.0067	9.0079	9.0083	9.0076	9.0086	9.0082	9.0075	9.0086	9.0084	9.0062	9.0080	9.0074
1160	0.0110	0.0105	0.0119	0.0121	0.0110	0.0126	0.0118	0.0109	0.0122	0.0123	0.0094	0.0118	0.0112
1170	0.0138	0.0132	0.0148	0.0146	0.0134	0.0154	0.0143	0.0133	0.0147	0.0151	0.0116	0.0145	0.0137
1180	0.0141	0.0135	0.0152	0.0148	0.0139	0.0158	0.0147	0.0136	0.0149	0.0154	0.0121	0.0149	0.0141
1190	0.0146	0.0142	0.0158	0.0153	0.0144	0.0163	0.0152	0.0142	0.0154	0.0160	0.0128	0.0154	0.0147
1200	0.0148	0.0143	0.0160	0.0155	0.0146	0.0165	0.0154	0.0143	0.0155	0.0162	0.0130	0.0156	0.0148
1210	0.0151	0.0147	0.0165	0.0158	0.0149	0.0168	0.0157	0.0146	0.0158	0.0166	0.0135	0.0159	0.0152
1220	0.0158	0.0154	0.0173	0.0164	0.0156	0.0174	0.0162	0.0153	0.0165	0.0174	0.0142	0.0166	0.0159
1230	0.0164	0.0161	0.0180	0.0170	0.0161	0.0180	0.0167	0.0158	0.0170	0.0180	0.0148	0.0172	0.0165
1240	0.0167	0.0165	0.0183	0.0172	0.0164	0.0182	0.0170	0.0161	0.0172	0.0183	0.0152	0.0175	0.0168
1250	0.0163	0.0163	0.0180	0.0169	0.0162	0.0179	0.0167	0.0158	0.0169	0.0180	0.0150	0.0170	0.0166
1260	0.0135	0.0136	0.0151	0.0143	0.0136	0.0148	0.0139	0.0132	0.0143	0.0151	0.0126	0.0141	0.0138
1270	0.0125	0.0126	0.0140	0.0133	0.0126	0.0136	0.0128	0.0123	0.0133	0.0140	0.0118	0.0129	0.0127
1280	0.0146	0.0148	0.0164	0.0153	0.0148	0.0160	0.0152	0.0145	0.0153	0.0164	0.0140	0.0154	0.0151
1290	0.0151	0.0152	0.0170	0.0158	0.0153	0.0165	0.0157	0.0152	0.0158	0.0171	0.0146	0.0161	0.0157
1300	0.0144	0.0146	0.0162	0.0151	0.0148	0.0159	0.0152	0.0147	0.0151	0.0163	0.0141	0.0156	0.0152
1310	0.0131	0.0133	0.0149	0.0141	0.0138	0.0146	0.0141	0.0137	0.0141	0.0151	0.0131	0.0143	0.0140
1320	0.0118	0.0121	0.0134	0.0129	0.0128	0.0135	0.0131	0.0126	0.0130	0.0137	0.0121	0.0131	0.0129
1330	9.0094	9.0097	9.0108	9.0107	9.0106	9.0111	9.0108	9.0105	9.0109	9.0113	9.0099	9.0107	9.0105
1340	9.0075	9.0079	9.0087	9.0089	9.0088	9.0090	9.0089	9.0087	9.0091	9.0092	9.0081	9.0087	9.0086
1350	9.0019	9.0021	9.0023	9.0027	9.0027	9.0027	9.0027	9.0026	9.0029	9.0026	9.0023	9.0025	9.0024
1360	9.0002	9.0001	9.0001	9.0002	9.0002	9.0001	9.0002	9.0002	9.0002	9.0002	9.0002	9.0002	9.0002
1370	9.0001	9.0001	9.0001	9.0002	9.0002	9.0001	9.0002	9.0002	9.0002	9.0002	9.0002	9.0002	9.0001
1380	9.0002	9.0002	9.0002	9.0003	9.0002	9.0002	9.0003	9.0003	9.0003	9.0003	9.0003	9.0003	9.0002
1390	9.0003	9.0002	9.0003	9.0004	9.0004	9.0003	9.0005	9.0004	9.0005	9.0004	9.0004	9.0005	9.0004
1400	9.0004	9.0003	9.0003	9.0005	9.0004	9.0004	9.0006	9.0004	9.0006	9.0005	9.0005	9.0006	9.0005
1410	9.0005	9.0005	9.0006	9.0009	9.0008	9.0008	9.0009	9.0007	9.0010	9.0008	9.0007	9.0008	9.0007
1420	9.0013	9.0014	9.0016	9.0021	9.0020	9.0020	9.0020	9.0017	9.0022	9.0019	9.0015	9.0017	9.0016
1430	9.0022	9.0024	9.0027	9.0032	9.0031	9.0031	9.0031	9.0029	9.0034	9.0031	9.0025	9.0027	9.0027
1440	9.0025	9.0027	9.0030	9.0036	9.0035	9.0035	9.0035	9.0033	9.0038	9.0035	9.0029	9.0031	9.0031
1450	9.0041	9.0043	9.0048	9.0054	9.0054	9.0054	9.0054	9.0052	9.0056	9.0054	9.0047	9.0050	9.0049
1460	9.0060	9.0063	9.0070	9.0075	9.0075	9.0076	9.0076	9.0074	9.0077	9.0076	9.0068	9.0073	9.0071
1470	9.0046	9.0049	9.0054	9.0059	9.0060	9.0059	9.0061	9.0059	9.0062	9.0059	9.0053	9.0057	9.0056
1480	9.0060	9.0063	9.0069	9.0074	9.0076	9.0075	9.0076	9.0075	9.0077	9.0075	9.0068	9.0073	9.0071
1490	9.0090	9.0093	9.0101	9.0103	9.0105	9.0105	9.0107	9.0107	9.0105	9.0106	9.0098	9.0106	9.0103
1500	0.0120	0.0125	0.0133	0.0131	0.0134	0.0134	0.0136	0.0137	0.0132	0.0136	0.0128	0.0139	0.0135
1510	0.0134	0.0140	0.0146	0.0142	0.0148	0.0146	0.0149	0.0151	0.0143	0.0149	0.0142	0.0154	0.0150
1520	0.0146	0.0151	0.0158	0.0152	0.0159	0.0157	0.0160	0.0163	0.0153	0.0159	0.0153	0.0167	0.0161
1530	0.0152	0.0159	0.0164	0.0157	0.0166	0.0163	0.0166	0.0170	0.0157	0.0165	0.0161	0.0173	0.0168
1540	0.0156	0.0162	0.0167	0.0159	0.0168	0.0164	0.0168	0.0173	0.0159	0.0168	0.0163	0.0177	0.0171
1550	0.0159	0.0166	0.0170	0.0162	0.0171	0.0167	0.0171	0.0176	0.0162	0.0170	0.0168	0.0181	0.0175
1560	0.0160	0.0167	0.0171	0.0162	0.0173	0.0168	0.0173	0.0178	0.0161	0.0171	0.0169	0.0183	0.0176
1570	0.0148	0.0155	0.0158	0.0152	0.0161	0.0156	0.0161	0.0166	0.0151	0.0158	0.0156	0.0169	0.0162
1580	0.0147	0.0154	0.0158	0.0151	0.0161	0.0155	0.0161	0.0166	0.0151	0.0158	0.0156	0.0169	0.0162
1590	0.0158	0.0167	0.0168	0.0161	0.0172	0.0166	0.0172	0.0178	0.0161	0.0168	0.0169	0.0182	0.0176
1600	0.0149	0.0156	0.0158	0.0152	0.0163	0.0156	0.0163	0.0169	0.0152	0.0158	0.0158	0.0171	0.0164
1610	0.0147	0.0154	0.0157	0.0151	0.0161	0.0154	0.0161	0.0167	0.0151	0.0157	0.0156	0.0169	0.0162
1620	0.0158	0.0166	0.0168	0.0161	0.0173	0.0165	0.0172	0.0179	0.0160	0.0167	0.0169	0.0182	0.0175
1630	0.0159	0.0167	0.0168	0.0161	0.0173	0.0165	0.0173	0.0180	0.0161	0.0168	0.0169	0.0183	0.0176
1640	0.0155	0.0164	0.0164	0.0158	0.0170	0.0162	0.0169	0.0177	0.0157	0.0164	0.0167	0.0179	0.0173
1650	0.0154	0.0163	0.0163	0.0157	0.0169	0.0161	0.0168	0.0176	0.0156	0.0163	0.0166	0.0178	0.0172
1660	0.0156	0.0164	0.0164	0.0158	0.0172	0.0163	0.0171	0.0178	0.0158	0.0164	0.0168	0.0181	0.0173
1670	0.0155	0.0164	0.0164	0.0158	0.0171	0.0162	0.0170	0.0178	0.0158	0.0164	0.0167	0.0181	0.0173
1680	0.0158	0.0166	0.0166	0.0160	0.0173	0.0164	0.0173	0.0181	0.0160	0.0167	0.0170	0.0183	0.0176
1690	0.0156	0.0164	0.0164	0.0158	0.0172	0.0163	0.0171	0.0179	0.0158	0.0165	0.0168	0.0181	0.0174
1700	0.0153	0.0162	0.0162	0.0156	0.0170	0.0161	0.0169	0.0177	0.0156	0.0163	0.0166	0.0179	0.0171
1710	0.0151	0.0159	0.0160	0.0155	0.0168	0.0159	0.0167	0.0175	0.0155	0.0161	0.0163	0.0177	0.0169
1720	0.0148	0.0156	0.0157	0.0152	0.0165	0.0156	0.0165	0.0172	0.0153	0.0158	0.0161	0.0174	0.0166
1730	0.0145	0.0153	0.0154	0.0149	0.0162	0.0154	0.0162	0.0168	0.0149	0.0155	0.0157	0.0170	0.0163
1740	0.0140	0.0147	0.0150	0.0146	0.0157	0.0150	0.0157	0.0163	0.0146	0.0151	0.0152	0.0165	0.0157
1750	0.0139	0.0145	0.0148	0.0144	0.0155	0.0148	0.0155	0.0161	0.0145	0.0150	0.0150	0.0163	0.0155
1760	0.0134	0.0141	0.0143	0.0140	0.0150	0.0144	0.0150	0.0155	0.0141	0.0145	0.0145	0.0157	0.0151
1770	0.0121	0.0126	0.0131	0.0130	0.0138	0.0133	0.0139	0.0143	0.0131	0.0134	0.0131	0.0143	0.0137
1780	0.0100	0.0104	0.0109	0.0111	0.0118	0.0113	0.0118	0.0121	0.0112	0.0113	0.0110	0.0120	0.0115
1790	9.0080	9.0085	9.0089	9.0093	9.0099	9.0094	9.0099	9.0101	9.0095	9.0093	9.0090	9.0098	9.0095
1800	9.0042	9.0044	9.0047	9.0054	9.0057	9.0053	9.0057	9.0056	9.0056	9.0052	9.0049	9.0054	9.0051
1810	9.0019	9.0021	9.0022	9.0029	9.0031	9.0028	9.0032	9.0031	9.0031	9.0026	9.0025	9.0027	9.0026
1820	9998	9998	9998	9998	9998	9998	9998	9998	9998	9998	9998	9998	9998
1830	9998	9998	9998	9998	9998	9998	9998	9998	9998	9998	9998	9998	9998
1840	9998	9998	9998	9998	9998	9998	9998	9998	9998	9998	9998	9998	9998
1850	9998	9998	9998	9998	9998	9998	9998	9998	9998	9998	9998	9998	9998
1860	9998	9998	9998	9998	9998	9998	9998	9998	9998	9998	9998	9998	9998
1870	9998	9998	9998	9998	9998	9998	9998	9998	9998	9998	9998	9998	9998
1880	9998	9998	9998	9998	9998	9998	9998	9998	9998	9998	9998	9998	9998
1890	9998	9998	9998	9998	9998	9998	9998	9998	9998	9998	9998	9998	9998
1900	9998	9998	9998	9998	9998	9998	9998	9998	9998	9998	9998	9998	9998
1910	9998	9998	9998	9998	9998	9998	9998	9998	9998	9998	9998	9998	9998
1920	9.0007	9.0006	9.0006	9.0009	9.0007	9.0007	9.0010	9.0008	9.0010	9.0009	9.0010	9.0013	9.0011
1930	9.0007	9.0007	9.0007	9.0010	9.0010	9.0009	9.0012	9.0009	9.0012	9.0010	9.0010	9.0013	9.0011
1940	9.0013	9.0013	9.0015	9.0020	9.0018	9.0019	9.0020	9.0017	9.0021	9.0018	9.0014	9.0016	9.0015
1950	9.0020	9.0020	9.0024	9.0028	9.0026	9.0028	9.0027	9.0025	9.0030	9.0027	9.0020	9.0024	9.0023
1960	9.0025	9.0025	9.0029	9.0033	9.0029	9.0032	9.0030	9.0028	9.0034	9.0032	9.0024	9.0028	9.0027
1970	9.0062	9.0060	9.0069	9.0071	9.0064	9.0072	9.0067	9.0063	9.0072	9.0072	9.0056	9.0066	9.0064
1980	0.0098	0.0096	0.0108	0.0108	0.0100	0.0112	0.0105	0.0098	0.0109	0.0111	0.0089	0.0105	0.0102
1990	0.0110	0.0108	0.0121	0.0119	0.0112	0.0125	0.0117	0.0110	0.0120	0.0124	0.0100	0.0117	0.0113
2000	0.0046	0.0046	0.0052	0.0053	0.0048	0.0051	0.0048	0.0046	0.0053	0.0053	0.0042	0.0047	0.0046
2010	0.0024	0.0027	0.0029	0.0030	0.0027	0.0027	0.0026	0.0025	0.0030	0.0029	0.0023	0.0023	0.0023
2020	0.0051	0.0054	0.0058	0.0059	0.0054	0.0056	0.0054	0.0052	0.0059	0.0059	0.0049	0.0051	0.0052
2030	0.0112	0.0115	0.0127	0.0121	0.0116	0.0124	0.0117	0.0113	0.0121	0.0128	0.0108	0.0117	0.0117
2040	0.0128	0.0130	0.0144	0.0135	0.0131	0.0140	0.0134	0.0129	0.0135	0.0145	0.0123	0.0135	0.0132
2050	0.0094	0.0097	0.0106	0.0101	0.0097	0.0102	0.0098	0.0095	0.0101	0.0106	0.0091	0.0096	0.0097
2060	0.0085	0.0088	0.0097	0.0093	0.0089	0.0094	0.0090	0.0088	0.0093	0.0097	0.0083	0.0087	0.0088
2070	0.0093	0.0097	0.0106	0.0102	0.0097	0.0102	0.0098	0.0096	0.0102	0.0106	0.0091	0.0095	0.0096
2080	0.0125	0.0128	0.0141	0.0132	0.0128	0.0137	0.0130	0.0126	0.0132	0.0141	0.0121	0.0131	0.0129
2090	0.0138	0.0141	0.0155	0.0144	0.0141	0.0150	0.0144	0.0139	0.0144	0.0156	0.0134	0.0146	0.0144
2100	0.0147	0.0148	0.0165	0.0153	0.0149	0.0161	0.0153	0.0147	0.0153	0.0166	0.0142	0.0157	0.0153
2110	0.0152	0.0154	0.0170	0.0156	0.0154	0.0165	0.0157	0.0152	0.0157	0.0170	0.0147	0.0161	0.0158
2120	0.0152	0.0153	0.0170	0.0157	0.0154	0.0165	0.0158	0.0153	0.0157	0.0170	0.0148	0.0162	0.0158
2130	0.0156	0.0158	0.0173	0.0160	0.0158	0.0168	0.0161	0.0157	0.0160	0.0173	0.0152	0.0167	0.0163
2140	0.0158	0.0159	0.0176	0.0162	0.0160	0.0170	0.0163	0.0158	0.0162	0.0176	0.0153	0.0169	0.0164
2150	0.0153	0.0153	0.0171	0.0158	0.0154	0.0166	0.0158	0.0152	0.0158	0.0171	0.0146	0.0163	0.0158
2160	0.0150	0.0149	0.0165	0.0155	0.0149	0.0165	0.0154	0.0146	0.0155	0.0166	0.0139	0.0158	0.0153
2170	0.0150	0.0145	0.0162	0.0153	0.0145	0.0163	0.0152	0.0143	0.0153	0.0162	0.0132	0.0156	0.0149
2180	0.0148	0.0140	0.0156	0.0150	0.0140	0.0160	0.0149	0.0139	0.0150	0.0157	0.0123	0.0152	0.0144
2190	0.0147	0.0136	0.0151	0.0148	0.0135	0.0157	0.0146	0.0135	0.0148	0.0152	0.0115	0.0148	0.0139
2200	0.0138	0.0126	0.0140	0.0139	0.0126	0.0147	0.0137	0.0126	0.0139	0.0140	0.0104	0.0138	0.0129
2210	0.0148	0.0134	0.0149	0.0147	0.0132	0.0156	0.0145	0.0132	0.0147	0.0149	0.0109	0.0147	0.0136
2220	0.0148	0.0136	0.0150	0.0148	0.0133	0.0156	0.0146	0.0133	0.0148	0.0150	0.0111	0.0147	0.0138
2230	0.0147	0.0135	0.0149	0.0147	0.0132	0.0155	0.0145	0.0132	0.0147	0.0149	0.0110	0.0146	0.0136
2240	0.0145	0.0132	0.0147	0.0145	0.0130	0.0153	0.0142	0.0130	0.0145	0.0147	0.0108	0.0143	0.0134
2250	0.0141	0.0128	0.0143	0.0141	0.0126	0.0149	0.0139	0.0127	0.0141	0.0143	0.0104	0.0139	0.0130
2260	0.0136	0.0124	0.0138	0.0136	0.0122	0.0143	0.0133	0.0122	0.0136	0.0138	0.0100	0.0133	0.0125
2270	0.0135	0.0121	0.0136	0.0135	0.0120	0.0142	0.0132	0.0121	0.0135	0.0136	0.0098	0.0132	0.0123
2280	0.0135	0.0121	0.0135	0.0135	0.0119	0.0141	0.0132	0.0120	0.0135	0.0135	0.0096	0.0132	0.0122
2290	0.0128	0.0115	0.0128	0.0129	0.0113	0.0136	0.0126	0.0114	0.0129	0.0128	0.0094	0.0124	0.0116
2300	0.0122	0.0111	0.0122	0.0125	0.0108	0.0131	0.0122	0.0110	0.0125	0.0122	0.0093	0.0118	0.0112
2310	9998	9998	9998	9998	9998	9998	9998	9998	9998	9998	9998	9998	9998
2320	9998	9998	9998	9998	9998	9998	9998	9998	9998	9998	9998	9998	9998
2330	9998	9998	9998	9998	9998	9998	9998	9998	9998	9998	9998	9998	9998
2340	9998	9998	9998	9998	9998	9998	9998	9998	9998	9998	9998	9998	9998
2350	9998	9998	9998	9998	9998	9998	9998	9998	9998	9998	9998	9998	9998
2360	9998	9998	9998	9998	9998	9998	9998	9998	9998	9998	9998	9998	9998
2370	9998	9998	9998	9998	9998	9998	9998	9998	9998	9998	9998	9998	9998
2380	9998	9998	9998	9998	9998	9998	9998	9998	9998	9998	9998	9998	9998
2390	9998	9998	9998	9998	9998	9998	9998	9998	9998	9998	9998	9998	9998
2400	9998	9998	9998	9998	9998	9998	9998	9998	9998	9998	9998	9998	9998
2410	9998	9998	9998	9998	9998	9998	9998	9998	9998	9998	9998	9998	9998
2420	9998	9998	9998	9998	9998	9998	9998	9998	9998	9998	9998	9998	9998
2430	9998	9998	9998	9998	9998	9998	9998	9998	9998	9998	9998	9998	9998
2440	9998	9998	9998	9998	9998	9998	9998	9998	9998	9998	9998	9998	9998
2450	9998	9998	9998	9998	9998	9998	9998	9998	9998	9998	9998	9998	9998
2460	9998	9998	9998	9998	9998	9998	9998	9998	9998	9998	9998	9998	9998
2470	9998	9998	9998	9998	9998	9998	9998	9998	9998	9998	9998	9998	9998
2480	9998	9998	9998	9998	9998	9998	9998	9998	9998	9998	9998	9998	9998
2490	9998	9998	9998	9998	9998	9998	9998	9998	9998	9998	9998	9998	9998
2500	9998	9998	9998	9998	9998	9998	9998	9998	9998	9998	9998	9998	9998